[1.136s] Invoking command in '/home/kmw/2025IEVE/lidar_ws/src/centroids': PYTHONPATH=/home/kmw/2025IEVE/lidar_ws/build/centroids/prefix_override:/usr/lib/python3/dist-packages/colcon_core/task/python/colcon_distutils_commands:/home/kmw/2025IEVE/lidar_ws/install/centroids/lib/python3.10/site-packages:${PYTHONPATH} /usr/bin/python3 -W ignore:setup.py install is deprecated -W ignore:easy_install command is deprecated setup.py egg_info --egg-base ../../build/centroids build --build-base /home/kmw/2025IEVE/lidar_ws/build/centroids/build install --record /home/kmw/2025IEVE/lidar_ws/build/centroids/install.log --single-version-externally-managed install_data
[1.430s] running egg_info
[1.451s] writing ../../build/centroids/centroids.egg-info/PKG-INFO
[1.452s] writing dependency_links to ../../build/centroids/centroids.egg-info/dependency_links.txt
[1.452s] writing entry points to ../../build/centroids/centroids.egg-info/entry_points.txt
[1.452s] writing requirements to ../../build/centroids/centroids.egg-info/requires.txt
[1.452s] writing top-level names to ../../build/centroids/centroids.egg-info/top_level.txt
[1.490s] reading manifest file '../../build/centroids/centroids.egg-info/SOURCES.txt'
[1.491s] writing manifest file '../../build/centroids/centroids.egg-info/SOURCES.txt'
[1.492s] running build
[1.492s] running build_py
[1.492s] copying centroids/centroids_visualize.py -> /home/kmw/2025IEVE/lidar_ws/build/centroids/build/lib/centroids
[1.492s] copying centroids/lr_dis.py -> /home/kmw/2025IEVE/lidar_ws/build/centroids/build/lib/centroids
[1.492s] copying centroids/__init__.py -> /home/kmw/2025IEVE/lidar_ws/build/centroids/build/lib/centroids
[1.492s] copying centroids/center_line.py -> /home/kmw/2025IEVE/lidar_ws/build/centroids/build/lib/centroids
[1.493s] running install
[1.498s] running install_lib
[1.516s] copying /home/kmw/2025IEVE/lidar_ws/build/centroids/build/lib/centroids/centroids_visualize.py -> /home/kmw/2025IEVE/lidar_ws/install/centroids/lib/python3.10/site-packages/centroids
[1.516s] byte-compiling /home/kmw/2025IEVE/lidar_ws/install/centroids/lib/python3.10/site-packages/centroids/centroids_visualize.py to centroids_visualize.cpython-310.pyc
[1.517s] running install_data
[1.518s] copying resource/centroids -> /home/kmw/2025IEVE/lidar_ws/install/centroids/share/ament_index/resource_index/packages
[1.518s] copying package.xml -> /home/kmw/2025IEVE/lidar_ws/install/centroids/share/centroids
[1.518s] running install_egg_info
[1.538s] removing '/home/kmw/2025IEVE/lidar_ws/install/centroids/lib/python3.10/site-packages/centroids-0.0.0-py3.10.egg-info' (and everything under it)
[1.539s] Copying ../../build/centroids/centroids.egg-info to /home/kmw/2025IEVE/lidar_ws/install/centroids/lib/python3.10/site-packages/centroids-0.0.0-py3.10.egg-info
[1.539s] running install_scripts
[1.693s] Installing centroids_visualize script to /home/kmw/2025IEVE/lidar_ws/install/centroids/lib/centroids
[1.693s] Installing lr_dis script to /home/kmw/2025IEVE/lidar_ws/install/centroids/lib/centroids
[1.694s] writing list of installed files to '/home/kmw/2025IEVE/lidar_ws/build/centroids/install.log'
[1.725s] Invoked command in '/home/kmw/2025IEVE/lidar_ws/src/centroids' returned '0': PYTHONPATH=/home/kmw/2025IEVE/lidar_ws/build/centroids/prefix_override:/usr/lib/python3/dist-packages/colcon_core/task/python/colcon_distutils_commands:/home/kmw/2025IEVE/lidar_ws/install/centroids/lib/python3.10/site-packages:${PYTHONPATH} /usr/bin/python3 -W ignore:setup.py install is deprecated -W ignore:easy_install command is deprecated setup.py egg_info --egg-base ../../build/centroids build --build-base /home/kmw/2025IEVE/lidar_ws/build/centroids/build install --record /home/kmw/2025IEVE/lidar_ws/build/centroids/install.log --single-version-externally-managed install_data
