running egg_info
writing ../../build/mega_con/mega_con.egg-info/PKG-INFO
writing dependency_links to ../../build/mega_con/mega_con.egg-info/dependency_links.txt
writing entry points to ../../build/mega_con/mega_con.egg-info/entry_points.txt
writing requirements to ../../build/mega_con/mega_con.egg-info/requires.txt
writing top-level names to ../../build/mega_con/mega_con.egg-info/top_level.txt
reading manifest file '../../build/mega_con/mega_con.egg-info/SOURCES.txt'
writing manifest file '../../build/mega_con/mega_con.egg-info/SOURCES.txt'
running build
running build_py
copying mega_con/joy_con.py -> /home/kmw/2025IEVE/Arduino_Control/ros2_con/build/mega_con/build/lib/mega_con
copying mega_con/motor_con.py -> /home/kmw/2025IEVE/Arduino_Control/ros2_con/build/mega_con/build/lib/mega_con
copying mega_con/__init__.py -> /home/kmw/2025IEVE/Arduino_Control/ros2_con/build/mega_con/build/lib/mega_con
copying mega_con/tel_motor.py -> /home/kmw/2025IEVE/Arduino_Control/ros2_con/build/mega_con/build/lib/mega_con
running install
running install_lib
running install_data
copying resource/mega_con -> /home/kmw/2025IEVE/Arduino_Control/ros2_con/install/mega_con/share/ament_index/resource_index/packages
copying package.xml -> /home/kmw/2025IEVE/Arduino_Control/ros2_con/install/mega_con/share/mega_con
copying launch/joy_launch.py -> /home/kmw/2025IEVE/Arduino_Control/ros2_con/install/mega_con/share/mega_con/launch
running install_egg_info
removing '/home/kmw/2025IEVE/Arduino_Control/ros2_con/install/mega_con/lib/python3.10/site-packages/mega_con-0.0.1-py3.10.egg-info' (and everything under it)
Copying ../../build/mega_con/mega_con.egg-info to /home/kmw/2025IEVE/Arduino_Control/ros2_con/install/mega_con/lib/python3.10/site-packages/mega_con-0.0.1-py3.10.egg-info
running install_scripts
Installing con script to /home/kmw/2025IEVE/Arduino_Control/ros2_con/install/mega_con/lib/mega_con
Installing joy_con script to /home/kmw/2025IEVE/Arduino_Control/ros2_con/install/mega_con/lib/mega_con
Installing tel script to /home/kmw/2025IEVE/Arduino_Control/ros2_con/install/mega_con/lib/mega_con
writing list of installed files to '/home/kmw/2025IEVE/Arduino_Control/ros2_con/build/mega_con/install.log'
