[1.095s] Invoking command in '/home/kmw/2025IEVE/lidar_ws/src/centeroids': CONDA_PROMPT_MODIFIER=(base) PYTHONPATH=/home/kmw/2025IEVE/lidar_ws/build/centeroids/prefix_override:/usr/lib/python3/dist-packages/colcon_core/task/python/colcon_distutils_commands:/home/kmw/2025IEVE/lidar_ws/install/centeroids/lib/python3.10/site-packages:${PYTHONPATH} /usr/bin/python3 -W ignore:setup.py install is deprecated -W ignore:easy_install command is deprecated setup.py egg_info --egg-base ../../build/centeroids build --build-base /home/kmw/2025IEVE/lidar_ws/build/centeroids/build install --record /home/kmw/2025IEVE/lidar_ws/build/centeroids/install.log --single-version-externally-managed install_data
[1.255s] /home/kmw/miniconda3/envs/ros2_py310/lib/python3.10/site-packages/setuptools/_distutils/dist.py:261: UserWarning: Unknown distribution option: 'tests_require'
[1.255s]   warnings.warn(msg)
[1.400s] running egg_info
[1.422s] creating ../../build/centeroids/centeroids.egg-info
[1.422s] writing ../../build/centeroids/centeroids.egg-info/PKG-INFO
[1.422s] writing dependency_links to ../../build/centeroids/centeroids.egg-info/dependency_links.txt
[1.423s] writing entry points to ../../build/centeroids/centeroids.egg-info/entry_points.txt
[1.423s] writing requirements to ../../build/centeroids/centeroids.egg-info/requires.txt
[1.423s] writing top-level names to ../../build/centeroids/centeroids.egg-info/top_level.txt
[1.423s] writing manifest file '../../build/centeroids/centeroids.egg-info/SOURCES.txt'
[1.468s] reading manifest file '../../build/centeroids/centeroids.egg-info/SOURCES.txt'
[1.470s] writing manifest file '../../build/centeroids/centeroids.egg-info/SOURCES.txt'
[1.470s] running build
[1.470s] running build_py
[1.470s] creating /home/kmw/2025IEVE/lidar_ws/build/centeroids/build/lib/centeroids
[1.470s] copying centeroids/__init__.py -> /home/kmw/2025IEVE/lidar_ws/build/centeroids/build/lib/centeroids
[1.470s] copying centeroids/cal_cen.py -> /home/kmw/2025IEVE/lidar_ws/build/centeroids/build/lib/centeroids
[1.470s] running install
[1.476s] running install_lib
[1.498s] creating /home/kmw/2025IEVE/lidar_ws/install/centeroids/lib/python3.10/site-packages/centeroids
[1.498s] copying /home/kmw/2025IEVE/lidar_ws/build/centeroids/build/lib/centeroids/__init__.py -> /home/kmw/2025IEVE/lidar_ws/install/centeroids/lib/python3.10/site-packages/centeroids
[1.498s] copying /home/kmw/2025IEVE/lidar_ws/build/centeroids/build/lib/centeroids/cal_cen.py -> /home/kmw/2025IEVE/lidar_ws/install/centeroids/lib/python3.10/site-packages/centeroids
[1.498s] byte-compiling /home/kmw/2025IEVE/lidar_ws/install/centeroids/lib/python3.10/site-packages/centeroids/__init__.py to __init__.cpython-310.pyc
[1.499s] byte-compiling /home/kmw/2025IEVE/lidar_ws/install/centeroids/lib/python3.10/site-packages/centeroids/cal_cen.py to cal_cen.cpython-310.pyc
[1.499s] running install_data
[1.499s] creating /home/kmw/2025IEVE/lidar_ws/install/centeroids/share/ament_index/resource_index/packages
[1.500s] copying resource/centeroids -> /home/kmw/2025IEVE/lidar_ws/install/centeroids/share/ament_index/resource_index/packages
[1.500s] copying package.xml -> /home/kmw/2025IEVE/lidar_ws/install/centeroids/share/centeroids
[1.500s] running install_egg_info
[1.522s] Copying ../../build/centeroids/centeroids.egg-info to /home/kmw/2025IEVE/lidar_ws/install/centeroids/lib/python3.10/site-packages/centeroids-0.0.0-py3.10.egg-info
[1.523s] running install_scripts
[1.673s] Installing cal_cen script to /home/kmw/2025IEVE/lidar_ws/install/centeroids/lib/centeroids
[1.673s] writing list of installed files to '/home/kmw/2025IEVE/lidar_ws/build/centeroids/install.log'
[1.700s] Invoked command in '/home/kmw/2025IEVE/lidar_ws/src/centeroids' returned '0': CONDA_PROMPT_MODIFIER=(base) PYTHONPATH=/home/kmw/2025IEVE/lidar_ws/build/centeroids/prefix_override:/usr/lib/python3/dist-packages/colcon_core/task/python/colcon_distutils_commands:/home/kmw/2025IEVE/lidar_ws/install/centeroids/lib/python3.10/site-packages:${PYTHONPATH} /usr/bin/python3 -W ignore:setup.py install is deprecated -W ignore:easy_install command is deprecated setup.py egg_info --egg-base ../../build/centeroids build --build-base /home/kmw/2025IEVE/lidar_ws/build/centeroids/build install --record /home/kmw/2025IEVE/lidar_ws/build/centeroids/install.log --single-version-externally-managed install_data
