running egg_info
creating ../../build/centroids/centroids.egg-info
writing ../../build/centroids/centroids.egg-info/PKG-INFO
writing dependency_links to ../../build/centroids/centroids.egg-info/dependency_links.txt
writing entry points to ../../build/centroids/centroids.egg-info/entry_points.txt
writing requirements to ../../build/centroids/centroids.egg-info/requires.txt
writing top-level names to ../../build/centroids/centroids.egg-info/top_level.txt
writing manifest file '../../build/centroids/centroids.egg-info/SOURCES.txt'
reading manifest file '../../build/centroids/centroids.egg-info/SOURCES.txt'
writing manifest file '../../build/centroids/centroids.egg-info/SOURCES.txt'
running build
running build_py
creating /home/kmw/2025IEVE/lidar_ws/build/centroids/build/lib/centroids
copying centroids/centroids_visualize.py -> /home/kmw/2025IEVE/lidar_ws/build/centroids/build/lib/centroids
copying centroids/__init__.py -> /home/kmw/2025IEVE/lidar_ws/build/centroids/build/lib/centroids
running install
running install_lib
creating /home/kmw/2025IEVE/lidar_ws/install/centroids/lib/python3.10/site-packages/centroids
copying /home/kmw/2025IEVE/lidar_ws/build/centroids/build/lib/centroids/centroids_visualize.py -> /home/kmw/2025IEVE/lidar_ws/install/centroids/lib/python3.10/site-packages/centroids
copying /home/kmw/2025IEVE/lidar_ws/build/centroids/build/lib/centroids/__init__.py -> /home/kmw/2025IEVE/lidar_ws/install/centroids/lib/python3.10/site-packages/centroids
byte-compiling /home/kmw/2025IEVE/lidar_ws/install/centroids/lib/python3.10/site-packages/centroids/centroids_visualize.py to centroids_visualize.cpython-310.pyc
byte-compiling /home/kmw/2025IEVE/lidar_ws/install/centroids/lib/python3.10/site-packages/centroids/__init__.py to __init__.cpython-310.pyc
running install_data
creating /home/kmw/2025IEVE/lidar_ws/install/centroids/share/ament_index/resource_index/packages
copying resource/centroids -> /home/kmw/2025IEVE/lidar_ws/install/centroids/share/ament_index/resource_index/packages
copying package.xml -> /home/kmw/2025IEVE/lidar_ws/install/centroids/share/centroids
running install_egg_info
Copying ../../build/centroids/centroids.egg-info to /home/kmw/2025IEVE/lidar_ws/install/centroids/lib/python3.10/site-packages/centroids-0.0.0-py3.10.egg-info
running install_scripts
Installing centroids_visualize script to /home/kmw/2025IEVE/lidar_ws/install/centroids/lib/centroids
writing list of installed files to '/home/kmw/2025IEVE/lidar_ws/build/centroids/install.log'
