[0.013s] Invoking command in '/home/kmw/2025IEVE/lidar_ws/build/laser_segmentation': CMAKE_PREFIX_PATH=/opt/ros/humble CONDA_PROMPT_MODIFIER=(base) /usr/bin/cmake /home/kmw/2025IEVE/lidar_ws/src/laser_segmentation -DCMAKE_INSTALL_PREFIX=/home/kmw/2025IEVE/lidar_ws/install/laser_segmentation
[0.121s] -- The C compiler identification is GNU 11.4.0
[0.209s] -- The CXX compiler identification is GNU 11.4.0
[0.218s] -- Detecting C compiler ABI info
[0.281s] -- Detecting C compiler ABI info - done
[0.288s] -- Check for working C compiler: /usr/bin/cc - skipped
[0.289s] -- Detecting C compile features
[0.289s] -- Detecting C compile features - done
[0.292s] -- Detecting CXX compiler ABI info
[0.361s] -- Detecting CXX compiler ABI info - done
[0.369s] -- Check for working CXX compiler: /usr/bin/c++ - skipped
[0.369s] -- Detecting CXX compile features
[0.370s] -- Detecting CXX compile features - done
[0.370s] -- Setting build type to Release as none was specified.
[0.374s] -- Found ament_cmake: 1.3.10 (/opt/ros/humble/share/ament_cmake/cmake)
[0.507s] -- Found Python3: /home/kmw/miniconda3/bin/python3 (found version "3.12.4") found components: Interpreter 
[0.629s] -- Found rclcpp: 16.0.10 (/opt/ros/humble/share/rclcpp/cmake)
[0.674s] -- Found rosidl_generator_c: 3.1.5 (/opt/ros/humble/share/rosidl_generator_c/cmake)
[0.679s] -- Found rosidl_adapter: 3.1.5 (/opt/ros/humble/share/rosidl_adapter/cmake)
[0.689s] -- Found rosidl_generator_cpp: 3.1.5 (/opt/ros/humble/share/rosidl_generator_cpp/cmake)
[0.702s] -- Using all available rosidl_typesupport_c: rosidl_typesupport_fastrtps_c;rosidl_typesupport_introspection_c
[0.719s] -- Using all available rosidl_typesupport_cpp: rosidl_typesupport_fastrtps_cpp;rosidl_typesupport_introspection_cpp
[0.767s] -- Found rmw_implementation_cmake: 6.1.2 (/opt/ros/humble/share/rmw_implementation_cmake/cmake)
[0.770s] -- Found rmw_fastrtps_cpp: 6.2.7 (/opt/ros/humble/share/rmw_fastrtps_cpp/cmake)
[0.846s] -- Found OpenSSL: /usr/lib/x86_64-linux-gnu/libcrypto.so (found version "3.0.2")  
[0.870s] -- Found FastRTPS: /opt/ros/humble/include  
[0.905s] -- Using RMW implementation 'rmw_fastrtps_cpp' as default
[0.915s] -- Looking for pthread.h
[0.981s] -- Looking for pthread.h - found
[0.982s] -- Performing Test CMAKE_HAVE_LIBC_PTHREAD
[1.044s] -- Performing Test CMAKE_HAVE_LIBC_PTHREAD - Success
[1.045s] -- Found Threads: TRUE  
[1.105s] -- Found rclcpp_lifecycle: 16.0.10 (/opt/ros/humble/share/rclcpp_lifecycle/cmake)
[1.129s] -- Found rclcpp_components: 16.0.10 (/opt/ros/humble/share/rclcpp_components/cmake)
[1.160s] -- Found sensor_msgs: 4.2.4 (/opt/ros/humble/share/sensor_msgs/cmake)
[1.193s] -- Found visualization_msgs: 4.2.4 (/opt/ros/humble/share/visualization_msgs/cmake)
[1.214s] -- Found slg_msgs: 3.9.1 (/opt/ros/humble/share/slg_msgs/cmake)
[1.232s] -- Found ament_lint_auto: 0.12.11 (/opt/ros/humble/share/ament_lint_auto/cmake)
[1.342s] -- Found gtest sources under '/opt/ros/humble/src/gtest_vendor': C++ tests using 'Google Test' will be built
[1.357s] -- Added test 'cppcheck' to perform static code analysis on C / C++ code
[1.357s] -- Configured cppcheck include dirs: $<BUILD_INTERFACE:/home/kmw/2025IEVE/lidar_ws/src/laser_segmentation/include>
[1.357s] -- Configured cppcheck exclude dirs and/or files: 
[1.360s] -- Added test 'cpplint' to check C / C++ code against the Google style
[1.360s] -- Configured cpplint exclude dirs and/or files: 
[1.361s] -- Added test 'flake8' to check Python code syntax and style conventions
[1.362s] -- Added test 'lint_cmake' to check CMake code style
[1.362s] -- Added test 'pep257' to check Python code against some of the docstring style conventions in PEP 257
[1.365s] -- Added test 'uncrustify' to check C / C++ code style
[1.365s] -- Configured uncrustify additional arguments: 
[1.366s] -- Added test 'xmllint' to check XML markup files
[1.370s] -- Configuring done
[1.396s] -- Generating done
[1.407s] -- Build files have been written to: /home/kmw/2025IEVE/lidar_ws/build/laser_segmentation
[1.418s] Invoked command in '/home/kmw/2025IEVE/lidar_ws/build/laser_segmentation' returned '0': CMAKE_PREFIX_PATH=/opt/ros/humble CONDA_PROMPT_MODIFIER=(base) /usr/bin/cmake /home/kmw/2025IEVE/lidar_ws/src/laser_segmentation -DCMAKE_INSTALL_PREFIX=/home/kmw/2025IEVE/lidar_ws/install/laser_segmentation
[1.419s] Invoking command in '/home/kmw/2025IEVE/lidar_ws/build/laser_segmentation': CMAKE_PREFIX_PATH=/opt/ros/humble CONDA_PROMPT_MODIFIER=(base) /usr/bin/cmake --build /home/kmw/2025IEVE/lidar_ws/build/laser_segmentation -- -j8 -l8
[1.464s] [ 11%] [32mBuilding CXX object gtest/CMakeFiles/gtest_main.dir/src/gtest_main.cc.o[0m
[1.464s] [ 11%] [32mBuilding CXX object CMakeFiles/laser_segmentation_core.dir/src/segmentation/jump_distance.cpp.o[0m
[1.465s] [ 17%] [32mBuilding CXX object gtest/CMakeFiles/gtest.dir/src/gtest-all.cc.o[0m
[1.466s] [ 35%] [32mBuilding CXX object CMakeFiles/laser_segmentation_core.dir/src/laser_segmentation.cpp.o[0m
[1.466s] [ 35%] [32mBuilding CXX object CMakeFiles/laser_segmentation_core.dir/src/parameter_handler.cpp.o[0m
[1.467s] [ 35%] [32mBuilding CXX object CMakeFiles/laser_segmentation_core.dir/src/segmentation/jump_distance_merge.cpp.o[0m
[2.713s] [ 41%] [32m[1mLinking CXX static library libgtest_main.a[0m
[2.756s] [ 41%] Built target gtest_main
[10.465s] [ 47%] [32m[1mLinking CXX static library libgtest.a[0m
[10.507s] [ 47%] Built target gtest
[15.448s] [ 52%] [32m[1mLinking CXX shared library liblaser_segmentation_core.so[0m
[15.666s] [ 52%] Built target laser_segmentation_core
[15.685s] [ 64%] [32mBuilding CXX object test/CMakeFiles/test_integration.dir/test_integration.cpp.o[0m
[15.685s] [ 64%] [32mBuilding CXX object test/CMakeFiles/test_segmentations.dir/test_segmentations.cpp.o[0m
[15.687s] [ 76%] [32mBuilding CXX object CMakeFiles/laser_segmentation.dir/src/main.cpp.o[0m
[15.687s] [ 76%] [32mBuilding CXX object test/CMakeFiles/test_laser_segmentation.dir/test_laser_segmentation.cpp.o[0m
[18.911s] [ 82%] [32m[1mLinking CXX executable test_segmentations[0m
[19.119s] [ 82%] Built target test_segmentations
[20.204s] [ 88%] [32m[1mLinking CXX executable laser_segmentation[0m
[20.381s] [ 88%] Built target laser_segmentation
[23.760s] [ 94%] [32m[1mLinking CXX executable test_laser_segmentation[0m
[24.039s] [ 94%] Built target test_laser_segmentation
[29.753s] [100%] [32m[1mLinking CXX executable test_integration[0m
[29.952s] [100%] Built target test_integration
[29.963s] Invoked command in '/home/kmw/2025IEVE/lidar_ws/build/laser_segmentation' returned '0': CMAKE_PREFIX_PATH=/opt/ros/humble CONDA_PROMPT_MODIFIER=(base) /usr/bin/cmake --build /home/kmw/2025IEVE/lidar_ws/build/laser_segmentation -- -j8 -l8
[29.964s] Invoking command in '/home/kmw/2025IEVE/lidar_ws/build/laser_segmentation': CMAKE_PREFIX_PATH=/opt/ros/humble CONDA_PROMPT_MODIFIER=(base) /usr/bin/cmake --install /home/kmw/2025IEVE/lidar_ws/build/laser_segmentation
[29.971s] -- Install configuration: "Release"
[29.971s] -- Installing: /home/kmw/2025IEVE/lidar_ws/install/laser_segmentation/lib/liblaser_segmentation_core.so
[29.972s] -- Set runtime path of "/home/kmw/2025IEVE/lidar_ws/install/laser_segmentation/lib/liblaser_segmentation_core.so" to ""
[29.972s] -- Installing: /home/kmw/2025IEVE/lidar_ws/install/laser_segmentation/lib/laser_segmentation/laser_segmentation
[29.973s] -- Set runtime path of "/home/kmw/2025IEVE/lidar_ws/install/laser_segmentation/lib/laser_segmentation/laser_segmentation" to ""
[29.973s] -- Installing: /home/kmw/2025IEVE/lidar_ws/install/laser_segmentation/include/laser_segmentation
[29.973s] -- Installing: /home/kmw/2025IEVE/lidar_ws/install/laser_segmentation/include/laser_segmentation/laser_segmentation
[29.973s] -- Installing: /home/kmw/2025IEVE/lidar_ws/install/laser_segmentation/include/laser_segmentation/laser_segmentation/segmentation
[29.973s] -- Installing: /home/kmw/2025IEVE/lidar_ws/install/laser_segmentation/include/laser_segmentation/laser_segmentation/segmentation/jump_distance_merge.hpp
[29.973s] -- Installing: /home/kmw/2025IEVE/lidar_ws/install/laser_segmentation/include/laser_segmentation/laser_segmentation/segmentation/segmentation.hpp
[29.973s] -- Installing: /home/kmw/2025IEVE/lidar_ws/install/laser_segmentation/include/laser_segmentation/laser_segmentation/segmentation/jump_distance.hpp
[29.973s] -- Installing: /home/kmw/2025IEVE/lidar_ws/install/laser_segmentation/include/laser_segmentation/laser_segmentation/laser_segmentation.hpp
[29.973s] -- Installing: /home/kmw/2025IEVE/lidar_ws/install/laser_segmentation/include/laser_segmentation/laser_segmentation/parameter_handler.hpp
[29.973s] -- Installing: /home/kmw/2025IEVE/lidar_ws/install/laser_segmentation/include/laser_segmentation/laser_segmentation/parula.hpp
[29.973s] -- Installing: /home/kmw/2025IEVE/lidar_ws/install/laser_segmentation/share/laser_segmentation//launch
[29.974s] -- Installing: /home/kmw/2025IEVE/lidar_ws/install/laser_segmentation/share/laser_segmentation//launch/segmentation.launch.py
[29.974s] -- Installing: /home/kmw/2025IEVE/lidar_ws/install/laser_segmentation/share/laser_segmentation//params
[29.974s] -- Installing: /home/kmw/2025IEVE/lidar_ws/install/laser_segmentation/share/laser_segmentation//params/default_params.yml
[29.974s] -- Installing: /home/kmw/2025IEVE/lidar_ws/install/laser_segmentation/share/laser_segmentation//params/close_steps_detect.yml
[29.974s] -- Installing: /home/kmw/2025IEVE/lidar_ws/install/laser_segmentation/share/laser_segmentation/environment/library_path.sh
[29.974s] -- Installing: /home/kmw/2025IEVE/lidar_ws/install/laser_segmentation/share/laser_segmentation/environment/library_path.dsv
[29.974s] -- Installing: /home/kmw/2025IEVE/lidar_ws/install/laser_segmentation/share/ament_index/resource_index/package_run_dependencies/laser_segmentation
[29.974s] -- Installing: /home/kmw/2025IEVE/lidar_ws/install/laser_segmentation/share/ament_index/resource_index/parent_prefix_path/laser_segmentation
[29.974s] -- Installing: /home/kmw/2025IEVE/lidar_ws/install/laser_segmentation/share/laser_segmentation/environment/ament_prefix_path.sh
[29.974s] -- Installing: /home/kmw/2025IEVE/lidar_ws/install/laser_segmentation/share/laser_segmentation/environment/ament_prefix_path.dsv
[29.974s] -- Installing: /home/kmw/2025IEVE/lidar_ws/install/laser_segmentation/share/laser_segmentation/environment/path.sh
[29.975s] -- Installing: /home/kmw/2025IEVE/lidar_ws/install/laser_segmentation/share/laser_segmentation/environment/path.dsv
[29.975s] -- Installing: /home/kmw/2025IEVE/lidar_ws/install/laser_segmentation/share/laser_segmentation/local_setup.bash
[29.975s] -- Installing: /home/kmw/2025IEVE/lidar_ws/install/laser_segmentation/share/laser_segmentation/local_setup.sh
[29.975s] -- Installing: /home/kmw/2025IEVE/lidar_ws/install/laser_segmentation/share/laser_segmentation/local_setup.zsh
[29.975s] -- Installing: /home/kmw/2025IEVE/lidar_ws/install/laser_segmentation/share/laser_segmentation/local_setup.dsv
[29.975s] -- Installing: /home/kmw/2025IEVE/lidar_ws/install/laser_segmentation/share/laser_segmentation/package.dsv
[29.975s] -- Installing: /home/kmw/2025IEVE/lidar_ws/install/laser_segmentation/share/ament_index/resource_index/packages/laser_segmentation
[29.975s] -- Installing: /home/kmw/2025IEVE/lidar_ws/install/laser_segmentation/share/ament_index/resource_index/rclcpp_components/laser_segmentation
[29.975s] -- Installing: /home/kmw/2025IEVE/lidar_ws/install/laser_segmentation/share/laser_segmentation/cmake/laser_segmentationExport.cmake
[29.976s] -- Installing: /home/kmw/2025IEVE/lidar_ws/install/laser_segmentation/share/laser_segmentation/cmake/laser_segmentationExport-release.cmake
[29.976s] -- Installing: /home/kmw/2025IEVE/lidar_ws/install/laser_segmentation/share/laser_segmentation/cmake/ament_cmake_export_include_directories-extras.cmake
[29.976s] -- Installing: /home/kmw/2025IEVE/lidar_ws/install/laser_segmentation/share/laser_segmentation/cmake/ament_cmake_export_libraries-extras.cmake
[29.976s] -- Installing: /home/kmw/2025IEVE/lidar_ws/install/laser_segmentation/share/laser_segmentation/cmake/ament_cmake_export_dependencies-extras.cmake
[29.976s] -- Installing: /home/kmw/2025IEVE/lidar_ws/install/laser_segmentation/share/laser_segmentation/cmake/ament_cmake_export_targets-extras.cmake
[29.976s] -- Installing: /home/kmw/2025IEVE/lidar_ws/install/laser_segmentation/share/laser_segmentation/cmake/laser_segmentationConfig.cmake
[29.976s] -- Installing: /home/kmw/2025IEVE/lidar_ws/install/laser_segmentation/share/laser_segmentation/cmake/laser_segmentationConfig-version.cmake
[29.976s] -- Installing: /home/kmw/2025IEVE/lidar_ws/install/laser_segmentation/share/laser_segmentation/package.xml
[29.979s] Invoked command in '/home/kmw/2025IEVE/lidar_ws/build/laser_segmentation' returned '0': CMAKE_PREFIX_PATH=/opt/ros/humble CONDA_PROMPT_MODIFIER=(base) /usr/bin/cmake --install /home/kmw/2025IEVE/lidar_ws/build/laser_segmentation
