[0.884s] Invoking command in '/home/kmw/2025IEVE/Arduino_Control/ros2_con/src/mega_con': PYTHONPATH=/home/kmw/2025IEVE/Arduino_Control/ros2_con/build/mega_con/prefix_override:/usr/lib/python3/dist-packages/colcon_core/task/python/colcon_distutils_commands:/home/kmw/2025IEVE/Arduino_Control/ros2_con/install/mega_con/lib/python3.10/site-packages:${PYTHONPATH} /usr/bin/python3 -W ignore:setup.py install is deprecated -W ignore:easy_install command is deprecated setup.py egg_info --egg-base ../../build/mega_con build --build-base /home/kmw/2025IEVE/Arduino_Control/ros2_con/build/mega_con/build install --record /home/kmw/2025IEVE/Arduino_Control/ros2_con/build/mega_con/install.log --single-version-externally-managed install_data
[1.049s] /home/kmw/miniconda3/envs/ros2_py310/lib/python3.10/site-packages/setuptools/_distutils/dist.py:268: UserWarning: Unknown distribution option: 'tests_require'
[1.049s]   warnings.warn(msg)
[1.152s] running egg_info
[1.168s] writing ../../build/mega_con/mega_con.egg-info/PKG-INFO
[1.169s] writing dependency_links to ../../build/mega_con/mega_con.egg-info/dependency_links.txt
[1.169s] writing entry points to ../../build/mega_con/mega_con.egg-info/entry_points.txt
[1.169s] writing requirements to ../../build/mega_con/mega_con.egg-info/requires.txt
[1.169s] writing top-level names to ../../build/mega_con/mega_con.egg-info/top_level.txt
[1.203s] reading manifest file '../../build/mega_con/mega_con.egg-info/SOURCES.txt'
[1.204s] writing manifest file '../../build/mega_con/mega_con.egg-info/SOURCES.txt'
[1.204s] running build
[1.204s] running build_py
[1.205s] copying mega_con/joy_con.py -> /home/kmw/2025IEVE/Arduino_Control/ros2_con/build/mega_con/build/lib/mega_con
[1.205s] copying mega_con/motor_con.py -> /home/kmw/2025IEVE/Arduino_Control/ros2_con/build/mega_con/build/lib/mega_con
[1.205s] copying mega_con/__init__.py -> /home/kmw/2025IEVE/Arduino_Control/ros2_con/build/mega_con/build/lib/mega_con
[1.205s] copying mega_con/tel_motor.py -> /home/kmw/2025IEVE/Arduino_Control/ros2_con/build/mega_con/build/lib/mega_con
[1.205s] running install
[1.210s] running install_lib
[1.226s] copying /home/kmw/2025IEVE/Arduino_Control/ros2_con/build/mega_con/build/lib/mega_con/joy_con.py -> /home/kmw/2025IEVE/Arduino_Control/ros2_con/install/mega_con/lib/python3.10/site-packages/mega_con
[1.227s] copying /home/kmw/2025IEVE/Arduino_Control/ros2_con/build/mega_con/build/lib/mega_con/motor_con.py -> /home/kmw/2025IEVE/Arduino_Control/ros2_con/install/mega_con/lib/python3.10/site-packages/mega_con
[1.227s] byte-compiling /home/kmw/2025IEVE/Arduino_Control/ros2_con/install/mega_con/lib/python3.10/site-packages/mega_con/joy_con.py to joy_con.cpython-310.pyc
[1.228s] byte-compiling /home/kmw/2025IEVE/Arduino_Control/ros2_con/install/mega_con/lib/python3.10/site-packages/mega_con/motor_con.py to motor_con.cpython-310.pyc
[1.228s] running install_data
[1.228s] copying resource/mega_con -> /home/kmw/2025IEVE/Arduino_Control/ros2_con/install/mega_con/share/ament_index/resource_index/packages
[1.229s] copying package.xml -> /home/kmw/2025IEVE/Arduino_Control/ros2_con/install/mega_con/share/mega_con
[1.229s] copying launch/joy_launch.py -> /home/kmw/2025IEVE/Arduino_Control/ros2_con/install/mega_con/share/mega_con/launch
[1.229s] running install_egg_info
[1.247s] removing '/home/kmw/2025IEVE/Arduino_Control/ros2_con/install/mega_con/lib/python3.10/site-packages/mega_con-0.0.1-py3.10.egg-info' (and everything under it)
[1.247s] Copying ../../build/mega_con/mega_con.egg-info to /home/kmw/2025IEVE/Arduino_Control/ros2_con/install/mega_con/lib/python3.10/site-packages/mega_con-0.0.1-py3.10.egg-info
[1.248s] running install_scripts
[1.383s] Installing con script to /home/kmw/2025IEVE/Arduino_Control/ros2_con/install/mega_con/lib/mega_con
[1.383s] Installing joy_con script to /home/kmw/2025IEVE/Arduino_Control/ros2_con/install/mega_con/lib/mega_con
[1.383s] Installing tel script to /home/kmw/2025IEVE/Arduino_Control/ros2_con/install/mega_con/lib/mega_con
[1.383s] writing list of installed files to '/home/kmw/2025IEVE/Arduino_Control/ros2_con/build/mega_con/install.log'
[1.410s] Invoked command in '/home/kmw/2025IEVE/Arduino_Control/ros2_con/src/mega_con' returned '0': PYTHONPATH=/home/kmw/2025IEVE/Arduino_Control/ros2_con/build/mega_con/prefix_override:/usr/lib/python3/dist-packages/colcon_core/task/python/colcon_distutils_commands:/home/kmw/2025IEVE/Arduino_Control/ros2_con/install/mega_con/lib/python3.10/site-packages:${PYTHONPATH} /usr/bin/python3 -W ignore:setup.py install is deprecated -W ignore:easy_install command is deprecated setup.py egg_info --egg-base ../../build/mega_con build --build-base /home/kmw/2025IEVE/Arduino_Control/ros2_con/build/mega_con/build install --record /home/kmw/2025IEVE/Arduino_Control/ros2_con/build/mega_con/install.log --single-version-externally-managed install_data
