[2.546s] Invoking command in '/home/kmw/2025IEVE/lidar_ws/build/sllidar_ros2': CMAKE_PREFIX_PATH=${CMAKE_PREFIX_PATH}:/home/kmw/2025IEVE/lidar_ws/install/centroids:/home/kmw/2025IEVE/lidar_ws/install/centeroids:/home/kmw/2025IEVE/lidar_ws/install/calibration:/opt/ros/humble /usr/bin/cmake --build /home/kmw/2025IEVE/lidar_ws/build/sllidar_ros2 -- -j8 -l8
[2.989s] [ 10%] Built target sllidar_client
[3.062s] [100%] Built target sllidar_node
[3.201s] Invoked command in '/home/kmw/2025IEVE/lidar_ws/build/sllidar_ros2' returned '0': CMAKE_PREFIX_PATH=${CMAKE_PREFIX_PATH}:/home/kmw/2025IEVE/lidar_ws/install/centroids:/home/kmw/2025IEVE/lidar_ws/install/centeroids:/home/kmw/2025IEVE/lidar_ws/install/calibration:/opt/ros/humble /usr/bin/cmake --build /home/kmw/2025IEVE/lidar_ws/build/sllidar_ros2 -- -j8 -l8
[3.280s] Invoking command in '/home/kmw/2025IEVE/lidar_ws/build/sllidar_ros2': CMAKE_PREFIX_PATH=${CMAKE_PREFIX_PATH}:/home/kmw/2025IEVE/lidar_ws/install/centroids:/home/kmw/2025IEVE/lidar_ws/install/centeroids:/home/kmw/2025IEVE/lidar_ws/install/calibration:/opt/ros/humble /usr/bin/cmake --install /home/kmw/2025IEVE/lidar_ws/build/sllidar_ros2
[3.324s] -- Install configuration: ""
[3.325s] -- Up-to-date: /home/kmw/2025IEVE/lidar_ws/install/sllidar_ros2/share/sllidar_ros2/launch
[3.326s] -- Up-to-date: /home/kmw/2025IEVE/lidar_ws/install/sllidar_ros2/share/sllidar_ros2/launch/view_sllidar_s2e_launch.py
[3.326s] -- Up-to-date: /home/kmw/2025IEVE/lidar_ws/install/sllidar_ros2/share/sllidar_ros2/launch/sllidar_a2m8_launch.py
[3.327s] -- Up-to-date: /home/kmw/2025IEVE/lidar_ws/install/sllidar_ros2/share/sllidar_ros2/launch/view_sllidar_s1_tcp_launch.py
[3.329s] -- Up-to-date: /home/kmw/2025IEVE/lidar_ws/install/sllidar_ros2/share/sllidar_ros2/launch/sllidar_a2m12_launch .py
[3.330s] -- Up-to-date: /home/kmw/2025IEVE/lidar_ws/install/sllidar_ros2/share/sllidar_ros2/launch/sllidar_c1_launch.py
[3.330s] -- Up-to-date: /home/kmw/2025IEVE/lidar_ws/install/sllidar_ros2/share/sllidar_ros2/launch/view_sllidar_a1_launch.py
[3.331s] -- Up-to-date: /home/kmw/2025IEVE/lidar_ws/install/sllidar_ros2/share/sllidar_ros2/launch/view_sllidar_s3_launch.py
[3.332s] -- Up-to-date: /home/kmw/2025IEVE/lidar_ws/install/sllidar_ros2/share/sllidar_ros2/launch/sllidar_s2_launch.py
[3.335s] -- Up-to-date: /home/kmw/2025IEVE/lidar_ws/install/sllidar_ros2/share/sllidar_ros2/launch/sllidar_a2m7_launch.py
[3.336s] -- Up-to-date: /home/kmw/2025IEVE/lidar_ws/install/sllidar_ros2/share/sllidar_ros2/launch/sllidar_a3_launch.py
[3.336s] -- Up-to-date: /home/kmw/2025IEVE/lidar_ws/install/sllidar_ros2/share/sllidar_ros2/launch/view_sllidar_a2m12_launch.py
[3.337s] -- Up-to-date: /home/kmw/2025IEVE/lidar_ws/install/sllidar_ros2/share/sllidar_ros2/launch/sllidar_a1_launch.py
[3.337s] -- Up-to-date: /home/kmw/2025IEVE/lidar_ws/install/sllidar_ros2/share/sllidar_ros2/launch/view_sllidar_t1_launch.py
[3.338s] -- Up-to-date: /home/kmw/2025IEVE/lidar_ws/install/sllidar_ros2/share/sllidar_ros2/launch/view_sllidar_s1_launch.py
[3.339s] -- Up-to-date: /home/kmw/2025IEVE/lidar_ws/install/sllidar_ros2/share/sllidar_ros2/launch/sllidar_s1_tcp_launch.py
[3.342s] -- Up-to-date: /home/kmw/2025IEVE/lidar_ws/install/sllidar_ros2/share/sllidar_ros2/launch/sllidar_s3_launch.py
[3.347s] -- Up-to-date: /home/kmw/2025IEVE/lidar_ws/install/sllidar_ros2/share/sllidar_ros2/launch/sllidar_s1_launch.py
[3.349s] -- Up-to-date: /home/kmw/2025IEVE/lidar_ws/install/sllidar_ros2/share/sllidar_ros2/launch/view_sllidar_c1_launch.py
[3.351s] -- Up-to-date: /home/kmw/2025IEVE/lidar_ws/install/sllidar_ros2/share/sllidar_ros2/launch/sllidar_s2e_launch.py
[3.354s] -- Up-to-date: /home/kmw/2025IEVE/lidar_ws/install/sllidar_ros2/share/sllidar_ros2/launch/view_sllidar_a2m7_launch.py
[3.355s] -- Up-to-date: /home/kmw/2025IEVE/lidar_ws/install/sllidar_ros2/share/sllidar_ros2/launch/view_sllidar_a3_launch.py
[3.358s] -- Up-to-date: /home/kmw/2025IEVE/lidar_ws/install/sllidar_ros2/share/sllidar_ros2/launch/sllidar_t1_launch.py
[3.359s] -- Up-to-date: /home/kmw/2025IEVE/lidar_ws/install/sllidar_ros2/share/sllidar_ros2/launch/view_sllidar_a2m8_launch.py
[3.359s] -- Up-to-date: /home/kmw/2025IEVE/lidar_ws/install/sllidar_ros2/share/sllidar_ros2/launch/view_sllidar_s2_launch.py
[3.362s] -- Up-to-date: /home/kmw/2025IEVE/lidar_ws/install/sllidar_ros2/share/sllidar_ros2/rviz
[3.372s] -- Up-to-date: /home/kmw/2025IEVE/lidar_ws/install/sllidar_ros2/share/sllidar_ros2/rviz/sllidar_ros2.rviz
[3.376s] -- Up-to-date: /home/kmw/2025IEVE/lidar_ws/install/sllidar_ros2/lib/sllidar_ros2/sllidar_node
[3.377s] -- Up-to-date: /home/kmw/2025IEVE/lidar_ws/install/sllidar_ros2/lib/sllidar_ros2/sllidar_client
[3.379s] -- Up-to-date: /home/kmw/2025IEVE/lidar_ws/install/sllidar_ros2/share/ament_index/resource_index/package_run_dependencies/sllidar_ros2
[3.382s] -- Up-to-date: /home/kmw/2025IEVE/lidar_ws/install/sllidar_ros2/share/ament_index/resource_index/parent_prefix_path/sllidar_ros2
[3.383s] -- Up-to-date: /home/kmw/2025IEVE/lidar_ws/install/sllidar_ros2/share/sllidar_ros2/environment/ament_prefix_path.sh
[3.384s] -- Up-to-date: /home/kmw/2025IEVE/lidar_ws/install/sllidar_ros2/share/sllidar_ros2/environment/ament_prefix_path.dsv
[3.385s] -- Up-to-date: /home/kmw/2025IEVE/lidar_ws/install/sllidar_ros2/share/sllidar_ros2/environment/path.sh
[3.386s] -- Up-to-date: /home/kmw/2025IEVE/lidar_ws/install/sllidar_ros2/share/sllidar_ros2/environment/path.dsv
[3.388s] -- Up-to-date: /home/kmw/2025IEVE/lidar_ws/install/sllidar_ros2/share/sllidar_ros2/local_setup.bash
[3.388s] -- Up-to-date: /home/kmw/2025IEVE/lidar_ws/install/sllidar_ros2/share/sllidar_ros2/local_setup.sh
[3.392s] -- Up-to-date: /home/kmw/2025IEVE/lidar_ws/install/sllidar_ros2/share/sllidar_ros2/local_setup.zsh
[3.393s] -- Up-to-date: /home/kmw/2025IEVE/lidar_ws/install/sllidar_ros2/share/sllidar_ros2/local_setup.dsv
[3.393s] -- Installing: /home/kmw/2025IEVE/lidar_ws/install/sllidar_ros2/share/sllidar_ros2/package.dsv
[3.394s] -- Up-to-date: /home/kmw/2025IEVE/lidar_ws/install/sllidar_ros2/share/ament_index/resource_index/packages/sllidar_ros2
[3.398s] -- Up-to-date: /home/kmw/2025IEVE/lidar_ws/install/sllidar_ros2/share/sllidar_ros2/cmake/ament_cmake_export_dependencies-extras.cmake
[3.399s] -- Up-to-date: /home/kmw/2025IEVE/lidar_ws/install/sllidar_ros2/share/sllidar_ros2/cmake/ament_cmake_export_include_directories-extras.cmake
[3.400s] -- Up-to-date: /home/kmw/2025IEVE/lidar_ws/install/sllidar_ros2/share/sllidar_ros2/cmake/sllidar_ros2Config.cmake
[3.401s] -- Up-to-date: /home/kmw/2025IEVE/lidar_ws/install/sllidar_ros2/share/sllidar_ros2/cmake/sllidar_ros2Config-version.cmake
[3.401s] -- Up-to-date: /home/kmw/2025IEVE/lidar_ws/install/sllidar_ros2/share/sllidar_ros2/package.xml
[3.411s] Invoked command in '/home/kmw/2025IEVE/lidar_ws/build/sllidar_ros2' returned '0': CMAKE_PREFIX_PATH=${CMAKE_PREFIX_PATH}:/home/kmw/2025IEVE/lidar_ws/install/centroids:/home/kmw/2025IEVE/lidar_ws/install/centeroids:/home/kmw/2025IEVE/lidar_ws/install/calibration:/opt/ros/humble /usr/bin/cmake --install /home/kmw/2025IEVE/lidar_ws/build/sllidar_ros2
