[0.135s] DEBUG:colcon:Command line arguments: ['/usr/bin/colcon', 'build']
[0.135s] DEBUG:colcon:Parsed command line arguments: Namespace(log_base=None, log_level=None, verb_name='build', build_base='build', install_base='install', merge_install=False, symlink_install=False, test_result_base=None, continue_on_error=False, executor='parallel', parallel_workers=8, event_handlers=None, ignore_user_meta=False, metas=['./colcon.meta'], base_paths=['.'], packages_ignore=None, packages_ignore_regex=None, paths=None, packages_up_to=None, packages_up_to_regex=None, packages_above=None, packages_above_and_dependencies=None, packages_above_depth=None, packages_select_by_dep=None, packages_skip_by_dep=None, packages_skip_up_to=None, packages_select_build_failed=False, packages_skip_build_finished=False, packages_select_test_failures=False, packages_skip_test_passed=False, packages_select=None, packages_skip=None, packages_select_regex=None, packages_skip_regex=None, packages_start=None, packages_end=None, allow_overriding=[], cmake_args=None, cmake_target=None, cmake_target_skip_unavailable=False, cmake_clean_cache=False, cmake_clean_first=False, cmake_force_configure=False, ament_cmake_args=None, catkin_cmake_args=None, catkin_skip_building_tests=False, verb_parser=<colcon_defaults.argument_parser.defaults.DefaultArgumentsDecorator object at 0x7b81458015d0>, verb_extension=<colcon_core.verb.build.BuildVerb object at 0x7b814594b040>, main=<bound method BuildVerb.main of <colcon_core.verb.build.BuildVerb object at 0x7b814594b040>>)
[0.185s] Level 1:colcon.colcon_core.package_discovery:discover_packages(colcon_meta) check parameters
[0.186s] Level 1:colcon.colcon_core.package_discovery:discover_packages(recursive) check parameters
[0.186s] Level 1:colcon.colcon_core.package_discovery:discover_packages(ignore) check parameters
[0.186s] Level 1:colcon.colcon_core.package_discovery:discover_packages(path) check parameters
[0.186s] Level 1:colcon.colcon_core.package_discovery:discover_packages(colcon_meta) discover
[0.186s] Level 1:colcon.colcon_core.package_discovery:discover_packages(recursive) discover
[0.186s] INFO:colcon.colcon_core.package_discovery:Crawling recursively for packages in '/home/kmw/2025IEVE/lidar_ws'
[0.186s] Level 1:colcon.colcon_core.package_identification:_identify(.) by extensions ['ignore', 'ignore_ament_install']
[0.186s] Level 1:colcon.colcon_core.package_identification:_identify(.) by extension 'ignore'
[0.186s] Level 1:colcon.colcon_core.package_identification:_identify(.) by extension 'ignore_ament_install'
[0.186s] Level 1:colcon.colcon_core.package_identification:_identify(.) by extensions ['colcon_pkg']
[0.186s] Level 1:colcon.colcon_core.package_identification:_identify(.) by extension 'colcon_pkg'
[0.186s] Level 1:colcon.colcon_core.package_identification:_identify(.) by extensions ['colcon_meta']
[0.187s] Level 1:colcon.colcon_core.package_identification:_identify(.) by extension 'colcon_meta'
[0.187s] Level 1:colcon.colcon_core.package_identification:_identify(.) by extensions ['ros']
[0.187s] Level 1:colcon.colcon_core.package_identification:_identify(.) by extension 'ros'
[0.205s] Level 1:colcon.colcon_core.package_identification:_identify(.) by extensions ['cmake', 'python']
[0.205s] Level 1:colcon.colcon_core.package_identification:_identify(.) by extension 'cmake'
[0.205s] Level 1:colcon.colcon_core.package_identification:_identify(.) by extension 'python'
[0.205s] Level 1:colcon.colcon_core.package_identification:_identify(.) by extensions ['python_setup_py']
[0.205s] Level 1:colcon.colcon_core.package_identification:_identify(.) by extension 'python_setup_py'
[0.205s] Level 1:colcon.colcon_core.package_identification:_identify(build) by extensions ['ignore', 'ignore_ament_install']
[0.206s] Level 1:colcon.colcon_core.package_identification:_identify(build) by extension 'ignore'
[0.206s] Level 1:colcon.colcon_core.package_identification:_identify(build) ignored
[0.206s] Level 1:colcon.colcon_core.package_identification:_identify(install) by extensions ['ignore', 'ignore_ament_install']
[0.206s] Level 1:colcon.colcon_core.package_identification:_identify(install) by extension 'ignore'
[0.206s] Level 1:colcon.colcon_core.package_identification:_identify(install) ignored
[0.206s] Level 1:colcon.colcon_core.package_identification:_identify(log) by extensions ['ignore', 'ignore_ament_install']
[0.206s] Level 1:colcon.colcon_core.package_identification:_identify(log) by extension 'ignore'
[0.206s] Level 1:colcon.colcon_core.package_identification:_identify(log) ignored
[0.206s] Level 1:colcon.colcon_core.package_identification:_identify(src) by extensions ['ignore', 'ignore_ament_install']
[0.206s] Level 1:colcon.colcon_core.package_identification:_identify(src) by extension 'ignore'
[0.206s] Level 1:colcon.colcon_core.package_identification:_identify(src) by extension 'ignore_ament_install'
[0.206s] Level 1:colcon.colcon_core.package_identification:_identify(src) by extensions ['colcon_pkg']
[0.207s] Level 1:colcon.colcon_core.package_identification:_identify(src) by extension 'colcon_pkg'
[0.207s] Level 1:colcon.colcon_core.package_identification:_identify(src) by extensions ['colcon_meta']
[0.207s] Level 1:colcon.colcon_core.package_identification:_identify(src) by extension 'colcon_meta'
[0.207s] Level 1:colcon.colcon_core.package_identification:_identify(src) by extensions ['ros']
[0.207s] Level 1:colcon.colcon_core.package_identification:_identify(src) by extension 'ros'
[0.207s] Level 1:colcon.colcon_core.package_identification:_identify(src) by extensions ['cmake', 'python']
[0.207s] Level 1:colcon.colcon_core.package_identification:_identify(src) by extension 'cmake'
[0.207s] Level 1:colcon.colcon_core.package_identification:_identify(src) by extension 'python'
[0.207s] Level 1:colcon.colcon_core.package_identification:_identify(src) by extensions ['python_setup_py']
[0.207s] Level 1:colcon.colcon_core.package_identification:_identify(src) by extension 'python_setup_py'
[0.207s] Level 1:colcon.colcon_core.package_identification:_identify(src/centroids) by extensions ['ignore', 'ignore_ament_install']
[0.207s] Level 1:colcon.colcon_core.package_identification:_identify(src/centroids) by extension 'ignore'
[0.207s] Level 1:colcon.colcon_core.package_identification:_identify(src/centroids) by extension 'ignore_ament_install'
[0.207s] Level 1:colcon.colcon_core.package_identification:_identify(src/centroids) by extensions ['colcon_pkg']
[0.207s] Level 1:colcon.colcon_core.package_identification:_identify(src/centroids) by extension 'colcon_pkg'
[0.207s] Level 1:colcon.colcon_core.package_identification:_identify(src/centroids) by extensions ['colcon_meta']
[0.207s] Level 1:colcon.colcon_core.package_identification:_identify(src/centroids) by extension 'colcon_meta'
[0.207s] Level 1:colcon.colcon_core.package_identification:_identify(src/centroids) by extensions ['ros']
[0.207s] Level 1:colcon.colcon_core.package_identification:_identify(src/centroids) by extension 'ros'
[0.210s] DEBUG:colcon.colcon_core.package_identification:Package 'src/centroids' with type 'ros.ament_python' and name 'centroids'
[0.210s] Level 1:colcon.colcon_core.package_identification:_identify(src/laser_segmentation) by extensions ['ignore', 'ignore_ament_install']
[0.211s] Level 1:colcon.colcon_core.package_identification:_identify(src/laser_segmentation) by extension 'ignore'
[0.211s] Level 1:colcon.colcon_core.package_identification:_identify(src/laser_segmentation) by extension 'ignore_ament_install'
[0.211s] Level 1:colcon.colcon_core.package_identification:_identify(src/laser_segmentation) by extensions ['colcon_pkg']
[0.211s] Level 1:colcon.colcon_core.package_identification:_identify(src/laser_segmentation) by extension 'colcon_pkg'
[0.211s] Level 1:colcon.colcon_core.package_identification:_identify(src/laser_segmentation) by extensions ['colcon_meta']
[0.211s] Level 1:colcon.colcon_core.package_identification:_identify(src/laser_segmentation) by extension 'colcon_meta'
[0.211s] Level 1:colcon.colcon_core.package_identification:_identify(src/laser_segmentation) by extensions ['ros']
[0.211s] Level 1:colcon.colcon_core.package_identification:_identify(src/laser_segmentation) by extension 'ros'
[0.212s] DEBUG:colcon.colcon_core.package_identification:Package 'src/laser_segmentation' with type 'ros.ament_cmake' and name 'laser_segmentation'
[0.212s] Level 1:colcon.colcon_core.package_identification:_identify(src/sllidar_ros2) by extensions ['ignore', 'ignore_ament_install']
[0.212s] Level 1:colcon.colcon_core.package_identification:_identify(src/sllidar_ros2) by extension 'ignore'
[0.212s] Level 1:colcon.colcon_core.package_identification:_identify(src/sllidar_ros2) by extension 'ignore_ament_install'
[0.213s] Level 1:colcon.colcon_core.package_identification:_identify(src/sllidar_ros2) by extensions ['colcon_pkg']
[0.213s] Level 1:colcon.colcon_core.package_identification:_identify(src/sllidar_ros2) by extension 'colcon_pkg'
[0.213s] Level 1:colcon.colcon_core.package_identification:_identify(src/sllidar_ros2) by extensions ['colcon_meta']
[0.213s] Level 1:colcon.colcon_core.package_identification:_identify(src/sllidar_ros2) by extension 'colcon_meta'
[0.213s] Level 1:colcon.colcon_core.package_identification:_identify(src/sllidar_ros2) by extensions ['ros']
[0.213s] Level 1:colcon.colcon_core.package_identification:_identify(src/sllidar_ros2) by extension 'ros'
[0.214s] DEBUG:colcon.colcon_core.package_identification:Package 'src/sllidar_ros2' with type 'ros.ament_cmake' and name 'sllidar_ros2'
[0.214s] Level 1:colcon.colcon_core.package_discovery:discover_packages(recursive) using defaults
[0.214s] Level 1:colcon.colcon_core.package_discovery:discover_packages(ignore) discover
[0.214s] Level 1:colcon.colcon_core.package_discovery:discover_packages(ignore) using defaults
[0.214s] Level 1:colcon.colcon_core.package_discovery:discover_packages(path) discover
[0.214s] Level 1:colcon.colcon_core.package_discovery:discover_packages(path) using defaults
[0.238s] Level 1:colcon.colcon_core.package_discovery:discover_packages(prefix_path) check parameters
[0.238s] Level 1:colcon.colcon_core.package_discovery:discover_packages(prefix_path) discover
[0.240s] DEBUG:colcon.colcon_installed_package_information.package_discovery:Found 4 installed packages in /home/kmw/2025IEVE/lidar_ws/install
[0.242s] DEBUG:colcon.colcon_installed_package_information.package_discovery:Found 283 installed packages in /opt/ros/humble
[0.243s] Level 1:colcon.colcon_core.package_discovery:discover_packages(prefix_path) using defaults
[0.288s] Level 5:colcon.colcon_core.verb:set package 'centroids' build argument 'cmake_args' from command line to 'None'
[0.288s] Level 5:colcon.colcon_core.verb:set package 'centroids' build argument 'cmake_target' from command line to 'None'
[0.288s] Level 5:colcon.colcon_core.verb:set package 'centroids' build argument 'cmake_target_skip_unavailable' from command line to 'False'
[0.288s] Level 5:colcon.colcon_core.verb:set package 'centroids' build argument 'cmake_clean_cache' from command line to 'False'
[0.288s] Level 5:colcon.colcon_core.verb:set package 'centroids' build argument 'cmake_clean_first' from command line to 'False'
[0.288s] Level 5:colcon.colcon_core.verb:set package 'centroids' build argument 'cmake_force_configure' from command line to 'False'
[0.288s] Level 5:colcon.colcon_core.verb:set package 'centroids' build argument 'ament_cmake_args' from command line to 'None'
[0.288s] Level 5:colcon.colcon_core.verb:set package 'centroids' build argument 'catkin_cmake_args' from command line to 'None'
[0.288s] Level 5:colcon.colcon_core.verb:set package 'centroids' build argument 'catkin_skip_building_tests' from command line to 'False'
[0.288s] DEBUG:colcon.colcon_core.verb:Building package 'centroids' with the following arguments: {'ament_cmake_args': None, 'build_base': '/home/kmw/2025IEVE/lidar_ws/build/centroids', 'catkin_cmake_args': None, 'catkin_skip_building_tests': False, 'cmake_args': None, 'cmake_clean_cache': False, 'cmake_clean_first': False, 'cmake_force_configure': False, 'cmake_target': None, 'cmake_target_skip_unavailable': False, 'install_base': '/home/kmw/2025IEVE/lidar_ws/install/centroids', 'merge_install': False, 'path': '/home/kmw/2025IEVE/lidar_ws/src/centroids', 'symlink_install': False, 'test_result_base': None}
[0.288s] Level 5:colcon.colcon_core.verb:set package 'laser_segmentation' build argument 'cmake_args' from command line to 'None'
[0.289s] Level 5:colcon.colcon_core.verb:set package 'laser_segmentation' build argument 'cmake_target' from command line to 'None'
[0.289s] Level 5:colcon.colcon_core.verb:set package 'laser_segmentation' build argument 'cmake_target_skip_unavailable' from command line to 'False'
[0.289s] Level 5:colcon.colcon_core.verb:set package 'laser_segmentation' build argument 'cmake_clean_cache' from command line to 'False'
[0.289s] Level 5:colcon.colcon_core.verb:set package 'laser_segmentation' build argument 'cmake_clean_first' from command line to 'False'
[0.289s] Level 5:colcon.colcon_core.verb:set package 'laser_segmentation' build argument 'cmake_force_configure' from command line to 'False'
[0.289s] Level 5:colcon.colcon_core.verb:set package 'laser_segmentation' build argument 'ament_cmake_args' from command line to 'None'
[0.289s] Level 5:colcon.colcon_core.verb:set package 'laser_segmentation' build argument 'catkin_cmake_args' from command line to 'None'
[0.289s] Level 5:colcon.colcon_core.verb:set package 'laser_segmentation' build argument 'catkin_skip_building_tests' from command line to 'False'
[0.289s] DEBUG:colcon.colcon_core.verb:Building package 'laser_segmentation' with the following arguments: {'ament_cmake_args': None, 'build_base': '/home/kmw/2025IEVE/lidar_ws/build/laser_segmentation', 'catkin_cmake_args': None, 'catkin_skip_building_tests': False, 'cmake_args': None, 'cmake_clean_cache': False, 'cmake_clean_first': False, 'cmake_force_configure': False, 'cmake_target': None, 'cmake_target_skip_unavailable': False, 'install_base': '/home/kmw/2025IEVE/lidar_ws/install/laser_segmentation', 'merge_install': False, 'path': '/home/kmw/2025IEVE/lidar_ws/src/laser_segmentation', 'symlink_install': False, 'test_result_base': None}
[0.289s] Level 5:colcon.colcon_core.verb:set package 'sllidar_ros2' build argument 'cmake_args' from command line to 'None'
[0.289s] Level 5:colcon.colcon_core.verb:set package 'sllidar_ros2' build argument 'cmake_target' from command line to 'None'
[0.289s] Level 5:colcon.colcon_core.verb:set package 'sllidar_ros2' build argument 'cmake_target_skip_unavailable' from command line to 'False'
[0.289s] Level 5:colcon.colcon_core.verb:set package 'sllidar_ros2' build argument 'cmake_clean_cache' from command line to 'False'
[0.289s] Level 5:colcon.colcon_core.verb:set package 'sllidar_ros2' build argument 'cmake_clean_first' from command line to 'False'
[0.289s] Level 5:colcon.colcon_core.verb:set package 'sllidar_ros2' build argument 'cmake_force_configure' from command line to 'False'
[0.289s] Level 5:colcon.colcon_core.verb:set package 'sllidar_ros2' build argument 'ament_cmake_args' from command line to 'None'
[0.289s] Level 5:colcon.colcon_core.verb:set package 'sllidar_ros2' build argument 'catkin_cmake_args' from command line to 'None'
[0.289s] Level 5:colcon.colcon_core.verb:set package 'sllidar_ros2' build argument 'catkin_skip_building_tests' from command line to 'False'
[0.290s] DEBUG:colcon.colcon_core.verb:Building package 'sllidar_ros2' with the following arguments: {'ament_cmake_args': None, 'build_base': '/home/kmw/2025IEVE/lidar_ws/build/sllidar_ros2', 'catkin_cmake_args': None, 'catkin_skip_building_tests': False, 'cmake_args': None, 'cmake_clean_cache': False, 'cmake_clean_first': False, 'cmake_force_configure': False, 'cmake_target': None, 'cmake_target_skip_unavailable': False, 'install_base': '/home/kmw/2025IEVE/lidar_ws/install/sllidar_ros2', 'merge_install': False, 'path': '/home/kmw/2025IEVE/lidar_ws/src/sllidar_ros2', 'symlink_install': False, 'test_result_base': None}
[0.290s] INFO:colcon.colcon_core.executor:Executing jobs using 'parallel' executor
[0.291s] DEBUG:colcon.colcon_parallel_executor.executor.parallel:run_until_complete
[0.291s] INFO:colcon.colcon_ros.task.ament_python.build:Building ROS package in '/home/kmw/2025IEVE/lidar_ws/src/centroids' with build type 'ament_python'
[0.292s] Level 1:colcon.colcon_core.shell:create_environment_hook('centroids', 'ament_prefix_path')
[0.294s] INFO:colcon.colcon_core.plugin_system:Skipping extension 'colcon_core.shell.bat': Not used on non-Windows systems
[0.295s] INFO:colcon.colcon_core.shell:Creating environment hook '/home/kmw/2025IEVE/lidar_ws/install/centroids/share/centroids/hook/ament_prefix_path.ps1'
[0.295s] INFO:colcon.colcon_core.shell:Creating environment descriptor '/home/kmw/2025IEVE/lidar_ws/install/centroids/share/centroids/hook/ament_prefix_path.dsv'
[0.296s] INFO:colcon.colcon_core.shell:Creating environment hook '/home/kmw/2025IEVE/lidar_ws/install/centroids/share/centroids/hook/ament_prefix_path.sh'
[0.297s] INFO:colcon.colcon_core.shell:Skip shell extension 'powershell' for command environment: Not usable outside of PowerShell
[0.297s] DEBUG:colcon.colcon_core.shell:Skip shell extension 'dsv' for command environment
[0.301s] INFO:colcon.colcon_ros.task.ament_cmake.build:Building ROS package in '/home/kmw/2025IEVE/lidar_ws/src/laser_segmentation' with build type 'ament_cmake'
[0.302s] INFO:colcon.colcon_cmake.task.cmake.build:Building CMake package in '/home/kmw/2025IEVE/lidar_ws/src/laser_segmentation'
[0.302s] INFO:colcon.colcon_core.shell:Skip shell extension 'powershell' for command environment: Not usable outside of PowerShell
[0.302s] DEBUG:colcon.colcon_core.shell:Skip shell extension 'dsv' for command environment
[0.308s] INFO:colcon.colcon_ros.task.ament_cmake.build:Building ROS package in '/home/kmw/2025IEVE/lidar_ws/src/sllidar_ros2' with build type 'ament_cmake'
[0.309s] INFO:colcon.colcon_cmake.task.cmake.build:Building CMake package in '/home/kmw/2025IEVE/lidar_ws/src/sllidar_ros2'
[0.311s] INFO:colcon.colcon_core.shell:Skip shell extension 'powershell' for command environment: Not usable outside of PowerShell
[0.311s] DEBUG:colcon.colcon_core.shell:Skip shell extension 'dsv' for command environment
[0.613s] INFO:colcon.colcon_core.task.python.build:Building Python package in '/home/kmw/2025IEVE/lidar_ws/src/centroids'
[0.613s] INFO:colcon.colcon_core.shell:Skip shell extension 'powershell' for command environment: Not usable outside of PowerShell
[0.613s] DEBUG:colcon.colcon_core.shell:Skip shell extension 'dsv' for command environment
[0.629s] DEBUG:colcon.colcon_core.event_handler.log_command:Invoking command in '/home/kmw/2025IEVE/lidar_ws/build/laser_segmentation': CMAKE_PREFIX_PATH=${CMAKE_PREFIX_PATH}:/home/kmw/2025IEVE/lidar_ws/install/centroids:/home/kmw/2025IEVE/lidar_ws/install/centeroids:/opt/ros/humble /usr/bin/cmake --build /home/kmw/2025IEVE/lidar_ws/build/laser_segmentation -- -j8 -l8
[0.635s] DEBUG:colcon.colcon_core.event_handler.log_command:Invoking command in '/home/kmw/2025IEVE/lidar_ws/build/sllidar_ros2': CMAKE_PREFIX_PATH=${CMAKE_PREFIX_PATH}:/home/kmw/2025IEVE/lidar_ws/install/centroids:/home/kmw/2025IEVE/lidar_ws/install/centeroids:/opt/ros/humble /usr/bin/cmake --build /home/kmw/2025IEVE/lidar_ws/build/sllidar_ros2 -- -j8 -l8
[0.750s] DEBUG:colcon.colcon_core.event_handler.log_command:Invoked command in '/home/kmw/2025IEVE/lidar_ws/build/sllidar_ros2' returned '0': CMAKE_PREFIX_PATH=${CMAKE_PREFIX_PATH}:/home/kmw/2025IEVE/lidar_ws/install/centroids:/home/kmw/2025IEVE/lidar_ws/install/centeroids:/opt/ros/humble /usr/bin/cmake --build /home/kmw/2025IEVE/lidar_ws/build/sllidar_ros2 -- -j8 -l8
[0.766s] DEBUG:colcon.colcon_core.event_handler.log_command:Invoking command in '/home/kmw/2025IEVE/lidar_ws/build/sllidar_ros2': CMAKE_PREFIX_PATH=${CMAKE_PREFIX_PATH}:/home/kmw/2025IEVE/lidar_ws/install/centroids:/home/kmw/2025IEVE/lidar_ws/install/centeroids:/opt/ros/humble /usr/bin/cmake --install /home/kmw/2025IEVE/lidar_ws/build/sllidar_ros2
[0.782s] DEBUG:colcon.colcon_core.event_handler.log_command:Invoked command in '/home/kmw/2025IEVE/lidar_ws/build/laser_segmentation' returned '0': CMAKE_PREFIX_PATH=${CMAKE_PREFIX_PATH}:/home/kmw/2025IEVE/lidar_ws/install/centroids:/home/kmw/2025IEVE/lidar_ws/install/centeroids:/opt/ros/humble /usr/bin/cmake --build /home/kmw/2025IEVE/lidar_ws/build/laser_segmentation -- -j8 -l8
[0.785s] DEBUG:colcon.colcon_core.event_handler.log_command:Invoking command in '/home/kmw/2025IEVE/lidar_ws/build/laser_segmentation': CMAKE_PREFIX_PATH=${CMAKE_PREFIX_PATH}:/home/kmw/2025IEVE/lidar_ws/install/centroids:/home/kmw/2025IEVE/lidar_ws/install/centeroids:/opt/ros/humble /usr/bin/cmake --install /home/kmw/2025IEVE/lidar_ws/build/laser_segmentation
[0.786s] Level 1:colcon.colcon_core.environment:create_environment_scripts_only(sllidar_ros2)
[0.786s] DEBUG:colcon.colcon_core.event_handler.log_command:Invoked command in '/home/kmw/2025IEVE/lidar_ws/build/sllidar_ros2' returned '0': CMAKE_PREFIX_PATH=${CMAKE_PREFIX_PATH}:/home/kmw/2025IEVE/lidar_ws/install/centroids:/home/kmw/2025IEVE/lidar_ws/install/centeroids:/opt/ros/humble /usr/bin/cmake --install /home/kmw/2025IEVE/lidar_ws/build/sllidar_ros2
[0.790s] Level 1:colcon.colcon_core.environment:checking '/home/kmw/2025IEVE/lidar_ws/install/sllidar_ros2' for CMake module files
[0.791s] Level 1:colcon.colcon_core.environment:checking '/home/kmw/2025IEVE/lidar_ws/install/sllidar_ros2' for CMake config files
[0.791s] Level 1:colcon.colcon_core.shell:create_environment_hook('sllidar_ros2', 'cmake_prefix_path')
[0.792s] INFO:colcon.colcon_core.shell:Creating environment hook '/home/kmw/2025IEVE/lidar_ws/install/sllidar_ros2/share/sllidar_ros2/hook/cmake_prefix_path.ps1'
[0.794s] INFO:colcon.colcon_core.shell:Creating environment descriptor '/home/kmw/2025IEVE/lidar_ws/install/sllidar_ros2/share/sllidar_ros2/hook/cmake_prefix_path.dsv'
[0.798s] INFO:colcon.colcon_core.shell:Creating environment hook '/home/kmw/2025IEVE/lidar_ws/install/sllidar_ros2/share/sllidar_ros2/hook/cmake_prefix_path.sh'
[0.799s] Level 1:colcon.colcon_core.environment:checking '/home/kmw/2025IEVE/lidar_ws/install/sllidar_ros2/lib'
[0.799s] Level 1:colcon.colcon_core.environment:checking '/home/kmw/2025IEVE/lidar_ws/install/sllidar_ros2/bin'
[0.799s] Level 1:colcon.colcon_core.environment:checking '/home/kmw/2025IEVE/lidar_ws/install/sllidar_ros2/lib/pkgconfig/sllidar_ros2.pc'
[0.799s] Level 1:colcon.colcon_core.environment:checking '/home/kmw/2025IEVE/lidar_ws/install/sllidar_ros2/lib/python3.10/site-packages'
[0.800s] Level 1:colcon.colcon_core.environment:checking '/home/kmw/2025IEVE/lidar_ws/install/sllidar_ros2/bin'
[0.800s] INFO:colcon.colcon_core.shell:Creating package script '/home/kmw/2025IEVE/lidar_ws/install/sllidar_ros2/share/sllidar_ros2/package.ps1'
[0.802s] INFO:colcon.colcon_core.shell:Creating package descriptor '/home/kmw/2025IEVE/lidar_ws/install/sllidar_ros2/share/sllidar_ros2/package.dsv'
[0.803s] INFO:colcon.colcon_core.shell:Creating package script '/home/kmw/2025IEVE/lidar_ws/install/sllidar_ros2/share/sllidar_ros2/package.sh'
[0.804s] INFO:colcon.colcon_core.shell:Creating package script '/home/kmw/2025IEVE/lidar_ws/install/sllidar_ros2/share/sllidar_ros2/package.bash'
[0.805s] INFO:colcon.colcon_core.shell:Creating package script '/home/kmw/2025IEVE/lidar_ws/install/sllidar_ros2/share/sllidar_ros2/package.zsh'
[0.807s] Level 1:colcon.colcon_core.environment:create_file_with_runtime_dependencies(/home/kmw/2025IEVE/lidar_ws/install/sllidar_ros2/share/colcon-core/packages/sllidar_ros2)
[0.808s] Level 1:colcon.colcon_core.environment:create_environment_scripts_only(sllidar_ros2)
[0.808s] Level 1:colcon.colcon_core.environment:checking '/home/kmw/2025IEVE/lidar_ws/install/sllidar_ros2' for CMake module files
[0.809s] Level 1:colcon.colcon_core.environment:checking '/home/kmw/2025IEVE/lidar_ws/install/sllidar_ros2' for CMake config files
[0.809s] Level 1:colcon.colcon_core.shell:create_environment_hook('sllidar_ros2', 'cmake_prefix_path')
[0.810s] INFO:colcon.colcon_core.shell:Creating environment hook '/home/kmw/2025IEVE/lidar_ws/install/sllidar_ros2/share/sllidar_ros2/hook/cmake_prefix_path.ps1'
[0.810s] INFO:colcon.colcon_core.shell:Creating environment descriptor '/home/kmw/2025IEVE/lidar_ws/install/sllidar_ros2/share/sllidar_ros2/hook/cmake_prefix_path.dsv'
[0.811s] INFO:colcon.colcon_core.shell:Creating environment hook '/home/kmw/2025IEVE/lidar_ws/install/sllidar_ros2/share/sllidar_ros2/hook/cmake_prefix_path.sh'
[0.812s] Level 1:colcon.colcon_core.environment:checking '/home/kmw/2025IEVE/lidar_ws/install/sllidar_ros2/lib'
[0.813s] Level 1:colcon.colcon_core.environment:checking '/home/kmw/2025IEVE/lidar_ws/install/sllidar_ros2/bin'
[0.813s] Level 1:colcon.colcon_core.environment:checking '/home/kmw/2025IEVE/lidar_ws/install/sllidar_ros2/lib/pkgconfig/sllidar_ros2.pc'
[0.813s] Level 1:colcon.colcon_core.environment:checking '/home/kmw/2025IEVE/lidar_ws/install/sllidar_ros2/lib/python3.10/site-packages'
[0.813s] Level 1:colcon.colcon_core.environment:checking '/home/kmw/2025IEVE/lidar_ws/install/sllidar_ros2/bin'
[0.814s] INFO:colcon.colcon_core.shell:Creating package script '/home/kmw/2025IEVE/lidar_ws/install/sllidar_ros2/share/sllidar_ros2/package.ps1'
[0.816s] INFO:colcon.colcon_core.shell:Creating package descriptor '/home/kmw/2025IEVE/lidar_ws/install/sllidar_ros2/share/sllidar_ros2/package.dsv'
[0.819s] INFO:colcon.colcon_core.shell:Creating package script '/home/kmw/2025IEVE/lidar_ws/install/sllidar_ros2/share/sllidar_ros2/package.sh'
[0.820s] INFO:colcon.colcon_core.shell:Creating package script '/home/kmw/2025IEVE/lidar_ws/install/sllidar_ros2/share/sllidar_ros2/package.bash'
[0.821s] INFO:colcon.colcon_core.shell:Creating package script '/home/kmw/2025IEVE/lidar_ws/install/sllidar_ros2/share/sllidar_ros2/package.zsh'
[0.822s] Level 1:colcon.colcon_core.environment:create_file_with_runtime_dependencies(/home/kmw/2025IEVE/lidar_ws/install/sllidar_ros2/share/colcon-core/packages/sllidar_ros2)
[0.824s] Level 1:colcon.colcon_core.environment:create_environment_scripts_only(laser_segmentation)
[0.824s] Level 1:colcon.colcon_core.environment:checking '/home/kmw/2025IEVE/lidar_ws/install/laser_segmentation' for CMake module files
[0.825s] DEBUG:colcon.colcon_core.event_handler.log_command:Invoked command in '/home/kmw/2025IEVE/lidar_ws/build/laser_segmentation' returned '0': CMAKE_PREFIX_PATH=${CMAKE_PREFIX_PATH}:/home/kmw/2025IEVE/lidar_ws/install/centroids:/home/kmw/2025IEVE/lidar_ws/install/centeroids:/opt/ros/humble /usr/bin/cmake --install /home/kmw/2025IEVE/lidar_ws/build/laser_segmentation
[0.826s] Level 1:colcon.colcon_core.environment:checking '/home/kmw/2025IEVE/lidar_ws/install/laser_segmentation' for CMake config files
[0.826s] Level 1:colcon.colcon_core.shell:create_environment_hook('laser_segmentation', 'cmake_prefix_path')
[0.827s] INFO:colcon.colcon_core.shell:Creating environment hook '/home/kmw/2025IEVE/lidar_ws/install/laser_segmentation/share/laser_segmentation/hook/cmake_prefix_path.ps1'
[0.828s] INFO:colcon.colcon_core.shell:Creating environment descriptor '/home/kmw/2025IEVE/lidar_ws/install/laser_segmentation/share/laser_segmentation/hook/cmake_prefix_path.dsv'
[0.828s] INFO:colcon.colcon_core.shell:Creating environment hook '/home/kmw/2025IEVE/lidar_ws/install/laser_segmentation/share/laser_segmentation/hook/cmake_prefix_path.sh'
[0.829s] Level 1:colcon.colcon_core.environment:checking '/home/kmw/2025IEVE/lidar_ws/install/laser_segmentation/lib'
[0.829s] Level 1:colcon.colcon_core.shell:create_environment_hook('laser_segmentation', 'ld_library_path_lib')
[0.830s] INFO:colcon.colcon_core.shell:Creating environment hook '/home/kmw/2025IEVE/lidar_ws/install/laser_segmentation/share/laser_segmentation/hook/ld_library_path_lib.ps1'
[0.830s] INFO:colcon.colcon_core.shell:Creating environment descriptor '/home/kmw/2025IEVE/lidar_ws/install/laser_segmentation/share/laser_segmentation/hook/ld_library_path_lib.dsv'
[0.831s] INFO:colcon.colcon_core.shell:Creating environment hook '/home/kmw/2025IEVE/lidar_ws/install/laser_segmentation/share/laser_segmentation/hook/ld_library_path_lib.sh'
[0.831s] Level 1:colcon.colcon_core.environment:checking '/home/kmw/2025IEVE/lidar_ws/install/laser_segmentation/bin'
[0.831s] Level 1:colcon.colcon_core.environment:checking '/home/kmw/2025IEVE/lidar_ws/install/laser_segmentation/lib/pkgconfig/laser_segmentation.pc'
[0.832s] Level 1:colcon.colcon_core.environment:checking '/home/kmw/2025IEVE/lidar_ws/install/laser_segmentation/lib/python3.10/site-packages'
[0.832s] Level 1:colcon.colcon_core.environment:checking '/home/kmw/2025IEVE/lidar_ws/install/laser_segmentation/bin'
[0.833s] INFO:colcon.colcon_core.shell:Creating package script '/home/kmw/2025IEVE/lidar_ws/install/laser_segmentation/share/laser_segmentation/package.ps1'
[0.834s] INFO:colcon.colcon_core.shell:Creating package descriptor '/home/kmw/2025IEVE/lidar_ws/install/laser_segmentation/share/laser_segmentation/package.dsv'
[0.834s] INFO:colcon.colcon_core.shell:Creating package script '/home/kmw/2025IEVE/lidar_ws/install/laser_segmentation/share/laser_segmentation/package.sh'
[0.835s] INFO:colcon.colcon_core.shell:Creating package script '/home/kmw/2025IEVE/lidar_ws/install/laser_segmentation/share/laser_segmentation/package.bash'
[0.836s] INFO:colcon.colcon_core.shell:Creating package script '/home/kmw/2025IEVE/lidar_ws/install/laser_segmentation/share/laser_segmentation/package.zsh'
[0.836s] Level 1:colcon.colcon_core.environment:create_file_with_runtime_dependencies(/home/kmw/2025IEVE/lidar_ws/install/laser_segmentation/share/colcon-core/packages/laser_segmentation)
[0.837s] Level 1:colcon.colcon_core.environment:create_environment_scripts_only(laser_segmentation)
[0.838s] Level 1:colcon.colcon_core.environment:checking '/home/kmw/2025IEVE/lidar_ws/install/laser_segmentation' for CMake module files
[0.838s] Level 1:colcon.colcon_core.environment:checking '/home/kmw/2025IEVE/lidar_ws/install/laser_segmentation' for CMake config files
[0.839s] Level 1:colcon.colcon_core.shell:create_environment_hook('laser_segmentation', 'cmake_prefix_path')
[0.839s] INFO:colcon.colcon_core.shell:Creating environment hook '/home/kmw/2025IEVE/lidar_ws/install/laser_segmentation/share/laser_segmentation/hook/cmake_prefix_path.ps1'
[0.840s] INFO:colcon.colcon_core.shell:Creating environment descriptor '/home/kmw/2025IEVE/lidar_ws/install/laser_segmentation/share/laser_segmentation/hook/cmake_prefix_path.dsv'
[0.841s] INFO:colcon.colcon_core.shell:Creating environment hook '/home/kmw/2025IEVE/lidar_ws/install/laser_segmentation/share/laser_segmentation/hook/cmake_prefix_path.sh'
[0.841s] Level 1:colcon.colcon_core.environment:checking '/home/kmw/2025IEVE/lidar_ws/install/laser_segmentation/lib'
[0.842s] Level 1:colcon.colcon_core.shell:create_environment_hook('laser_segmentation', 'ld_library_path_lib')
[0.842s] INFO:colcon.colcon_core.shell:Creating environment hook '/home/kmw/2025IEVE/lidar_ws/install/laser_segmentation/share/laser_segmentation/hook/ld_library_path_lib.ps1'
[0.842s] INFO:colcon.colcon_core.shell:Creating environment descriptor '/home/kmw/2025IEVE/lidar_ws/install/laser_segmentation/share/laser_segmentation/hook/ld_library_path_lib.dsv'
[0.843s] INFO:colcon.colcon_core.shell:Creating environment hook '/home/kmw/2025IEVE/lidar_ws/install/laser_segmentation/share/laser_segmentation/hook/ld_library_path_lib.sh'
[0.844s] Level 1:colcon.colcon_core.environment:checking '/home/kmw/2025IEVE/lidar_ws/install/laser_segmentation/bin'
[0.844s] Level 1:colcon.colcon_core.environment:checking '/home/kmw/2025IEVE/lidar_ws/install/laser_segmentation/lib/pkgconfig/laser_segmentation.pc'
[0.844s] Level 1:colcon.colcon_core.environment:checking '/home/kmw/2025IEVE/lidar_ws/install/laser_segmentation/lib/python3.10/site-packages'
[0.844s] Level 1:colcon.colcon_core.environment:checking '/home/kmw/2025IEVE/lidar_ws/install/laser_segmentation/bin'
[0.845s] INFO:colcon.colcon_core.shell:Creating package script '/home/kmw/2025IEVE/lidar_ws/install/laser_segmentation/share/laser_segmentation/package.ps1'
[0.846s] INFO:colcon.colcon_core.shell:Creating package descriptor '/home/kmw/2025IEVE/lidar_ws/install/laser_segmentation/share/laser_segmentation/package.dsv'
[0.847s] INFO:colcon.colcon_core.shell:Creating package script '/home/kmw/2025IEVE/lidar_ws/install/laser_segmentation/share/laser_segmentation/package.sh'
[0.847s] INFO:colcon.colcon_core.shell:Creating package script '/home/kmw/2025IEVE/lidar_ws/install/laser_segmentation/share/laser_segmentation/package.bash'
[0.848s] INFO:colcon.colcon_core.shell:Creating package script '/home/kmw/2025IEVE/lidar_ws/install/laser_segmentation/share/laser_segmentation/package.zsh'
[0.849s] Level 1:colcon.colcon_core.environment:create_file_with_runtime_dependencies(/home/kmw/2025IEVE/lidar_ws/install/laser_segmentation/share/colcon-core/packages/laser_segmentation)
[1.525s] DEBUG:colcon.colcon_core.event_handler.log_command:Invoking command in '/home/kmw/2025IEVE/lidar_ws/src/centroids': PYTHONPATH=/home/kmw/2025IEVE/lidar_ws/build/centroids/prefix_override:/usr/lib/python3/dist-packages/colcon_core/task/python/colcon_distutils_commands:/home/kmw/2025IEVE/lidar_ws/install/centroids/lib/python3.10/site-packages:${PYTHONPATH} /usr/bin/python3 -W ignore:setup.py install is deprecated -W ignore:easy_install command is deprecated setup.py egg_info --egg-base ../../build/centroids build --build-base /home/kmw/2025IEVE/lidar_ws/build/centroids/build install --record /home/kmw/2025IEVE/lidar_ws/build/centroids/install.log --single-version-externally-managed install_data
[2.142s] Level 1:colcon.colcon_core.environment:checking '/home/kmw/2025IEVE/lidar_ws/install/centroids' for CMake module files
[2.143s] DEBUG:colcon.colcon_core.event_handler.log_command:Invoked command in '/home/kmw/2025IEVE/lidar_ws/src/centroids' returned '0': PYTHONPATH=/home/kmw/2025IEVE/lidar_ws/build/centroids/prefix_override:/usr/lib/python3/dist-packages/colcon_core/task/python/colcon_distutils_commands:/home/kmw/2025IEVE/lidar_ws/install/centroids/lib/python3.10/site-packages:${PYTHONPATH} /usr/bin/python3 -W ignore:setup.py install is deprecated -W ignore:easy_install command is deprecated setup.py egg_info --egg-base ../../build/centroids build --build-base /home/kmw/2025IEVE/lidar_ws/build/centroids/build install --record /home/kmw/2025IEVE/lidar_ws/build/centroids/install.log --single-version-externally-managed install_data
[2.143s] Level 1:colcon.colcon_core.environment:checking '/home/kmw/2025IEVE/lidar_ws/install/centroids' for CMake config files
[2.145s] Level 1:colcon.colcon_core.environment:checking '/home/kmw/2025IEVE/lidar_ws/install/centroids/lib'
[2.145s] Level 1:colcon.colcon_core.environment:checking '/home/kmw/2025IEVE/lidar_ws/install/centroids/bin'
[2.145s] Level 1:colcon.colcon_core.environment:checking '/home/kmw/2025IEVE/lidar_ws/install/centroids/lib/pkgconfig/centroids.pc'
[2.146s] Level 1:colcon.colcon_core.environment:checking '/home/kmw/2025IEVE/lidar_ws/install/centroids/lib/python3.10/site-packages'
[2.146s] Level 1:colcon.colcon_core.shell:create_environment_hook('centroids', 'pythonpath')
[2.146s] INFO:colcon.colcon_core.shell:Creating environment hook '/home/kmw/2025IEVE/lidar_ws/install/centroids/share/centroids/hook/pythonpath.ps1'
[2.147s] INFO:colcon.colcon_core.shell:Creating environment descriptor '/home/kmw/2025IEVE/lidar_ws/install/centroids/share/centroids/hook/pythonpath.dsv'
[2.148s] INFO:colcon.colcon_core.shell:Creating environment hook '/home/kmw/2025IEVE/lidar_ws/install/centroids/share/centroids/hook/pythonpath.sh'
[2.149s] Level 1:colcon.colcon_core.environment:checking '/home/kmw/2025IEVE/lidar_ws/install/centroids/bin'
[2.149s] Level 1:colcon.colcon_core.environment:create_environment_scripts_only(centroids)
[2.149s] INFO:colcon.colcon_core.shell:Creating package script '/home/kmw/2025IEVE/lidar_ws/install/centroids/share/centroids/package.ps1'
[2.150s] INFO:colcon.colcon_core.shell:Creating package descriptor '/home/kmw/2025IEVE/lidar_ws/install/centroids/share/centroids/package.dsv'
[2.151s] INFO:colcon.colcon_core.shell:Creating package script '/home/kmw/2025IEVE/lidar_ws/install/centroids/share/centroids/package.sh'
[2.152s] INFO:colcon.colcon_core.shell:Creating package script '/home/kmw/2025IEVE/lidar_ws/install/centroids/share/centroids/package.bash'
[2.153s] INFO:colcon.colcon_core.shell:Creating package script '/home/kmw/2025IEVE/lidar_ws/install/centroids/share/centroids/package.zsh'
[2.154s] Level 1:colcon.colcon_core.environment:create_file_with_runtime_dependencies(/home/kmw/2025IEVE/lidar_ws/install/centroids/share/colcon-core/packages/centroids)
[2.154s] DEBUG:colcon.colcon_parallel_executor.executor.parallel:closing loop
[2.154s] DEBUG:colcon.colcon_parallel_executor.executor.parallel:loop closed
[2.154s] DEBUG:colcon.colcon_parallel_executor.executor.parallel:run_until_complete finished with '0'
[2.154s] DEBUG:colcon.colcon_core.event_reactor:joining thread
[2.160s] INFO:colcon.colcon_core.plugin_system:Skipping extension 'colcon_notification.desktop_notification.terminal_notifier': Not used on non-Darwin systems
[2.160s] INFO:colcon.colcon_core.plugin_system:Skipping extension 'colcon_notification.desktop_notification.win32': Not used on non-Windows systems
[2.160s] INFO:colcon.colcon_notification.desktop_notification:Sending desktop notification using 'notify2'
[2.172s] DEBUG:colcon.colcon_core.event_reactor:joined thread
[2.173s] INFO:colcon.colcon_core.shell:Creating prefix script '/home/kmw/2025IEVE/lidar_ws/install/local_setup.ps1'
[2.176s] INFO:colcon.colcon_core.shell:Creating prefix util module '/home/kmw/2025IEVE/lidar_ws/install/_local_setup_util_ps1.py'
[2.179s] INFO:colcon.colcon_core.shell:Creating prefix chain script '/home/kmw/2025IEVE/lidar_ws/install/setup.ps1'
[2.181s] INFO:colcon.colcon_core.shell:Creating prefix script '/home/kmw/2025IEVE/lidar_ws/install/local_setup.sh'
[2.185s] INFO:colcon.colcon_core.shell:Creating prefix util module '/home/kmw/2025IEVE/lidar_ws/install/_local_setup_util_sh.py'
[2.187s] INFO:colcon.colcon_core.shell:Creating prefix chain script '/home/kmw/2025IEVE/lidar_ws/install/setup.sh'
[2.192s] INFO:colcon.colcon_core.shell:Creating prefix script '/home/kmw/2025IEVE/lidar_ws/install/local_setup.bash'
[2.193s] INFO:colcon.colcon_core.shell:Creating prefix chain script '/home/kmw/2025IEVE/lidar_ws/install/setup.bash'
[2.196s] INFO:colcon.colcon_core.shell:Creating prefix script '/home/kmw/2025IEVE/lidar_ws/install/local_setup.zsh'
[2.198s] INFO:colcon.colcon_core.shell:Creating prefix chain script '/home/kmw/2025IEVE/lidar_ws/install/setup.zsh'
