-- Found ament_cmake: 1.3.10 (/opt/ros/humble/share/ament_cmake/cmake)
-- Found rclcpp: 16.0.11 (/opt/ros/humble/share/rclcpp/cmake)
-- Found rosidl_generator_c: 3.1.6 (/opt/ros/humble/share/rosidl_generator_c/cmake)
-- Found rosidl_adapter: 3.1.6 (/opt/ros/humble/share/rosidl_adapter/cmake)
-- Found rosidl_generator_cpp: 3.1.6 (/opt/ros/humble/share/rosidl_generator_cpp/cmake)
-- Using all available rosidl_typesupport_c: rosidl_typesupport_fastrtps_c;rosidl_typesupport_introspection_c
-- Using all available rosidl_typesupport_cpp: rosidl_typesupport_fastrtps_cpp;rosidl_typesupport_introspection_cpp
-- Found rmw_implementation_cmake: 6.1.2 (/opt/ros/humble/share/rmw_implementation_cmake/cmake)
-- Found rmw_fastrtps_cpp: 6.2.7 (/opt/ros/humble/share/rmw_fastrtps_cpp/cmake)
-- Using RMW implementation 'rmw_fastrtps_cpp' as default
-- Found rclcpp_lifecycle: 16.0.11 (/opt/ros/humble/share/rclcpp_lifecycle/cmake)
-- Found rclcpp_components: 16.0.11 (/opt/ros/humble/share/rclcpp_components/cmake)
-- Found sensor_msgs: 4.2.4 (/opt/ros/humble/share/sensor_msgs/cmake)
-- Found visualization_msgs: 4.2.4 (/opt/ros/humble/share/visualization_msgs/cmake)
-- Found slg_msgs: 3.9.1 (/opt/ros/humble/share/slg_msgs/cmake)
-- Found ament_lint_auto: 0.12.11 (/opt/ros/humble/share/ament_lint_auto/cmake)
-- Found gtest sources under '/opt/ros/humble/src/gtest_vendor': C++ tests using 'Google Test' will be built
-- Added test 'cppcheck' to perform static code analysis on C / C++ code
-- Configured cppcheck include dirs: $<BUILD_INTERFACE:/home/kmw/2025IEVE/lidar_ws/src/laser_segmentation/include>
-- Configured cppcheck exclude dirs and/or files: 
-- Added test 'cpplint' to check C / C++ code against the Google style
-- Configured cpplint exclude dirs and/or files: 
-- Added test 'flake8' to check Python code syntax and style conventions
-- Added test 'lint_cmake' to check CMake code style
-- Added test 'pep257' to check Python code against some of the docstring style conventions in PEP 257
-- Added test 'uncrustify' to check C / C++ code style
-- Configured uncrustify additional arguments: 
-- Added test 'xmllint' to check XML markup files
-- Configuring done
-- Generating done
-- Build files have been written to: /home/kmw/2025IEVE/lidar_ws/build/laser_segmentation
[35m[1mConsolidate compiler generated dependencies of target gtest_main[0m
[35m[1mConsolidate compiler generated dependencies of target gtest[0m
[35m[1mConsolidate compiler generated dependencies of target laser_segmentation_core[0m
[ 23%] Built target gtest_main
[ 23%] Built target gtest
[ 52%] Built target laser_segmentation_core
[35m[1mConsolidate compiler generated dependencies of target test_integration[0m
[35m[1mConsolidate compiler generated dependencies of target test_laser_segmentation[0m
[35m[1mConsolidate compiler generated dependencies of target laser_segmentation[0m
[35m[1mConsolidate compiler generated dependencies of target test_segmentations[0m
[ 76%] Built target test_segmentations
[ 76%] Built target laser_segmentation
[ 88%] Built target test_laser_segmentation
[100%] Built target test_integration
-- Install configuration: "Release"
-- Up-to-date: /home/kmw/2025IEVE/lidar_ws/install/laser_segmentation/lib/liblaser_segmentation_core.so
-- Up-to-date: /home/kmw/2025IEVE/lidar_ws/install/laser_segmentation/lib/laser_segmentation/laser_segmentation
-- Up-to-date: /home/kmw/2025IEVE/lidar_ws/install/laser_segmentation/include/laser_segmentation
-- Up-to-date: /home/kmw/2025IEVE/lidar_ws/install/laser_segmentation/include/laser_segmentation/laser_segmentation
-- Up-to-date: /home/kmw/2025IEVE/lidar_ws/install/laser_segmentation/include/laser_segmentation/laser_segmentation/segmentation
-- Up-to-date: /home/kmw/2025IEVE/lidar_ws/install/laser_segmentation/include/laser_segmentation/laser_segmentation/segmentation/jump_distance_merge.hpp
-- Up-to-date: /home/kmw/2025IEVE/lidar_ws/install/laser_segmentation/include/laser_segmentation/laser_segmentation/segmentation/segmentation.hpp
-- Up-to-date: /home/kmw/2025IEVE/lidar_ws/install/laser_segmentation/include/laser_segmentation/laser_segmentation/segmentation/jump_distance.hpp
-- Up-to-date: /home/kmw/2025IEVE/lidar_ws/install/laser_segmentation/include/laser_segmentation/laser_segmentation/laser_segmentation.hpp
-- Up-to-date: /home/kmw/2025IEVE/lidar_ws/install/laser_segmentation/include/laser_segmentation/laser_segmentation/parameter_handler.hpp
-- Up-to-date: /home/kmw/2025IEVE/lidar_ws/install/laser_segmentation/include/laser_segmentation/laser_segmentation/parula.hpp
-- Up-to-date: /home/kmw/2025IEVE/lidar_ws/install/laser_segmentation/share/laser_segmentation//launch
-- Up-to-date: /home/kmw/2025IEVE/lidar_ws/install/laser_segmentation/share/laser_segmentation//launch/segmentation.launch.py
-- Up-to-date: /home/kmw/2025IEVE/lidar_ws/install/laser_segmentation/share/laser_segmentation//params
-- Up-to-date: /home/kmw/2025IEVE/lidar_ws/install/laser_segmentation/share/laser_segmentation//params/default_params.yml
-- Up-to-date: /home/kmw/2025IEVE/lidar_ws/install/laser_segmentation/share/laser_segmentation//params/close_steps_detect.yml
-- Up-to-date: /home/kmw/2025IEVE/lidar_ws/install/laser_segmentation/share/laser_segmentation/environment/library_path.sh
-- Installing: /home/kmw/2025IEVE/lidar_ws/install/laser_segmentation/share/laser_segmentation/environment/library_path.dsv
-- Up-to-date: /home/kmw/2025IEVE/lidar_ws/install/laser_segmentation/share/ament_index/resource_index/package_run_dependencies/laser_segmentation
-- Up-to-date: /home/kmw/2025IEVE/lidar_ws/install/laser_segmentation/share/ament_index/resource_index/parent_prefix_path/laser_segmentation
-- Up-to-date: /home/kmw/2025IEVE/lidar_ws/install/laser_segmentation/share/laser_segmentation/environment/ament_prefix_path.sh
-- Installing: /home/kmw/2025IEVE/lidar_ws/install/laser_segmentation/share/laser_segmentation/environment/ament_prefix_path.dsv
-- Up-to-date: /home/kmw/2025IEVE/lidar_ws/install/laser_segmentation/share/laser_segmentation/environment/path.sh
-- Installing: /home/kmw/2025IEVE/lidar_ws/install/laser_segmentation/share/laser_segmentation/environment/path.dsv
-- Up-to-date: /home/kmw/2025IEVE/lidar_ws/install/laser_segmentation/share/laser_segmentation/local_setup.bash
-- Up-to-date: /home/kmw/2025IEVE/lidar_ws/install/laser_segmentation/share/laser_segmentation/local_setup.sh
-- Up-to-date: /home/kmw/2025IEVE/lidar_ws/install/laser_segmentation/share/laser_segmentation/local_setup.zsh
-- Installing: /home/kmw/2025IEVE/lidar_ws/install/laser_segmentation/share/laser_segmentation/local_setup.dsv
-- Installing: /home/kmw/2025IEVE/lidar_ws/install/laser_segmentation/share/laser_segmentation/package.dsv
-- Up-to-date: /home/kmw/2025IEVE/lidar_ws/install/laser_segmentation/share/ament_index/resource_index/packages/laser_segmentation
-- Up-to-date: /home/kmw/2025IEVE/lidar_ws/install/laser_segmentation/share/ament_index/resource_index/rclcpp_components/laser_segmentation
-- Up-to-date: /home/kmw/2025IEVE/lidar_ws/install/laser_segmentation/share/laser_segmentation/cmake/laser_segmentationExport.cmake
-- Up-to-date: /home/kmw/2025IEVE/lidar_ws/install/laser_segmentation/share/laser_segmentation/cmake/laser_segmentationExport-release.cmake
-- Up-to-date: /home/kmw/2025IEVE/lidar_ws/install/laser_segmentation/share/laser_segmentation/cmake/ament_cmake_export_include_directories-extras.cmake
-- Up-to-date: /home/kmw/2025IEVE/lidar_ws/install/laser_segmentation/share/laser_segmentation/cmake/ament_cmake_export_libraries-extras.cmake
-- Up-to-date: /home/kmw/2025IEVE/lidar_ws/install/laser_segmentation/share/laser_segmentation/cmake/ament_cmake_export_dependencies-extras.cmake
-- Up-to-date: /home/kmw/2025IEVE/lidar_ws/install/laser_segmentation/share/laser_segmentation/cmake/ament_cmake_export_targets-extras.cmake
-- Up-to-date: /home/kmw/2025IEVE/lidar_ws/install/laser_segmentation/share/laser_segmentation/cmake/laser_segmentationConfig.cmake
-- Up-to-date: /home/kmw/2025IEVE/lidar_ws/install/laser_segmentation/share/laser_segmentation/cmake/laser_segmentationConfig-version.cmake
-- Up-to-date: /home/kmw/2025IEVE/lidar_ws/install/laser_segmentation/share/laser_segmentation/package.xml
