[5.127s] Invoking command in '/home/kmw/2025IEVE/lidar_ws/src/centroids': PYTHONPATH=/home/kmw/2025IEVE/lidar_ws/build/centroids/prefix_override:/usr/lib/python3/dist-packages/colcon_core/task/python/colcon_distutils_commands:/home/kmw/2025IEVE/lidar_ws/install/centroids/lib/python3.10/site-packages:${PYTHONPATH} /usr/bin/python3 -W ignore:setup.py install is deprecated -W ignore:easy_install command is deprecated setup.py egg_info --egg-base ../../build/centroids build --build-base /home/kmw/2025IEVE/lidar_ws/build/centroids/build install --record /home/kmw/2025IEVE/lidar_ws/build/centroids/install.log --single-version-externally-managed install_data
[6.420s] running egg_info
[6.463s] writing ../../build/centroids/centroids.egg-info/PKG-INFO
[6.464s] writing dependency_links to ../../build/centroids/centroids.egg-info/dependency_links.txt
[6.464s] writing entry points to ../../build/centroids/centroids.egg-info/entry_points.txt
[6.465s] writing requirements to ../../build/centroids/centroids.egg-info/requires.txt
[6.465s] writing top-level names to ../../build/centroids/centroids.egg-info/top_level.txt
[6.565s] reading manifest file '../../build/centroids/centroids.egg-info/SOURCES.txt'
[6.568s] writing manifest file '../../build/centroids/centroids.egg-info/SOURCES.txt'
[6.568s] running build
[6.568s] running build_py
[6.569s] copying centroids/centroids_visualize.py -> /home/kmw/2025IEVE/lidar_ws/build/centroids/build/lib/centroids
[6.570s] running install
[6.582s] running install_lib
[6.624s] running install_data
[6.625s] running install_egg_info
[6.678s] removing '/home/kmw/2025IEVE/lidar_ws/install/centroids/lib/python3.10/site-packages/centroids-0.0.0-py3.10.egg-info' (and everything under it)
[6.678s] Copying ../../build/centroids/centroids.egg-info to /home/kmw/2025IEVE/lidar_ws/install/centroids/lib/python3.10/site-packages/centroids-0.0.0-py3.10.egg-info
[6.688s] running install_scripts
[7.045s] Installing centroids_visualize script to /home/kmw/2025IEVE/lidar_ws/install/centroids/lib/centroids
[7.045s] Installing lr_dis script to /home/kmw/2025IEVE/lidar_ws/install/centroids/lib/centroids
[7.048s] writing list of installed files to '/home/kmw/2025IEVE/lidar_ws/build/centroids/install.log'
[7.212s] Invoked command in '/home/kmw/2025IEVE/lidar_ws/src/centroids' returned '0': PYTHONPATH=/home/kmw/2025IEVE/lidar_ws/build/centroids/prefix_override:/usr/lib/python3/dist-packages/colcon_core/task/python/colcon_distutils_commands:/home/kmw/2025IEVE/lidar_ws/install/centroids/lib/python3.10/site-packages:${PYTHONPATH} /usr/bin/python3 -W ignore:setup.py install is deprecated -W ignore:easy_install command is deprecated setup.py egg_info --egg-base ../../build/centroids build --build-base /home/kmw/2025IEVE/lidar_ws/build/centroids/build install --record /home/kmw/2025IEVE/lidar_ws/build/centroids/install.log --single-version-externally-managed install_data
