[0.220s] DEBUG:colcon:Command line arguments: ['/usr/bin/colcon', 'build']
[0.220s] DEBUG:colcon:Parsed command line arguments: Namespace(log_base=None, log_level=None, verb_name='build', build_base='build', install_base='install', merge_install=False, symlink_install=False, test_result_base=None, continue_on_error=False, executor='parallel', parallel_workers=8, event_handlers=None, ignore_user_meta=False, metas=['./colcon.meta'], base_paths=['.'], packages_ignore=None, packages_ignore_regex=None, paths=None, packages_up_to=None, packages_up_to_regex=None, packages_above=None, packages_above_and_dependencies=None, packages_above_depth=None, packages_select_by_dep=None, packages_skip_by_dep=None, packages_skip_up_to=None, packages_select_build_failed=False, packages_skip_build_finished=False, packages_select_test_failures=False, packages_skip_test_passed=False, packages_select=None, packages_skip=None, packages_select_regex=None, packages_skip_regex=None, packages_start=None, packages_end=None, allow_overriding=[], cmake_args=None, cmake_target=None, cmake_target_skip_unavailable=False, cmake_clean_cache=False, cmake_clean_first=False, cmake_force_configure=False, ament_cmake_args=None, catkin_cmake_args=None, catkin_skip_building_tests=False, mixin_files=None, mixin=None, verb_parser=<colcon_mixin.mixin.mixin_argument.MixinArgumentDecorator object at 0x7195f456b2e0>, verb_extension=<colcon_core.verb.build.BuildVerb object at 0x7195f46b4850>, main=<bound method BuildVerb.main of <colcon_core.verb.build.BuildVerb object at 0x7195f46b4850>>, mixin_verb=('build',))
[0.269s] Level 1:colcon.colcon_core.package_discovery:discover_packages(colcon_meta) check parameters
[0.269s] Level 1:colcon.colcon_core.package_discovery:discover_packages(recursive) check parameters
[0.269s] Level 1:colcon.colcon_core.package_discovery:discover_packages(ignore) check parameters
[0.269s] Level 1:colcon.colcon_core.package_discovery:discover_packages(path) check parameters
[0.269s] Level 1:colcon.colcon_core.package_discovery:discover_packages(colcon_meta) discover
[0.269s] Level 1:colcon.colcon_core.package_discovery:discover_packages(recursive) discover
[0.269s] INFO:colcon.colcon_core.package_discovery:Crawling recursively for packages in '/home/kmw/2025IEVE/lidar_ws'
[0.269s] Level 1:colcon.colcon_core.package_identification:_identify(.) by extensions ['ignore', 'ignore_ament_install']
[0.269s] Level 1:colcon.colcon_core.package_identification:_identify(.) by extension 'ignore'
[0.269s] Level 1:colcon.colcon_core.package_identification:_identify(.) by extension 'ignore_ament_install'
[0.269s] Level 1:colcon.colcon_core.package_identification:_identify(.) by extensions ['colcon_pkg']
[0.269s] Level 1:colcon.colcon_core.package_identification:_identify(.) by extension 'colcon_pkg'
[0.269s] Level 1:colcon.colcon_core.package_identification:_identify(.) by extensions ['colcon_meta']
[0.269s] Level 1:colcon.colcon_core.package_identification:_identify(.) by extension 'colcon_meta'
[0.269s] Level 1:colcon.colcon_core.package_identification:_identify(.) by extensions ['ros']
[0.269s] Level 1:colcon.colcon_core.package_identification:_identify(.) by extension 'ros'
[0.291s] Level 1:colcon.colcon_core.package_identification:_identify(.) by extensions ['cmake', 'python']
[0.291s] Level 1:colcon.colcon_core.package_identification:_identify(.) by extension 'cmake'
[0.291s] Level 1:colcon.colcon_core.package_identification:_identify(.) by extension 'python'
[0.291s] Level 1:colcon.colcon_core.package_identification:_identify(.) by extensions ['python_setup_py']
[0.291s] Level 1:colcon.colcon_core.package_identification:_identify(.) by extension 'python_setup_py'
[0.291s] Level 1:colcon.colcon_core.package_identification:_identify(build) by extensions ['ignore', 'ignore_ament_install']
[0.291s] Level 1:colcon.colcon_core.package_identification:_identify(build) by extension 'ignore'
[0.291s] Level 1:colcon.colcon_core.package_identification:_identify(build) ignored
[0.291s] Level 1:colcon.colcon_core.package_identification:_identify(install) by extensions ['ignore', 'ignore_ament_install']
[0.291s] Level 1:colcon.colcon_core.package_identification:_identify(install) by extension 'ignore'
[0.291s] Level 1:colcon.colcon_core.package_identification:_identify(install) ignored
[0.291s] Level 1:colcon.colcon_core.package_identification:_identify(log) by extensions ['ignore', 'ignore_ament_install']
[0.291s] Level 1:colcon.colcon_core.package_identification:_identify(log) by extension 'ignore'
[0.291s] Level 1:colcon.colcon_core.package_identification:_identify(log) ignored
[0.291s] Level 1:colcon.colcon_core.package_identification:_identify(src) by extensions ['ignore', 'ignore_ament_install']
[0.291s] Level 1:colcon.colcon_core.package_identification:_identify(src) by extension 'ignore'
[0.292s] Level 1:colcon.colcon_core.package_identification:_identify(src) by extension 'ignore_ament_install'
[0.292s] Level 1:colcon.colcon_core.package_identification:_identify(src) by extensions ['colcon_pkg']
[0.292s] Level 1:colcon.colcon_core.package_identification:_identify(src) by extension 'colcon_pkg'
[0.292s] Level 1:colcon.colcon_core.package_identification:_identify(src) by extensions ['colcon_meta']
[0.292s] Level 1:colcon.colcon_core.package_identification:_identify(src) by extension 'colcon_meta'
[0.292s] Level 1:colcon.colcon_core.package_identification:_identify(src) by extensions ['ros']
[0.292s] Level 1:colcon.colcon_core.package_identification:_identify(src) by extension 'ros'
[0.292s] Level 1:colcon.colcon_core.package_identification:_identify(src) by extensions ['cmake', 'python']
[0.292s] Level 1:colcon.colcon_core.package_identification:_identify(src) by extension 'cmake'
[0.292s] Level 1:colcon.colcon_core.package_identification:_identify(src) by extension 'python'
[0.292s] Level 1:colcon.colcon_core.package_identification:_identify(src) by extensions ['python_setup_py']
[0.292s] Level 1:colcon.colcon_core.package_identification:_identify(src) by extension 'python_setup_py'
[0.292s] Level 1:colcon.colcon_core.package_identification:_identify(src/laser_segmentation) by extensions ['ignore', 'ignore_ament_install']
[0.292s] Level 1:colcon.colcon_core.package_identification:_identify(src/laser_segmentation) by extension 'ignore'
[0.292s] Level 1:colcon.colcon_core.package_identification:_identify(src/laser_segmentation) by extension 'ignore_ament_install'
[0.292s] Level 1:colcon.colcon_core.package_identification:_identify(src/laser_segmentation) by extensions ['colcon_pkg']
[0.292s] Level 1:colcon.colcon_core.package_identification:_identify(src/laser_segmentation) by extension 'colcon_pkg'
[0.292s] Level 1:colcon.colcon_core.package_identification:_identify(src/laser_segmentation) by extensions ['colcon_meta']
[0.292s] Level 1:colcon.colcon_core.package_identification:_identify(src/laser_segmentation) by extension 'colcon_meta'
[0.292s] Level 1:colcon.colcon_core.package_identification:_identify(src/laser_segmentation) by extensions ['ros']
[0.292s] Level 1:colcon.colcon_core.package_identification:_identify(src/laser_segmentation) by extension 'ros'
[0.295s] DEBUG:colcon.colcon_core.package_identification:Package 'src/laser_segmentation' with type 'ros.ament_cmake' and name 'laser_segmentation'
[0.295s] Level 1:colcon.colcon_core.package_identification:_identify(src/sllidar_ros2) by extensions ['ignore', 'ignore_ament_install']
[0.295s] Level 1:colcon.colcon_core.package_identification:_identify(src/sllidar_ros2) by extension 'ignore'
[0.295s] Level 1:colcon.colcon_core.package_identification:_identify(src/sllidar_ros2) by extension 'ignore_ament_install'
[0.295s] Level 1:colcon.colcon_core.package_identification:_identify(src/sllidar_ros2) by extensions ['colcon_pkg']
[0.295s] Level 1:colcon.colcon_core.package_identification:_identify(src/sllidar_ros2) by extension 'colcon_pkg'
[0.295s] Level 1:colcon.colcon_core.package_identification:_identify(src/sllidar_ros2) by extensions ['colcon_meta']
[0.295s] Level 1:colcon.colcon_core.package_identification:_identify(src/sllidar_ros2) by extension 'colcon_meta'
[0.295s] Level 1:colcon.colcon_core.package_identification:_identify(src/sllidar_ros2) by extensions ['ros']
[0.295s] Level 1:colcon.colcon_core.package_identification:_identify(src/sllidar_ros2) by extension 'ros'
[0.296s] DEBUG:colcon.colcon_core.package_identification:Package 'src/sllidar_ros2' with type 'ros.ament_cmake' and name 'sllidar_ros2'
[0.296s] Level 1:colcon.colcon_core.package_discovery:discover_packages(recursive) using defaults
[0.296s] Level 1:colcon.colcon_core.package_discovery:discover_packages(ignore) discover
[0.296s] Level 1:colcon.colcon_core.package_discovery:discover_packages(ignore) using defaults
[0.296s] Level 1:colcon.colcon_core.package_discovery:discover_packages(path) discover
[0.296s] Level 1:colcon.colcon_core.package_discovery:discover_packages(path) using defaults
[0.316s] Level 1:colcon.colcon_core.package_discovery:discover_packages(prefix_path) check parameters
[0.316s] Level 1:colcon.colcon_core.package_discovery:discover_packages(prefix_path) discover
[0.319s] DEBUG:colcon.colcon_installed_package_information.package_discovery:Found 371 installed packages in /opt/ros/humble
[0.321s] Level 1:colcon.colcon_core.package_discovery:discover_packages(prefix_path) using defaults
[0.410s] Level 5:colcon.colcon_core.verb:set package 'laser_segmentation' build argument 'cmake_args' from command line to 'None'
[0.410s] Level 5:colcon.colcon_core.verb:set package 'laser_segmentation' build argument 'cmake_target' from command line to 'None'
[0.410s] Level 5:colcon.colcon_core.verb:set package 'laser_segmentation' build argument 'cmake_target_skip_unavailable' from command line to 'False'
[0.410s] Level 5:colcon.colcon_core.verb:set package 'laser_segmentation' build argument 'cmake_clean_cache' from command line to 'False'
[0.410s] Level 5:colcon.colcon_core.verb:set package 'laser_segmentation' build argument 'cmake_clean_first' from command line to 'False'
[0.410s] Level 5:colcon.colcon_core.verb:set package 'laser_segmentation' build argument 'cmake_force_configure' from command line to 'False'
[0.410s] Level 5:colcon.colcon_core.verb:set package 'laser_segmentation' build argument 'ament_cmake_args' from command line to 'None'
[0.410s] Level 5:colcon.colcon_core.verb:set package 'laser_segmentation' build argument 'catkin_cmake_args' from command line to 'None'
[0.410s] Level 5:colcon.colcon_core.verb:set package 'laser_segmentation' build argument 'catkin_skip_building_tests' from command line to 'False'
[0.410s] DEBUG:colcon.colcon_core.verb:Building package 'laser_segmentation' with the following arguments: {'ament_cmake_args': None, 'build_base': '/home/kmw/2025IEVE/lidar_ws/build/laser_segmentation', 'catkin_cmake_args': None, 'catkin_skip_building_tests': False, 'cmake_args': None, 'cmake_clean_cache': False, 'cmake_clean_first': False, 'cmake_force_configure': False, 'cmake_target': None, 'cmake_target_skip_unavailable': False, 'install_base': '/home/kmw/2025IEVE/lidar_ws/install/laser_segmentation', 'merge_install': False, 'path': '/home/kmw/2025IEVE/lidar_ws/src/laser_segmentation', 'symlink_install': False, 'test_result_base': None}
[0.410s] Level 5:colcon.colcon_core.verb:set package 'sllidar_ros2' build argument 'cmake_args' from command line to 'None'
[0.410s] Level 5:colcon.colcon_core.verb:set package 'sllidar_ros2' build argument 'cmake_target' from command line to 'None'
[0.410s] Level 5:colcon.colcon_core.verb:set package 'sllidar_ros2' build argument 'cmake_target_skip_unavailable' from command line to 'False'
[0.410s] Level 5:colcon.colcon_core.verb:set package 'sllidar_ros2' build argument 'cmake_clean_cache' from command line to 'False'
[0.410s] Level 5:colcon.colcon_core.verb:set package 'sllidar_ros2' build argument 'cmake_clean_first' from command line to 'False'
[0.410s] Level 5:colcon.colcon_core.verb:set package 'sllidar_ros2' build argument 'cmake_force_configure' from command line to 'False'
[0.411s] Level 5:colcon.colcon_core.verb:set package 'sllidar_ros2' build argument 'ament_cmake_args' from command line to 'None'
[0.411s] Level 5:colcon.colcon_core.verb:set package 'sllidar_ros2' build argument 'catkin_cmake_args' from command line to 'None'
[0.411s] Level 5:colcon.colcon_core.verb:set package 'sllidar_ros2' build argument 'catkin_skip_building_tests' from command line to 'False'
[0.411s] DEBUG:colcon.colcon_core.verb:Building package 'sllidar_ros2' with the following arguments: {'ament_cmake_args': None, 'build_base': '/home/kmw/2025IEVE/lidar_ws/build/sllidar_ros2', 'catkin_cmake_args': None, 'catkin_skip_building_tests': False, 'cmake_args': None, 'cmake_clean_cache': False, 'cmake_clean_first': False, 'cmake_force_configure': False, 'cmake_target': None, 'cmake_target_skip_unavailable': False, 'install_base': '/home/kmw/2025IEVE/lidar_ws/install/sllidar_ros2', 'merge_install': False, 'path': '/home/kmw/2025IEVE/lidar_ws/src/sllidar_ros2', 'symlink_install': False, 'test_result_base': None}
[0.411s] INFO:colcon.colcon_core.executor:Executing jobs using 'parallel' executor
[0.412s] DEBUG:colcon.colcon_parallel_executor.executor.parallel:run_until_complete
[0.412s] INFO:colcon.colcon_ros.task.ament_cmake.build:Building ROS package in '/home/kmw/2025IEVE/lidar_ws/src/laser_segmentation' with build type 'ament_cmake'
[0.412s] INFO:colcon.colcon_cmake.task.cmake.build:Building CMake package in '/home/kmw/2025IEVE/lidar_ws/src/laser_segmentation'
[0.415s] INFO:colcon.colcon_core.plugin_system:Skipping extension 'colcon_core.shell.bat': Not used on non-Windows systems
[0.415s] INFO:colcon.colcon_core.shell:Skip shell extension 'powershell' for command environment: Not usable outside of PowerShell
[0.415s] DEBUG:colcon.colcon_core.shell:Skip shell extension 'dsv' for command environment
[0.418s] INFO:colcon.colcon_ros.task.ament_cmake.build:Building ROS package in '/home/kmw/2025IEVE/lidar_ws/src/sllidar_ros2' with build type 'ament_cmake'
[0.418s] INFO:colcon.colcon_cmake.task.cmake.build:Building CMake package in '/home/kmw/2025IEVE/lidar_ws/src/sllidar_ros2'
[0.419s] INFO:colcon.colcon_core.shell:Skip shell extension 'powershell' for command environment: Not usable outside of PowerShell
[0.419s] DEBUG:colcon.colcon_core.shell:Skip shell extension 'dsv' for command environment
[0.426s] DEBUG:colcon.colcon_core.event_handler.log_command:Invoking command in '/home/kmw/2025IEVE/lidar_ws/build/laser_segmentation': CMAKE_PREFIX_PATH=/opt/ros/humble CONDA_PROMPT_MODIFIER=(base) /usr/bin/cmake /home/kmw/2025IEVE/lidar_ws/src/laser_segmentation -DCMAKE_INSTALL_PREFIX=/home/kmw/2025IEVE/lidar_ws/install/laser_segmentation
[0.432s] DEBUG:colcon.colcon_core.event_handler.log_command:Invoking command in '/home/kmw/2025IEVE/lidar_ws/build/sllidar_ros2': CMAKE_PREFIX_PATH=/opt/ros/humble CONDA_PROMPT_MODIFIER=(base) /usr/bin/cmake --build /home/kmw/2025IEVE/lidar_ws/build/sllidar_ros2 -- -j8 -l8
[0.533s] DEBUG:colcon.colcon_core.event_handler.log_command:Invoked command in '/home/kmw/2025IEVE/lidar_ws/build/sllidar_ros2' returned '0': CMAKE_PREFIX_PATH=/opt/ros/humble CONDA_PROMPT_MODIFIER=(base) /usr/bin/cmake --build /home/kmw/2025IEVE/lidar_ws/build/sllidar_ros2 -- -j8 -l8
[0.544s] DEBUG:colcon.colcon_core.event_handler.log_command:Invoking command in '/home/kmw/2025IEVE/lidar_ws/build/sllidar_ros2': CMAKE_PREFIX_PATH=/opt/ros/humble CONDA_PROMPT_MODIFIER=(base) /usr/bin/cmake --install /home/kmw/2025IEVE/lidar_ws/build/sllidar_ros2
[0.557s] Level 1:colcon.colcon_core.environment:create_environment_scripts_only(sllidar_ros2)
[0.558s] DEBUG:colcon.colcon_core.event_handler.log_command:Invoked command in '/home/kmw/2025IEVE/lidar_ws/build/sllidar_ros2' returned '0': CMAKE_PREFIX_PATH=/opt/ros/humble CONDA_PROMPT_MODIFIER=(base) /usr/bin/cmake --install /home/kmw/2025IEVE/lidar_ws/build/sllidar_ros2
[0.563s] Level 1:colcon.colcon_core.environment:checking '/home/kmw/2025IEVE/lidar_ws/install/sllidar_ros2' for CMake module files
[0.564s] Level 1:colcon.colcon_core.environment:checking '/home/kmw/2025IEVE/lidar_ws/install/sllidar_ros2' for CMake config files
[0.565s] Level 1:colcon.colcon_core.shell:create_environment_hook('sllidar_ros2', 'cmake_prefix_path')
[0.565s] INFO:colcon.colcon_core.shell:Creating environment hook '/home/kmw/2025IEVE/lidar_ws/install/sllidar_ros2/share/sllidar_ros2/hook/cmake_prefix_path.ps1'
[0.566s] INFO:colcon.colcon_core.shell:Creating environment descriptor '/home/kmw/2025IEVE/lidar_ws/install/sllidar_ros2/share/sllidar_ros2/hook/cmake_prefix_path.dsv'
[0.567s] INFO:colcon.colcon_core.shell:Creating environment hook '/home/kmw/2025IEVE/lidar_ws/install/sllidar_ros2/share/sllidar_ros2/hook/cmake_prefix_path.sh'
[0.568s] Level 1:colcon.colcon_core.environment:checking '/home/kmw/2025IEVE/lidar_ws/install/sllidar_ros2/lib'
[0.568s] Level 1:colcon.colcon_core.environment:checking '/home/kmw/2025IEVE/lidar_ws/install/sllidar_ros2/bin'
[0.568s] Level 1:colcon.colcon_core.environment:checking '/home/kmw/2025IEVE/lidar_ws/install/sllidar_ros2/lib/pkgconfig/sllidar_ros2.pc'
[0.569s] Level 1:colcon.colcon_core.environment:checking '/home/kmw/2025IEVE/lidar_ws/install/sllidar_ros2/lib/python3.10/site-packages'
[0.569s] Level 1:colcon.colcon_core.environment:checking '/home/kmw/2025IEVE/lidar_ws/install/sllidar_ros2/bin'
[0.569s] INFO:colcon.colcon_core.shell:Creating package script '/home/kmw/2025IEVE/lidar_ws/install/sllidar_ros2/share/sllidar_ros2/package.ps1'
[0.571s] INFO:colcon.colcon_core.shell:Creating package descriptor '/home/kmw/2025IEVE/lidar_ws/install/sllidar_ros2/share/sllidar_ros2/package.dsv'
[0.571s] INFO:colcon.colcon_core.shell:Creating package script '/home/kmw/2025IEVE/lidar_ws/install/sllidar_ros2/share/sllidar_ros2/package.sh'
[0.572s] INFO:colcon.colcon_core.shell:Creating package script '/home/kmw/2025IEVE/lidar_ws/install/sllidar_ros2/share/sllidar_ros2/package.bash'
[0.573s] INFO:colcon.colcon_core.shell:Creating package script '/home/kmw/2025IEVE/lidar_ws/install/sllidar_ros2/share/sllidar_ros2/package.zsh'
[0.575s] Level 1:colcon.colcon_core.environment:create_file_with_runtime_dependencies(/home/kmw/2025IEVE/lidar_ws/install/sllidar_ros2/share/colcon-core/packages/sllidar_ros2)
[0.575s] Level 1:colcon.colcon_core.environment:create_environment_scripts_only(sllidar_ros2)
[0.576s] Level 1:colcon.colcon_core.environment:checking '/home/kmw/2025IEVE/lidar_ws/install/sllidar_ros2' for CMake module files
[0.576s] Level 1:colcon.colcon_core.environment:checking '/home/kmw/2025IEVE/lidar_ws/install/sllidar_ros2' for CMake config files
[0.577s] Level 1:colcon.colcon_core.shell:create_environment_hook('sllidar_ros2', 'cmake_prefix_path')
[0.577s] INFO:colcon.colcon_core.shell:Creating environment hook '/home/kmw/2025IEVE/lidar_ws/install/sllidar_ros2/share/sllidar_ros2/hook/cmake_prefix_path.ps1'
[0.577s] INFO:colcon.colcon_core.shell:Creating environment descriptor '/home/kmw/2025IEVE/lidar_ws/install/sllidar_ros2/share/sllidar_ros2/hook/cmake_prefix_path.dsv'
[0.578s] INFO:colcon.colcon_core.shell:Creating environment hook '/home/kmw/2025IEVE/lidar_ws/install/sllidar_ros2/share/sllidar_ros2/hook/cmake_prefix_path.sh'
[0.579s] Level 1:colcon.colcon_core.environment:checking '/home/kmw/2025IEVE/lidar_ws/install/sllidar_ros2/lib'
[0.579s] Level 1:colcon.colcon_core.environment:checking '/home/kmw/2025IEVE/lidar_ws/install/sllidar_ros2/bin'
[0.579s] Level 1:colcon.colcon_core.environment:checking '/home/kmw/2025IEVE/lidar_ws/install/sllidar_ros2/lib/pkgconfig/sllidar_ros2.pc'
[0.579s] Level 1:colcon.colcon_core.environment:checking '/home/kmw/2025IEVE/lidar_ws/install/sllidar_ros2/lib/python3.10/site-packages'
[0.579s] Level 1:colcon.colcon_core.environment:checking '/home/kmw/2025IEVE/lidar_ws/install/sllidar_ros2/bin'
[0.580s] INFO:colcon.colcon_core.shell:Creating package script '/home/kmw/2025IEVE/lidar_ws/install/sllidar_ros2/share/sllidar_ros2/package.ps1'
[0.580s] INFO:colcon.colcon_core.shell:Creating package descriptor '/home/kmw/2025IEVE/lidar_ws/install/sllidar_ros2/share/sllidar_ros2/package.dsv'
[0.581s] INFO:colcon.colcon_core.shell:Creating package script '/home/kmw/2025IEVE/lidar_ws/install/sllidar_ros2/share/sllidar_ros2/package.sh'
[0.581s] INFO:colcon.colcon_core.shell:Creating package script '/home/kmw/2025IEVE/lidar_ws/install/sllidar_ros2/share/sllidar_ros2/package.bash'
[0.582s] INFO:colcon.colcon_core.shell:Creating package script '/home/kmw/2025IEVE/lidar_ws/install/sllidar_ros2/share/sllidar_ros2/package.zsh'
[0.582s] Level 1:colcon.colcon_core.environment:create_file_with_runtime_dependencies(/home/kmw/2025IEVE/lidar_ws/install/sllidar_ros2/share/colcon-core/packages/sllidar_ros2)
[1.830s] DEBUG:colcon.colcon_core.event_handler.log_command:Invoked command in '/home/kmw/2025IEVE/lidar_ws/build/laser_segmentation' returned '0': CMAKE_PREFIX_PATH=/opt/ros/humble CONDA_PROMPT_MODIFIER=(base) /usr/bin/cmake /home/kmw/2025IEVE/lidar_ws/src/laser_segmentation -DCMAKE_INSTALL_PREFIX=/home/kmw/2025IEVE/lidar_ws/install/laser_segmentation
[1.831s] DEBUG:colcon.colcon_core.event_handler.log_command:Invoking command in '/home/kmw/2025IEVE/lidar_ws/build/laser_segmentation': CMAKE_PREFIX_PATH=/opt/ros/humble CONDA_PROMPT_MODIFIER=(base) /usr/bin/cmake --build /home/kmw/2025IEVE/lidar_ws/build/laser_segmentation -- -j8 -l8
[30.375s] DEBUG:colcon.colcon_core.event_handler.log_command:Invoked command in '/home/kmw/2025IEVE/lidar_ws/build/laser_segmentation' returned '0': CMAKE_PREFIX_PATH=/opt/ros/humble CONDA_PROMPT_MODIFIER=(base) /usr/bin/cmake --build /home/kmw/2025IEVE/lidar_ws/build/laser_segmentation -- -j8 -l8
[30.376s] DEBUG:colcon.colcon_core.event_handler.log_command:Invoking command in '/home/kmw/2025IEVE/lidar_ws/build/laser_segmentation': CMAKE_PREFIX_PATH=/opt/ros/humble CONDA_PROMPT_MODIFIER=(base) /usr/bin/cmake --install /home/kmw/2025IEVE/lidar_ws/build/laser_segmentation
[30.390s] Level 1:colcon.colcon_core.environment:create_environment_scripts_only(laser_segmentation)
[30.391s] Level 1:colcon.colcon_core.environment:checking '/home/kmw/2025IEVE/lidar_ws/install/laser_segmentation' for CMake module files
[30.391s] DEBUG:colcon.colcon_core.event_handler.log_command:Invoked command in '/home/kmw/2025IEVE/lidar_ws/build/laser_segmentation' returned '0': CMAKE_PREFIX_PATH=/opt/ros/humble CONDA_PROMPT_MODIFIER=(base) /usr/bin/cmake --install /home/kmw/2025IEVE/lidar_ws/build/laser_segmentation
[30.392s] Level 1:colcon.colcon_core.environment:checking '/home/kmw/2025IEVE/lidar_ws/install/laser_segmentation' for CMake config files
[30.392s] Level 1:colcon.colcon_core.shell:create_environment_hook('laser_segmentation', 'cmake_prefix_path')
[30.392s] INFO:colcon.colcon_core.shell:Creating environment hook '/home/kmw/2025IEVE/lidar_ws/install/laser_segmentation/share/laser_segmentation/hook/cmake_prefix_path.ps1'
[30.393s] INFO:colcon.colcon_core.shell:Creating environment descriptor '/home/kmw/2025IEVE/lidar_ws/install/laser_segmentation/share/laser_segmentation/hook/cmake_prefix_path.dsv'
[30.393s] INFO:colcon.colcon_core.shell:Creating environment hook '/home/kmw/2025IEVE/lidar_ws/install/laser_segmentation/share/laser_segmentation/hook/cmake_prefix_path.sh'
[30.393s] Level 1:colcon.colcon_core.environment:checking '/home/kmw/2025IEVE/lidar_ws/install/laser_segmentation/lib'
[30.393s] Level 1:colcon.colcon_core.shell:create_environment_hook('laser_segmentation', 'ld_library_path_lib')
[30.394s] INFO:colcon.colcon_core.shell:Creating environment hook '/home/kmw/2025IEVE/lidar_ws/install/laser_segmentation/share/laser_segmentation/hook/ld_library_path_lib.ps1'
[30.394s] INFO:colcon.colcon_core.shell:Creating environment descriptor '/home/kmw/2025IEVE/lidar_ws/install/laser_segmentation/share/laser_segmentation/hook/ld_library_path_lib.dsv'
[30.394s] INFO:colcon.colcon_core.shell:Creating environment hook '/home/kmw/2025IEVE/lidar_ws/install/laser_segmentation/share/laser_segmentation/hook/ld_library_path_lib.sh'
[30.395s] Level 1:colcon.colcon_core.environment:checking '/home/kmw/2025IEVE/lidar_ws/install/laser_segmentation/bin'
[30.395s] Level 1:colcon.colcon_core.environment:checking '/home/kmw/2025IEVE/lidar_ws/install/laser_segmentation/lib/pkgconfig/laser_segmentation.pc'
[30.395s] Level 1:colcon.colcon_core.environment:checking '/home/kmw/2025IEVE/lidar_ws/install/laser_segmentation/lib/python3.10/site-packages'
[30.395s] Level 1:colcon.colcon_core.environment:checking '/home/kmw/2025IEVE/lidar_ws/install/laser_segmentation/bin'
[30.395s] INFO:colcon.colcon_core.shell:Creating package script '/home/kmw/2025IEVE/lidar_ws/install/laser_segmentation/share/laser_segmentation/package.ps1'
[30.396s] INFO:colcon.colcon_core.shell:Creating package descriptor '/home/kmw/2025IEVE/lidar_ws/install/laser_segmentation/share/laser_segmentation/package.dsv'
[30.396s] INFO:colcon.colcon_core.shell:Creating package script '/home/kmw/2025IEVE/lidar_ws/install/laser_segmentation/share/laser_segmentation/package.sh'
[30.397s] INFO:colcon.colcon_core.shell:Creating package script '/home/kmw/2025IEVE/lidar_ws/install/laser_segmentation/share/laser_segmentation/package.bash'
[30.397s] INFO:colcon.colcon_core.shell:Creating package script '/home/kmw/2025IEVE/lidar_ws/install/laser_segmentation/share/laser_segmentation/package.zsh'
[30.397s] Level 1:colcon.colcon_core.environment:create_file_with_runtime_dependencies(/home/kmw/2025IEVE/lidar_ws/install/laser_segmentation/share/colcon-core/packages/laser_segmentation)
[30.398s] Level 1:colcon.colcon_core.environment:create_environment_scripts_only(laser_segmentation)
[30.398s] Level 1:colcon.colcon_core.environment:checking '/home/kmw/2025IEVE/lidar_ws/install/laser_segmentation' for CMake module files
[30.398s] Level 1:colcon.colcon_core.environment:checking '/home/kmw/2025IEVE/lidar_ws/install/laser_segmentation' for CMake config files
[30.399s] Level 1:colcon.colcon_core.shell:create_environment_hook('laser_segmentation', 'cmake_prefix_path')
[30.399s] INFO:colcon.colcon_core.shell:Creating environment hook '/home/kmw/2025IEVE/lidar_ws/install/laser_segmentation/share/laser_segmentation/hook/cmake_prefix_path.ps1'
[30.399s] INFO:colcon.colcon_core.shell:Creating environment descriptor '/home/kmw/2025IEVE/lidar_ws/install/laser_segmentation/share/laser_segmentation/hook/cmake_prefix_path.dsv'
[30.400s] INFO:colcon.colcon_core.shell:Creating environment hook '/home/kmw/2025IEVE/lidar_ws/install/laser_segmentation/share/laser_segmentation/hook/cmake_prefix_path.sh'
[30.400s] Level 1:colcon.colcon_core.environment:checking '/home/kmw/2025IEVE/lidar_ws/install/laser_segmentation/lib'
[30.400s] Level 1:colcon.colcon_core.shell:create_environment_hook('laser_segmentation', 'ld_library_path_lib')
[30.400s] INFO:colcon.colcon_core.shell:Creating environment hook '/home/kmw/2025IEVE/lidar_ws/install/laser_segmentation/share/laser_segmentation/hook/ld_library_path_lib.ps1'
[30.401s] INFO:colcon.colcon_core.shell:Creating environment descriptor '/home/kmw/2025IEVE/lidar_ws/install/laser_segmentation/share/laser_segmentation/hook/ld_library_path_lib.dsv'
[30.401s] INFO:colcon.colcon_core.shell:Creating environment hook '/home/kmw/2025IEVE/lidar_ws/install/laser_segmentation/share/laser_segmentation/hook/ld_library_path_lib.sh'
[30.401s] Level 1:colcon.colcon_core.environment:checking '/home/kmw/2025IEVE/lidar_ws/install/laser_segmentation/bin'
[30.401s] Level 1:colcon.colcon_core.environment:checking '/home/kmw/2025IEVE/lidar_ws/install/laser_segmentation/lib/pkgconfig/laser_segmentation.pc'
[30.402s] Level 1:colcon.colcon_core.environment:checking '/home/kmw/2025IEVE/lidar_ws/install/laser_segmentation/lib/python3.10/site-packages'
[30.402s] Level 1:colcon.colcon_core.environment:checking '/home/kmw/2025IEVE/lidar_ws/install/laser_segmentation/bin'
[30.402s] INFO:colcon.colcon_core.shell:Creating package script '/home/kmw/2025IEVE/lidar_ws/install/laser_segmentation/share/laser_segmentation/package.ps1'
[30.403s] INFO:colcon.colcon_core.shell:Creating package descriptor '/home/kmw/2025IEVE/lidar_ws/install/laser_segmentation/share/laser_segmentation/package.dsv'
[30.403s] INFO:colcon.colcon_core.shell:Creating package script '/home/kmw/2025IEVE/lidar_ws/install/laser_segmentation/share/laser_segmentation/package.sh'
[30.404s] INFO:colcon.colcon_core.shell:Creating package script '/home/kmw/2025IEVE/lidar_ws/install/laser_segmentation/share/laser_segmentation/package.bash'
[30.404s] INFO:colcon.colcon_core.shell:Creating package script '/home/kmw/2025IEVE/lidar_ws/install/laser_segmentation/share/laser_segmentation/package.zsh'
[30.404s] Level 1:colcon.colcon_core.environment:create_file_with_runtime_dependencies(/home/kmw/2025IEVE/lidar_ws/install/laser_segmentation/share/colcon-core/packages/laser_segmentation)
[30.405s] DEBUG:colcon.colcon_parallel_executor.executor.parallel:closing loop
[30.405s] DEBUG:colcon.colcon_parallel_executor.executor.parallel:loop closed
[30.405s] DEBUG:colcon.colcon_parallel_executor.executor.parallel:run_until_complete finished with '0'
[30.405s] DEBUG:colcon.colcon_core.event_reactor:joining thread
[30.410s] INFO:colcon.colcon_core.plugin_system:Skipping extension 'colcon_notification.desktop_notification.terminal_notifier': Not used on non-Darwin systems
[30.410s] INFO:colcon.colcon_core.plugin_system:Skipping extension 'colcon_notification.desktop_notification.win32': Not used on non-Windows systems
[30.411s] INFO:colcon.colcon_notification.desktop_notification:Sending desktop notification using 'notify2'
[30.425s] DEBUG:colcon.colcon_core.event_reactor:joined thread
[30.426s] INFO:colcon.colcon_core.shell:Creating prefix script '/home/kmw/2025IEVE/lidar_ws/install/local_setup.ps1'
[30.427s] INFO:colcon.colcon_core.shell:Creating prefix util module '/home/kmw/2025IEVE/lidar_ws/install/_local_setup_util_ps1.py'
[30.429s] INFO:colcon.colcon_core.shell:Creating prefix chain script '/home/kmw/2025IEVE/lidar_ws/install/setup.ps1'
[30.431s] INFO:colcon.colcon_core.shell:Creating prefix script '/home/kmw/2025IEVE/lidar_ws/install/local_setup.sh'
[30.431s] INFO:colcon.colcon_core.shell:Creating prefix util module '/home/kmw/2025IEVE/lidar_ws/install/_local_setup_util_sh.py'
[30.432s] INFO:colcon.colcon_core.shell:Creating prefix chain script '/home/kmw/2025IEVE/lidar_ws/install/setup.sh'
[30.434s] INFO:colcon.colcon_core.shell:Creating prefix script '/home/kmw/2025IEVE/lidar_ws/install/local_setup.bash'
[30.436s] INFO:colcon.colcon_core.shell:Creating prefix chain script '/home/kmw/2025IEVE/lidar_ws/install/setup.bash'
[30.437s] INFO:colcon.colcon_core.shell:Creating prefix script '/home/kmw/2025IEVE/lidar_ws/install/local_setup.zsh'
[30.438s] INFO:colcon.colcon_core.shell:Creating prefix chain script '/home/kmw/2025IEVE/lidar_ws/install/setup.zsh'
