[0.980s] Invoking command in '/home/kmw/2025IEVE/lidar_ws/src/centeroids': CONDA_PROMPT_MODIFIER=(ros2_py310) PYTHONPATH=/home/kmw/2025IEVE/lidar_ws/build/centeroids/prefix_override:/usr/lib/python3/dist-packages/colcon_core/task/python/colcon_distutils_commands:/home/kmw/2025IEVE/lidar_ws/install/centeroids/lib/python3.10/site-packages:${PYTHONPATH} /usr/bin/python3 -W ignore:setup.py install is deprecated -W ignore:easy_install command is deprecated setup.py egg_info --egg-base ../../build/centeroids build --build-base /home/kmw/2025IEVE/lidar_ws/build/centeroids/build install --record /home/kmw/2025IEVE/lidar_ws/build/centeroids/install.log --single-version-externally-managed install_data
[1.247s] running egg_info
[1.265s] writing ../../build/centeroids/centeroids.egg-info/PKG-INFO
[1.265s] writing dependency_links to ../../build/centeroids/centeroids.egg-info/dependency_links.txt
[1.265s] writing entry points to ../../build/centeroids/centeroids.egg-info/entry_points.txt
[1.265s] writing requirements to ../../build/centeroids/centeroids.egg-info/requires.txt
[1.266s] writing top-level names to ../../build/centeroids/centeroids.egg-info/top_level.txt
[1.302s] reading manifest file '../../build/centeroids/centeroids.egg-info/SOURCES.txt'
[1.303s] writing manifest file '../../build/centeroids/centeroids.egg-info/SOURCES.txt'
[1.303s] running build
[1.303s] running build_py
[1.303s] copying centeroids/__init__.py -> /home/kmw/2025IEVE/lidar_ws/build/centeroids/build/lib/centeroids
[1.303s] copying centeroids/cal_cen.py -> /home/kmw/2025IEVE/lidar_ws/build/centeroids/build/lib/centeroids
[1.303s] running install
[1.308s] running install_lib
[1.326s] running install_data
[1.326s] copying resource/centeroids -> /home/kmw/2025IEVE/lidar_ws/install/centeroids/share/ament_index/resource_index/packages
[1.326s] copying package.xml -> /home/kmw/2025IEVE/lidar_ws/install/centeroids/share/centeroids
[1.326s] running install_egg_info
[1.348s] removing '/home/kmw/2025IEVE/lidar_ws/install/centeroids/lib/python3.10/site-packages/centeroids-0.0.0-py3.10.egg-info' (and everything under it)
[1.348s] Copying ../../build/centeroids/centeroids.egg-info to /home/kmw/2025IEVE/lidar_ws/install/centeroids/lib/python3.10/site-packages/centeroids-0.0.0-py3.10.egg-info
[1.348s] running install_scripts
[1.497s] Installing cal_cen script to /home/kmw/2025IEVE/lidar_ws/install/centeroids/lib/centeroids
[1.497s] writing list of installed files to '/home/kmw/2025IEVE/lidar_ws/build/centeroids/install.log'
[1.524s] Invoked command in '/home/kmw/2025IEVE/lidar_ws/src/centeroids' returned '0': CONDA_PROMPT_MODIFIER=(ros2_py310) PYTHONPATH=/home/kmw/2025IEVE/lidar_ws/build/centeroids/prefix_override:/usr/lib/python3/dist-packages/colcon_core/task/python/colcon_distutils_commands:/home/kmw/2025IEVE/lidar_ws/install/centeroids/lib/python3.10/site-packages:${PYTHONPATH} /usr/bin/python3 -W ignore:setup.py install is deprecated -W ignore:easy_install command is deprecated setup.py egg_info --egg-base ../../build/centeroids build --build-base /home/kmw/2025IEVE/lidar_ws/build/centeroids/build install --record /home/kmw/2025IEVE/lidar_ws/build/centeroids/install.log --single-version-externally-managed install_data
