/home/kmw/2025IEVE/lidar_ws/install/calibration/lib/python3.10/site-packages/calibration/lidar_to_camera.py
/home/kmw/2025IEVE/lidar_ws/install/calibration/lib/python3.10/site-packages/calibration/projection.py
/home/kmw/2025IEVE/lidar_ws/install/calibration/lib/python3.10/site-packages/calibration/__init__.py
/home/kmw/2025IEVE/lidar_ws/install/calibration/lib/python3.10/site-packages/calibration/camera_node.py
/home/kmw/2025IEVE/lidar_ws/install/calibration/lib/python3.10/site-packages/calibration/lidar_point.py
/home/kmw/2025IEVE/lidar_ws/install/calibration/lib/python3.10/site-packages/calibration/__pycache__/lidar_to_camera.cpython-310.pyc
/home/kmw/2025IEVE/lidar_ws/install/calibration/lib/python3.10/site-packages/calibration/__pycache__/projection.cpython-310.pyc
/home/kmw/2025IEVE/lidar_ws/install/calibration/lib/python3.10/site-packages/calibration/__pycache__/__init__.cpython-310.pyc
/home/kmw/2025IEVE/lidar_ws/install/calibration/lib/python3.10/site-packages/calibration/__pycache__/camera_node.cpython-310.pyc
/home/kmw/2025IEVE/lidar_ws/install/calibration/lib/python3.10/site-packages/calibration/__pycache__/lidar_point.cpython-310.pyc
/home/kmw/2025IEVE/lidar_ws/install/calibration/share/ament_index/resource_index/packages/calibration
/home/kmw/2025IEVE/lidar_ws/install/calibration/share/calibration/package.xml
/home/kmw/2025IEVE/lidar_ws/install/calibration/lib/python3.10/site-packages/calibration-0.0.0-py3.10.egg-info/SOURCES.txt
/home/kmw/2025IEVE/lidar_ws/install/calibration/lib/python3.10/site-packages/calibration-0.0.0-py3.10.egg-info/PKG-INFO
/home/kmw/2025IEVE/lidar_ws/install/calibration/lib/python3.10/site-packages/calibration-0.0.0-py3.10.egg-info/requires.txt
/home/kmw/2025IEVE/lidar_ws/install/calibration/lib/python3.10/site-packages/calibration-0.0.0-py3.10.egg-info/zip-safe
/home/kmw/2025IEVE/lidar_ws/install/calibration/lib/python3.10/site-packages/calibration-0.0.0-py3.10.egg-info/top_level.txt
/home/kmw/2025IEVE/lidar_ws/install/calibration/lib/python3.10/site-packages/calibration-0.0.0-py3.10.egg-info/entry_points.txt
/home/kmw/2025IEVE/lidar_ws/install/calibration/lib/python3.10/site-packages/calibration-0.0.0-py3.10.egg-info/dependency_links.txt
/home/kmw/2025IEVE/lidar_ws/install/calibration/lib/calibration/camera
/home/kmw/2025IEVE/lidar_ws/install/calibration/lib/calibration/lidar_point
/home/kmw/2025IEVE/lidar_ws/install/calibration/lib/calibration/lidar_to_camera
/home/kmw/2025IEVE/lidar_ws/install/calibration/lib/calibration/projection
