[5.096s] Invoking command in '/home/kmw/2025IEVE/lidar_ws/src/calibration': PYTHONPATH=/home/kmw/2025IEVE/lidar_ws/build/calibration/prefix_override:/usr/lib/python3/dist-packages/colcon_core/task/python/colcon_distutils_commands:/home/kmw/2025IEVE/lidar_ws/install/calibration/lib/python3.10/site-packages:${PYTHONPATH} /usr/bin/python3 -W ignore:setup.py install is deprecated -W ignore:easy_install command is deprecated setup.py egg_info --egg-base ../../build/calibration build --build-base /home/kmw/2025IEVE/lidar_ws/build/calibration/build install --record /home/kmw/2025IEVE/lidar_ws/build/calibration/install.log --single-version-externally-managed install_data
[5.949s] /home/kmw/miniconda3/envs/ros2_py310/lib/python3.10/site-packages/setuptools/_distutils/dist.py:268: UserWarning: Unknown distribution option: 'tests_require'
[5.949s]   warnings.warn(msg)
[6.409s] running egg_info
[6.410s] creating ../../build/calibration/calibration.egg-info
[6.449s] writing ../../build/calibration/calibration.egg-info/PKG-INFO
[6.449s] writing dependency_links to ../../build/calibration/calibration.egg-info/dependency_links.txt
[6.450s] writing entry points to ../../build/calibration/calibration.egg-info/entry_points.txt
[6.450s] writing requirements to ../../build/calibration/calibration.egg-info/requires.txt
[6.450s] writing top-level names to ../../build/calibration/calibration.egg-info/top_level.txt
[6.451s] writing manifest file '../../build/calibration/calibration.egg-info/SOURCES.txt'
[6.545s] reading manifest file '../../build/calibration/calibration.egg-info/SOURCES.txt'
[6.547s] writing manifest file '../../build/calibration/calibration.egg-info/SOURCES.txt'
[6.548s] running build
[6.548s] running build_py
[6.549s] creating /home/kmw/2025IEVE/lidar_ws/build/calibration/build
[6.549s] creating /home/kmw/2025IEVE/lidar_ws/build/calibration/build/lib
[6.549s] creating /home/kmw/2025IEVE/lidar_ws/build/calibration/build/lib/calibration
[6.549s] copying calibration/__init__.py -> /home/kmw/2025IEVE/lidar_ws/build/calibration/build/lib/calibration
[6.550s] copying calibration/lidar_point.py -> /home/kmw/2025IEVE/lidar_ws/build/calibration/build/lib/calibration
[6.550s] running install
[6.562s] running install_lib
[6.611s] creating /home/kmw/2025IEVE/lidar_ws/install/calibration/lib/python3.10/site-packages/calibration
[6.611s] copying /home/kmw/2025IEVE/lidar_ws/build/calibration/build/lib/calibration/__init__.py -> /home/kmw/2025IEVE/lidar_ws/install/calibration/lib/python3.10/site-packages/calibration
[6.611s] copying /home/kmw/2025IEVE/lidar_ws/build/calibration/build/lib/calibration/lidar_point.py -> /home/kmw/2025IEVE/lidar_ws/install/calibration/lib/python3.10/site-packages/calibration
[6.613s] byte-compiling /home/kmw/2025IEVE/lidar_ws/install/calibration/lib/python3.10/site-packages/calibration/__init__.py to __init__.cpython-310.pyc
[6.613s] byte-compiling /home/kmw/2025IEVE/lidar_ws/install/calibration/lib/python3.10/site-packages/calibration/lidar_point.py to lidar_point.cpython-310.pyc
[6.614s] running install_data
[6.615s] creating /home/kmw/2025IEVE/lidar_ws/install/calibration/share/ament_index
[6.615s] creating /home/kmw/2025IEVE/lidar_ws/install/calibration/share/ament_index/resource_index
[6.615s] creating /home/kmw/2025IEVE/lidar_ws/install/calibration/share/ament_index/resource_index/packages
[6.616s] copying resource/calibration -> /home/kmw/2025IEVE/lidar_ws/install/calibration/share/ament_index/resource_index/packages
[6.616s] copying package.xml -> /home/kmw/2025IEVE/lidar_ws/install/calibration/share/calibration
[6.616s] running install_egg_info
[6.661s] Copying ../../build/calibration/calibration.egg-info to /home/kmw/2025IEVE/lidar_ws/install/calibration/lib/python3.10/site-packages/calibration-0.0.0-py3.10.egg-info
[6.663s] running install_scripts
[7.001s] Installing lidar_point script to /home/kmw/2025IEVE/lidar_ws/install/calibration/lib/calibration
[7.002s] writing list of installed files to '/home/kmw/2025IEVE/lidar_ws/build/calibration/install.log'
[7.131s] Invoked command in '/home/kmw/2025IEVE/lidar_ws/src/calibration' returned '0': PYTHONPATH=/home/kmw/2025IEVE/lidar_ws/build/calibration/prefix_override:/usr/lib/python3/dist-packages/colcon_core/task/python/colcon_distutils_commands:/home/kmw/2025IEVE/lidar_ws/install/calibration/lib/python3.10/site-packages:${PYTHONPATH} /usr/bin/python3 -W ignore:setup.py install is deprecated -W ignore:easy_install command is deprecated setup.py egg_info --egg-base ../../build/calibration build --build-base /home/kmw/2025IEVE/lidar_ws/build/calibration/build install --record /home/kmw/2025IEVE/lidar_ws/build/calibration/install.log --single-version-externally-managed install_data
