[0.108s] DEBUG:colcon:Command line arguments: ['/usr/bin/colcon', 'build']
[0.108s] DEBUG:colcon:Parsed command line arguments: Namespace(log_base=None, log_level=None, verb_name='build', build_base='build', install_base='install', merge_install=False, symlink_install=False, test_result_base=None, continue_on_error=False, executor='parallel', parallel_workers=8, event_handlers=None, ignore_user_meta=False, metas=['./colcon.meta'], base_paths=['.'], packages_ignore=None, packages_ignore_regex=None, paths=None, packages_up_to=None, packages_up_to_regex=None, packages_above=None, packages_above_and_dependencies=None, packages_above_depth=None, packages_select_by_dep=None, packages_skip_by_dep=None, packages_skip_up_to=None, packages_select_build_failed=False, packages_skip_build_finished=False, packages_select_test_failures=False, packages_skip_test_passed=False, packages_select=None, packages_skip=None, packages_select_regex=None, packages_skip_regex=None, packages_start=None, packages_end=None, allow_overriding=[], cmake_args=None, cmake_target=None, cmake_target_skip_unavailable=False, cmake_clean_cache=False, cmake_clean_first=False, cmake_force_configure=False, ament_cmake_args=None, catkin_cmake_args=None, catkin_skip_building_tests=False, verb_parser=<colcon_defaults.argument_parser.defaults.DefaultArgumentsDecorator object at 0x7f8d73c5d600>, verb_extension=<colcon_core.verb.build.BuildVerb object at 0x7f8d73d4b070>, main=<bound method BuildVerb.main of <colcon_core.verb.build.BuildVerb object at 0x7f8d73d4b070>>)
[0.148s] Level 1:colcon.colcon_core.package_discovery:discover_packages(colcon_meta) check parameters
[0.148s] Level 1:colcon.colcon_core.package_discovery:discover_packages(recursive) check parameters
[0.148s] Level 1:colcon.colcon_core.package_discovery:discover_packages(ignore) check parameters
[0.148s] Level 1:colcon.colcon_core.package_discovery:discover_packages(path) check parameters
[0.148s] Level 1:colcon.colcon_core.package_discovery:discover_packages(colcon_meta) discover
[0.148s] Level 1:colcon.colcon_core.package_discovery:discover_packages(recursive) discover
[0.148s] INFO:colcon.colcon_core.package_discovery:Crawling recursively for packages in '/home/kmw/2025IEVE/lidar_ws'
[0.149s] Level 1:colcon.colcon_core.package_identification:_identify(.) by extensions ['ignore', 'ignore_ament_install']
[0.149s] Level 1:colcon.colcon_core.package_identification:_identify(.) by extension 'ignore'
[0.149s] Level 1:colcon.colcon_core.package_identification:_identify(.) by extension 'ignore_ament_install'
[0.149s] Level 1:colcon.colcon_core.package_identification:_identify(.) by extensions ['colcon_pkg']
[0.149s] Level 1:colcon.colcon_core.package_identification:_identify(.) by extension 'colcon_pkg'
[0.149s] Level 1:colcon.colcon_core.package_identification:_identify(.) by extensions ['colcon_meta']
[0.149s] Level 1:colcon.colcon_core.package_identification:_identify(.) by extension 'colcon_meta'
[0.149s] Level 1:colcon.colcon_core.package_identification:_identify(.) by extensions ['ros']
[0.149s] Level 1:colcon.colcon_core.package_identification:_identify(.) by extension 'ros'
[0.164s] Level 1:colcon.colcon_core.package_identification:_identify(.) by extensions ['cmake', 'python']
[0.164s] Level 1:colcon.colcon_core.package_identification:_identify(.) by extension 'cmake'
[0.164s] Level 1:colcon.colcon_core.package_identification:_identify(.) by extension 'python'
[0.164s] Level 1:colcon.colcon_core.package_identification:_identify(.) by extensions ['python_setup_py']
[0.164s] Level 1:colcon.colcon_core.package_identification:_identify(.) by extension 'python_setup_py'
[0.164s] Level 1:colcon.colcon_core.package_identification:_identify(build) by extensions ['ignore', 'ignore_ament_install']
[0.164s] Level 1:colcon.colcon_core.package_identification:_identify(build) by extension 'ignore'
[0.164s] Level 1:colcon.colcon_core.package_identification:_identify(build) ignored
[0.164s] Level 1:colcon.colcon_core.package_identification:_identify(install) by extensions ['ignore', 'ignore_ament_install']
[0.164s] Level 1:colcon.colcon_core.package_identification:_identify(install) by extension 'ignore'
[0.164s] Level 1:colcon.colcon_core.package_identification:_identify(install) ignored
[0.164s] Level 1:colcon.colcon_core.package_identification:_identify(log) by extensions ['ignore', 'ignore_ament_install']
[0.164s] Level 1:colcon.colcon_core.package_identification:_identify(log) by extension 'ignore'
[0.165s] Level 1:colcon.colcon_core.package_identification:_identify(log) ignored
[0.165s] Level 1:colcon.colcon_core.package_identification:_identify(src) by extensions ['ignore', 'ignore_ament_install']
[0.165s] Level 1:colcon.colcon_core.package_identification:_identify(src) by extension 'ignore'
[0.165s] Level 1:colcon.colcon_core.package_identification:_identify(src) by extension 'ignore_ament_install'
[0.165s] Level 1:colcon.colcon_core.package_identification:_identify(src) by extensions ['colcon_pkg']
[0.165s] Level 1:colcon.colcon_core.package_identification:_identify(src) by extension 'colcon_pkg'
[0.165s] Level 1:colcon.colcon_core.package_identification:_identify(src) by extensions ['colcon_meta']
[0.165s] Level 1:colcon.colcon_core.package_identification:_identify(src) by extension 'colcon_meta'
[0.165s] Level 1:colcon.colcon_core.package_identification:_identify(src) by extensions ['ros']
[0.165s] Level 1:colcon.colcon_core.package_identification:_identify(src) by extension 'ros'
[0.165s] Level 1:colcon.colcon_core.package_identification:_identify(src) by extensions ['cmake', 'python']
[0.165s] Level 1:colcon.colcon_core.package_identification:_identify(src) by extension 'cmake'
[0.165s] Level 1:colcon.colcon_core.package_identification:_identify(src) by extension 'python'
[0.165s] Level 1:colcon.colcon_core.package_identification:_identify(src) by extensions ['python_setup_py']
[0.165s] Level 1:colcon.colcon_core.package_identification:_identify(src) by extension 'python_setup_py'
[0.165s] Level 1:colcon.colcon_core.package_identification:_identify(src/centroids) by extensions ['ignore', 'ignore_ament_install']
[0.165s] Level 1:colcon.colcon_core.package_identification:_identify(src/centroids) by extension 'ignore'
[0.165s] Level 1:colcon.colcon_core.package_identification:_identify(src/centroids) by extension 'ignore_ament_install'
[0.165s] Level 1:colcon.colcon_core.package_identification:_identify(src/centroids) by extensions ['colcon_pkg']
[0.165s] Level 1:colcon.colcon_core.package_identification:_identify(src/centroids) by extension 'colcon_pkg'
[0.165s] Level 1:colcon.colcon_core.package_identification:_identify(src/centroids) by extensions ['colcon_meta']
[0.166s] Level 1:colcon.colcon_core.package_identification:_identify(src/centroids) by extension 'colcon_meta'
[0.166s] Level 1:colcon.colcon_core.package_identification:_identify(src/centroids) by extensions ['ros']
[0.166s] Level 1:colcon.colcon_core.package_identification:_identify(src/centroids) by extension 'ros'
[0.168s] DEBUG:colcon.colcon_core.package_identification:Package 'src/centroids' with type 'ros.ament_python' and name 'centroids'
[0.168s] Level 1:colcon.colcon_core.package_identification:_identify(src/laser_segmentation) by extensions ['ignore', 'ignore_ament_install']
[0.168s] Level 1:colcon.colcon_core.package_identification:_identify(src/laser_segmentation) by extension 'ignore'
[0.168s] Level 1:colcon.colcon_core.package_identification:_identify(src/laser_segmentation) by extension 'ignore_ament_install'
[0.168s] Level 1:colcon.colcon_core.package_identification:_identify(src/laser_segmentation) by extensions ['colcon_pkg']
[0.168s] Level 1:colcon.colcon_core.package_identification:_identify(src/laser_segmentation) by extension 'colcon_pkg'
[0.168s] Level 1:colcon.colcon_core.package_identification:_identify(src/laser_segmentation) by extensions ['colcon_meta']
[0.168s] Level 1:colcon.colcon_core.package_identification:_identify(src/laser_segmentation) by extension 'colcon_meta'
[0.168s] Level 1:colcon.colcon_core.package_identification:_identify(src/laser_segmentation) by extensions ['ros']
[0.168s] Level 1:colcon.colcon_core.package_identification:_identify(src/laser_segmentation) by extension 'ros'
[0.169s] DEBUG:colcon.colcon_core.package_identification:Package 'src/laser_segmentation' with type 'ros.ament_cmake' and name 'laser_segmentation'
[0.169s] Level 1:colcon.colcon_core.package_identification:_identify(src/sllidar_ros2) by extensions ['ignore', 'ignore_ament_install']
[0.169s] Level 1:colcon.colcon_core.package_identification:_identify(src/sllidar_ros2) by extension 'ignore'
[0.169s] Level 1:colcon.colcon_core.package_identification:_identify(src/sllidar_ros2) by extension 'ignore_ament_install'
[0.170s] Level 1:colcon.colcon_core.package_identification:_identify(src/sllidar_ros2) by extensions ['colcon_pkg']
[0.170s] Level 1:colcon.colcon_core.package_identification:_identify(src/sllidar_ros2) by extension 'colcon_pkg'
[0.170s] Level 1:colcon.colcon_core.package_identification:_identify(src/sllidar_ros2) by extensions ['colcon_meta']
[0.170s] Level 1:colcon.colcon_core.package_identification:_identify(src/sllidar_ros2) by extension 'colcon_meta'
[0.170s] Level 1:colcon.colcon_core.package_identification:_identify(src/sllidar_ros2) by extensions ['ros']
[0.170s] Level 1:colcon.colcon_core.package_identification:_identify(src/sllidar_ros2) by extension 'ros'
[0.170s] DEBUG:colcon.colcon_core.package_identification:Package 'src/sllidar_ros2' with type 'ros.ament_cmake' and name 'sllidar_ros2'
[0.170s] Level 1:colcon.colcon_core.package_discovery:discover_packages(recursive) using defaults
[0.170s] Level 1:colcon.colcon_core.package_discovery:discover_packages(ignore) discover
[0.170s] Level 1:colcon.colcon_core.package_discovery:discover_packages(ignore) using defaults
[0.170s] Level 1:colcon.colcon_core.package_discovery:discover_packages(path) discover
[0.170s] Level 1:colcon.colcon_core.package_discovery:discover_packages(path) using defaults
[0.190s] Level 1:colcon.colcon_core.package_discovery:discover_packages(prefix_path) check parameters
[0.190s] Level 1:colcon.colcon_core.package_discovery:discover_packages(prefix_path) discover
[0.192s] DEBUG:colcon.colcon_installed_package_information.package_discovery:Found 4 installed packages in /home/kmw/2025IEVE/lidar_ws/install
[0.193s] DEBUG:colcon.colcon_installed_package_information.package_discovery:Found 283 installed packages in /opt/ros/humble
[0.194s] Level 1:colcon.colcon_core.package_discovery:discover_packages(prefix_path) using defaults
[0.230s] Level 5:colcon.colcon_core.verb:set package 'centroids' build argument 'cmake_args' from command line to 'None'
[0.230s] Level 5:colcon.colcon_core.verb:set package 'centroids' build argument 'cmake_target' from command line to 'None'
[0.230s] Level 5:colcon.colcon_core.verb:set package 'centroids' build argument 'cmake_target_skip_unavailable' from command line to 'False'
[0.230s] Level 5:colcon.colcon_core.verb:set package 'centroids' build argument 'cmake_clean_cache' from command line to 'False'
[0.230s] Level 5:colcon.colcon_core.verb:set package 'centroids' build argument 'cmake_clean_first' from command line to 'False'
[0.230s] Level 5:colcon.colcon_core.verb:set package 'centroids' build argument 'cmake_force_configure' from command line to 'False'
[0.230s] Level 5:colcon.colcon_core.verb:set package 'centroids' build argument 'ament_cmake_args' from command line to 'None'
[0.230s] Level 5:colcon.colcon_core.verb:set package 'centroids' build argument 'catkin_cmake_args' from command line to 'None'
[0.230s] Level 5:colcon.colcon_core.verb:set package 'centroids' build argument 'catkin_skip_building_tests' from command line to 'False'
[0.230s] DEBUG:colcon.colcon_core.verb:Building package 'centroids' with the following arguments: {'ament_cmake_args': None, 'build_base': '/home/kmw/2025IEVE/lidar_ws/build/centroids', 'catkin_cmake_args': None, 'catkin_skip_building_tests': False, 'cmake_args': None, 'cmake_clean_cache': False, 'cmake_clean_first': False, 'cmake_force_configure': False, 'cmake_target': None, 'cmake_target_skip_unavailable': False, 'install_base': '/home/kmw/2025IEVE/lidar_ws/install/centroids', 'merge_install': False, 'path': '/home/kmw/2025IEVE/lidar_ws/src/centroids', 'symlink_install': False, 'test_result_base': None}
[0.231s] Level 5:colcon.colcon_core.verb:set package 'laser_segmentation' build argument 'cmake_args' from command line to 'None'
[0.231s] Level 5:colcon.colcon_core.verb:set package 'laser_segmentation' build argument 'cmake_target' from command line to 'None'
[0.231s] Level 5:colcon.colcon_core.verb:set package 'laser_segmentation' build argument 'cmake_target_skip_unavailable' from command line to 'False'
[0.231s] Level 5:colcon.colcon_core.verb:set package 'laser_segmentation' build argument 'cmake_clean_cache' from command line to 'False'
[0.231s] Level 5:colcon.colcon_core.verb:set package 'laser_segmentation' build argument 'cmake_clean_first' from command line to 'False'
[0.231s] Level 5:colcon.colcon_core.verb:set package 'laser_segmentation' build argument 'cmake_force_configure' from command line to 'False'
[0.231s] Level 5:colcon.colcon_core.verb:set package 'laser_segmentation' build argument 'ament_cmake_args' from command line to 'None'
[0.231s] Level 5:colcon.colcon_core.verb:set package 'laser_segmentation' build argument 'catkin_cmake_args' from command line to 'None'
[0.231s] Level 5:colcon.colcon_core.verb:set package 'laser_segmentation' build argument 'catkin_skip_building_tests' from command line to 'False'
[0.231s] DEBUG:colcon.colcon_core.verb:Building package 'laser_segmentation' with the following arguments: {'ament_cmake_args': None, 'build_base': '/home/kmw/2025IEVE/lidar_ws/build/laser_segmentation', 'catkin_cmake_args': None, 'catkin_skip_building_tests': False, 'cmake_args': None, 'cmake_clean_cache': False, 'cmake_clean_first': False, 'cmake_force_configure': False, 'cmake_target': None, 'cmake_target_skip_unavailable': False, 'install_base': '/home/kmw/2025IEVE/lidar_ws/install/laser_segmentation', 'merge_install': False, 'path': '/home/kmw/2025IEVE/lidar_ws/src/laser_segmentation', 'symlink_install': False, 'test_result_base': None}
[0.231s] Level 5:colcon.colcon_core.verb:set package 'sllidar_ros2' build argument 'cmake_args' from command line to 'None'
[0.231s] Level 5:colcon.colcon_core.verb:set package 'sllidar_ros2' build argument 'cmake_target' from command line to 'None'
[0.231s] Level 5:colcon.colcon_core.verb:set package 'sllidar_ros2' build argument 'cmake_target_skip_unavailable' from command line to 'False'
[0.231s] Level 5:colcon.colcon_core.verb:set package 'sllidar_ros2' build argument 'cmake_clean_cache' from command line to 'False'
[0.231s] Level 5:colcon.colcon_core.verb:set package 'sllidar_ros2' build argument 'cmake_clean_first' from command line to 'False'
[0.231s] Level 5:colcon.colcon_core.verb:set package 'sllidar_ros2' build argument 'cmake_force_configure' from command line to 'False'
[0.231s] Level 5:colcon.colcon_core.verb:set package 'sllidar_ros2' build argument 'ament_cmake_args' from command line to 'None'
[0.231s] Level 5:colcon.colcon_core.verb:set package 'sllidar_ros2' build argument 'catkin_cmake_args' from command line to 'None'
[0.231s] Level 5:colcon.colcon_core.verb:set package 'sllidar_ros2' build argument 'catkin_skip_building_tests' from command line to 'False'
[0.231s] DEBUG:colcon.colcon_core.verb:Building package 'sllidar_ros2' with the following arguments: {'ament_cmake_args': None, 'build_base': '/home/kmw/2025IEVE/lidar_ws/build/sllidar_ros2', 'catkin_cmake_args': None, 'catkin_skip_building_tests': False, 'cmake_args': None, 'cmake_clean_cache': False, 'cmake_clean_first': False, 'cmake_force_configure': False, 'cmake_target': None, 'cmake_target_skip_unavailable': False, 'install_base': '/home/kmw/2025IEVE/lidar_ws/install/sllidar_ros2', 'merge_install': False, 'path': '/home/kmw/2025IEVE/lidar_ws/src/sllidar_ros2', 'symlink_install': False, 'test_result_base': None}
[0.232s] INFO:colcon.colcon_core.executor:Executing jobs using 'parallel' executor
[0.232s] DEBUG:colcon.colcon_parallel_executor.executor.parallel:run_until_complete
[0.233s] INFO:colcon.colcon_ros.task.ament_python.build:Building ROS package in '/home/kmw/2025IEVE/lidar_ws/src/centroids' with build type 'ament_python'
[0.233s] Level 1:colcon.colcon_core.shell:create_environment_hook('centroids', 'ament_prefix_path')
[0.235s] INFO:colcon.colcon_core.plugin_system:Skipping extension 'colcon_core.shell.bat': Not used on non-Windows systems
[0.235s] INFO:colcon.colcon_core.shell:Creating environment hook '/home/kmw/2025IEVE/lidar_ws/install/centroids/share/centroids/hook/ament_prefix_path.ps1'
[0.235s] INFO:colcon.colcon_core.shell:Creating environment descriptor '/home/kmw/2025IEVE/lidar_ws/install/centroids/share/centroids/hook/ament_prefix_path.dsv'
[0.236s] INFO:colcon.colcon_core.shell:Creating environment hook '/home/kmw/2025IEVE/lidar_ws/install/centroids/share/centroids/hook/ament_prefix_path.sh'
[0.236s] INFO:colcon.colcon_core.shell:Skip shell extension 'powershell' for command environment: Not usable outside of PowerShell
[0.237s] DEBUG:colcon.colcon_core.shell:Skip shell extension 'dsv' for command environment
[0.239s] INFO:colcon.colcon_ros.task.ament_cmake.build:Building ROS package in '/home/kmw/2025IEVE/lidar_ws/src/laser_segmentation' with build type 'ament_cmake'
[0.239s] INFO:colcon.colcon_cmake.task.cmake.build:Building CMake package in '/home/kmw/2025IEVE/lidar_ws/src/laser_segmentation'
[0.240s] INFO:colcon.colcon_core.shell:Skip shell extension 'powershell' for command environment: Not usable outside of PowerShell
[0.240s] DEBUG:colcon.colcon_core.shell:Skip shell extension 'dsv' for command environment
[0.242s] INFO:colcon.colcon_ros.task.ament_cmake.build:Building ROS package in '/home/kmw/2025IEVE/lidar_ws/src/sllidar_ros2' with build type 'ament_cmake'
[0.242s] INFO:colcon.colcon_cmake.task.cmake.build:Building CMake package in '/home/kmw/2025IEVE/lidar_ws/src/sllidar_ros2'
[0.243s] INFO:colcon.colcon_core.shell:Skip shell extension 'powershell' for command environment: Not usable outside of PowerShell
[0.243s] DEBUG:colcon.colcon_core.shell:Skip shell extension 'dsv' for command environment
[0.483s] INFO:colcon.colcon_core.task.python.build:Building Python package in '/home/kmw/2025IEVE/lidar_ws/src/centroids'
[0.484s] INFO:colcon.colcon_core.shell:Skip shell extension 'powershell' for command environment: Not usable outside of PowerShell
[0.484s] DEBUG:colcon.colcon_core.shell:Skip shell extension 'dsv' for command environment
[0.490s] DEBUG:colcon.colcon_core.event_handler.log_command:Invoking command in '/home/kmw/2025IEVE/lidar_ws/build/laser_segmentation': CMAKE_PREFIX_PATH=${CMAKE_PREFIX_PATH}:/home/kmw/2025IEVE/lidar_ws/install/centroids:/home/kmw/2025IEVE/lidar_ws/install/centeroids:/opt/ros/humble /usr/bin/cmake --build /home/kmw/2025IEVE/lidar_ws/build/laser_segmentation -- -j8 -l8
[0.495s] DEBUG:colcon.colcon_core.event_handler.log_command:Invoking command in '/home/kmw/2025IEVE/lidar_ws/build/sllidar_ros2': CMAKE_PREFIX_PATH=${CMAKE_PREFIX_PATH}:/home/kmw/2025IEVE/lidar_ws/install/centroids:/home/kmw/2025IEVE/lidar_ws/install/centeroids:/opt/ros/humble /usr/bin/cmake --build /home/kmw/2025IEVE/lidar_ws/build/sllidar_ros2 -- -j8 -l8
[0.590s] DEBUG:colcon.colcon_core.event_handler.log_command:Invoked command in '/home/kmw/2025IEVE/lidar_ws/build/sllidar_ros2' returned '0': CMAKE_PREFIX_PATH=${CMAKE_PREFIX_PATH}:/home/kmw/2025IEVE/lidar_ws/install/centroids:/home/kmw/2025IEVE/lidar_ws/install/centeroids:/opt/ros/humble /usr/bin/cmake --build /home/kmw/2025IEVE/lidar_ws/build/sllidar_ros2 -- -j8 -l8
[0.602s] DEBUG:colcon.colcon_core.event_handler.log_command:Invoking command in '/home/kmw/2025IEVE/lidar_ws/build/sllidar_ros2': CMAKE_PREFIX_PATH=${CMAKE_PREFIX_PATH}:/home/kmw/2025IEVE/lidar_ws/install/centroids:/home/kmw/2025IEVE/lidar_ws/install/centeroids:/opt/ros/humble /usr/bin/cmake --install /home/kmw/2025IEVE/lidar_ws/build/sllidar_ros2
[0.616s] DEBUG:colcon.colcon_core.event_handler.log_command:Invoked command in '/home/kmw/2025IEVE/lidar_ws/build/laser_segmentation' returned '0': CMAKE_PREFIX_PATH=${CMAKE_PREFIX_PATH}:/home/kmw/2025IEVE/lidar_ws/install/centroids:/home/kmw/2025IEVE/lidar_ws/install/centeroids:/opt/ros/humble /usr/bin/cmake --build /home/kmw/2025IEVE/lidar_ws/build/laser_segmentation -- -j8 -l8
[0.618s] Level 1:colcon.colcon_core.environment:create_environment_scripts_only(sllidar_ros2)
[0.619s] DEBUG:colcon.colcon_core.event_handler.log_command:Invoking command in '/home/kmw/2025IEVE/lidar_ws/build/laser_segmentation': CMAKE_PREFIX_PATH=${CMAKE_PREFIX_PATH}:/home/kmw/2025IEVE/lidar_ws/install/centroids:/home/kmw/2025IEVE/lidar_ws/install/centeroids:/opt/ros/humble /usr/bin/cmake --install /home/kmw/2025IEVE/lidar_ws/build/laser_segmentation
[0.620s] DEBUG:colcon.colcon_core.event_handler.log_command:Invoked command in '/home/kmw/2025IEVE/lidar_ws/build/sllidar_ros2' returned '0': CMAKE_PREFIX_PATH=${CMAKE_PREFIX_PATH}:/home/kmw/2025IEVE/lidar_ws/install/centroids:/home/kmw/2025IEVE/lidar_ws/install/centeroids:/opt/ros/humble /usr/bin/cmake --install /home/kmw/2025IEVE/lidar_ws/build/sllidar_ros2
[0.622s] Level 1:colcon.colcon_core.environment:checking '/home/kmw/2025IEVE/lidar_ws/install/sllidar_ros2' for CMake module files
[0.623s] Level 1:colcon.colcon_core.environment:checking '/home/kmw/2025IEVE/lidar_ws/install/sllidar_ros2' for CMake config files
[0.623s] Level 1:colcon.colcon_core.shell:create_environment_hook('sllidar_ros2', 'cmake_prefix_path')
[0.623s] INFO:colcon.colcon_core.shell:Creating environment hook '/home/kmw/2025IEVE/lidar_ws/install/sllidar_ros2/share/sllidar_ros2/hook/cmake_prefix_path.ps1'
[0.624s] INFO:colcon.colcon_core.shell:Creating environment descriptor '/home/kmw/2025IEVE/lidar_ws/install/sllidar_ros2/share/sllidar_ros2/hook/cmake_prefix_path.dsv'
[0.626s] INFO:colcon.colcon_core.shell:Creating environment hook '/home/kmw/2025IEVE/lidar_ws/install/sllidar_ros2/share/sllidar_ros2/hook/cmake_prefix_path.sh'
[0.628s] Level 1:colcon.colcon_core.environment:checking '/home/kmw/2025IEVE/lidar_ws/install/sllidar_ros2/lib'
[0.629s] Level 1:colcon.colcon_core.environment:checking '/home/kmw/2025IEVE/lidar_ws/install/sllidar_ros2/bin'
[0.629s] Level 1:colcon.colcon_core.environment:checking '/home/kmw/2025IEVE/lidar_ws/install/sllidar_ros2/lib/pkgconfig/sllidar_ros2.pc'
[0.629s] Level 1:colcon.colcon_core.environment:checking '/home/kmw/2025IEVE/lidar_ws/install/sllidar_ros2/lib/python3.10/site-packages'
[0.629s] Level 1:colcon.colcon_core.environment:checking '/home/kmw/2025IEVE/lidar_ws/install/sllidar_ros2/bin'
[0.629s] INFO:colcon.colcon_core.shell:Creating package script '/home/kmw/2025IEVE/lidar_ws/install/sllidar_ros2/share/sllidar_ros2/package.ps1'
[0.630s] INFO:colcon.colcon_core.shell:Creating package descriptor '/home/kmw/2025IEVE/lidar_ws/install/sllidar_ros2/share/sllidar_ros2/package.dsv'
[0.631s] INFO:colcon.colcon_core.shell:Creating package script '/home/kmw/2025IEVE/lidar_ws/install/sllidar_ros2/share/sllidar_ros2/package.sh'
[0.632s] INFO:colcon.colcon_core.shell:Creating package script '/home/kmw/2025IEVE/lidar_ws/install/sllidar_ros2/share/sllidar_ros2/package.bash'
[0.632s] INFO:colcon.colcon_core.shell:Creating package script '/home/kmw/2025IEVE/lidar_ws/install/sllidar_ros2/share/sllidar_ros2/package.zsh'
[0.633s] Level 1:colcon.colcon_core.environment:create_file_with_runtime_dependencies(/home/kmw/2025IEVE/lidar_ws/install/sllidar_ros2/share/colcon-core/packages/sllidar_ros2)
[0.634s] Level 1:colcon.colcon_core.environment:create_environment_scripts_only(sllidar_ros2)
[0.634s] Level 1:colcon.colcon_core.environment:checking '/home/kmw/2025IEVE/lidar_ws/install/sllidar_ros2' for CMake module files
[0.635s] Level 1:colcon.colcon_core.environment:checking '/home/kmw/2025IEVE/lidar_ws/install/sllidar_ros2' for CMake config files
[0.635s] Level 1:colcon.colcon_core.shell:create_environment_hook('sllidar_ros2', 'cmake_prefix_path')
[0.635s] INFO:colcon.colcon_core.shell:Creating environment hook '/home/kmw/2025IEVE/lidar_ws/install/sllidar_ros2/share/sllidar_ros2/hook/cmake_prefix_path.ps1'
[0.636s] INFO:colcon.colcon_core.shell:Creating environment descriptor '/home/kmw/2025IEVE/lidar_ws/install/sllidar_ros2/share/sllidar_ros2/hook/cmake_prefix_path.dsv'
[0.636s] INFO:colcon.colcon_core.shell:Creating environment hook '/home/kmw/2025IEVE/lidar_ws/install/sllidar_ros2/share/sllidar_ros2/hook/cmake_prefix_path.sh'
[0.636s] Level 1:colcon.colcon_core.environment:checking '/home/kmw/2025IEVE/lidar_ws/install/sllidar_ros2/lib'
[0.637s] Level 1:colcon.colcon_core.environment:checking '/home/kmw/2025IEVE/lidar_ws/install/sllidar_ros2/bin'
[0.637s] Level 1:colcon.colcon_core.environment:checking '/home/kmw/2025IEVE/lidar_ws/install/sllidar_ros2/lib/pkgconfig/sllidar_ros2.pc'
[0.637s] Level 1:colcon.colcon_core.environment:checking '/home/kmw/2025IEVE/lidar_ws/install/sllidar_ros2/lib/python3.10/site-packages'
[0.637s] Level 1:colcon.colcon_core.environment:checking '/home/kmw/2025IEVE/lidar_ws/install/sllidar_ros2/bin'
[0.637s] INFO:colcon.colcon_core.shell:Creating package script '/home/kmw/2025IEVE/lidar_ws/install/sllidar_ros2/share/sllidar_ros2/package.ps1'
[0.638s] INFO:colcon.colcon_core.shell:Creating package descriptor '/home/kmw/2025IEVE/lidar_ws/install/sllidar_ros2/share/sllidar_ros2/package.dsv'
[0.638s] INFO:colcon.colcon_core.shell:Creating package script '/home/kmw/2025IEVE/lidar_ws/install/sllidar_ros2/share/sllidar_ros2/package.sh'
[0.639s] INFO:colcon.colcon_core.shell:Creating package script '/home/kmw/2025IEVE/lidar_ws/install/sllidar_ros2/share/sllidar_ros2/package.bash'
[0.639s] INFO:colcon.colcon_core.shell:Creating package script '/home/kmw/2025IEVE/lidar_ws/install/sllidar_ros2/share/sllidar_ros2/package.zsh'
[0.639s] Level 1:colcon.colcon_core.environment:create_file_with_runtime_dependencies(/home/kmw/2025IEVE/lidar_ws/install/sllidar_ros2/share/colcon-core/packages/sllidar_ros2)
[0.640s] Level 1:colcon.colcon_core.environment:create_environment_scripts_only(laser_segmentation)
[0.641s] Level 1:colcon.colcon_core.environment:checking '/home/kmw/2025IEVE/lidar_ws/install/laser_segmentation' for CMake module files
[0.641s] DEBUG:colcon.colcon_core.event_handler.log_command:Invoked command in '/home/kmw/2025IEVE/lidar_ws/build/laser_segmentation' returned '0': CMAKE_PREFIX_PATH=${CMAKE_PREFIX_PATH}:/home/kmw/2025IEVE/lidar_ws/install/centroids:/home/kmw/2025IEVE/lidar_ws/install/centeroids:/opt/ros/humble /usr/bin/cmake --install /home/kmw/2025IEVE/lidar_ws/build/laser_segmentation
[0.642s] Level 1:colcon.colcon_core.environment:checking '/home/kmw/2025IEVE/lidar_ws/install/laser_segmentation' for CMake config files
[0.642s] Level 1:colcon.colcon_core.shell:create_environment_hook('laser_segmentation', 'cmake_prefix_path')
[0.642s] INFO:colcon.colcon_core.shell:Creating environment hook '/home/kmw/2025IEVE/lidar_ws/install/laser_segmentation/share/laser_segmentation/hook/cmake_prefix_path.ps1'
[0.643s] INFO:colcon.colcon_core.shell:Creating environment descriptor '/home/kmw/2025IEVE/lidar_ws/install/laser_segmentation/share/laser_segmentation/hook/cmake_prefix_path.dsv'
[0.643s] INFO:colcon.colcon_core.shell:Creating environment hook '/home/kmw/2025IEVE/lidar_ws/install/laser_segmentation/share/laser_segmentation/hook/cmake_prefix_path.sh'
[0.644s] Level 1:colcon.colcon_core.environment:checking '/home/kmw/2025IEVE/lidar_ws/install/laser_segmentation/lib'
[0.644s] Level 1:colcon.colcon_core.shell:create_environment_hook('laser_segmentation', 'ld_library_path_lib')
[0.644s] INFO:colcon.colcon_core.shell:Creating environment hook '/home/kmw/2025IEVE/lidar_ws/install/laser_segmentation/share/laser_segmentation/hook/ld_library_path_lib.ps1'
[0.644s] INFO:colcon.colcon_core.shell:Creating environment descriptor '/home/kmw/2025IEVE/lidar_ws/install/laser_segmentation/share/laser_segmentation/hook/ld_library_path_lib.dsv'
[0.645s] INFO:colcon.colcon_core.shell:Creating environment hook '/home/kmw/2025IEVE/lidar_ws/install/laser_segmentation/share/laser_segmentation/hook/ld_library_path_lib.sh'
[0.645s] Level 1:colcon.colcon_core.environment:checking '/home/kmw/2025IEVE/lidar_ws/install/laser_segmentation/bin'
[0.645s] Level 1:colcon.colcon_core.environment:checking '/home/kmw/2025IEVE/lidar_ws/install/laser_segmentation/lib/pkgconfig/laser_segmentation.pc'
[0.646s] Level 1:colcon.colcon_core.environment:checking '/home/kmw/2025IEVE/lidar_ws/install/laser_segmentation/lib/python3.10/site-packages'
[0.646s] Level 1:colcon.colcon_core.environment:checking '/home/kmw/2025IEVE/lidar_ws/install/laser_segmentation/bin'
[0.646s] INFO:colcon.colcon_core.shell:Creating package script '/home/kmw/2025IEVE/lidar_ws/install/laser_segmentation/share/laser_segmentation/package.ps1'
[0.647s] INFO:colcon.colcon_core.shell:Creating package descriptor '/home/kmw/2025IEVE/lidar_ws/install/laser_segmentation/share/laser_segmentation/package.dsv'
[0.647s] INFO:colcon.colcon_core.shell:Creating package script '/home/kmw/2025IEVE/lidar_ws/install/laser_segmentation/share/laser_segmentation/package.sh'
[0.648s] INFO:colcon.colcon_core.shell:Creating package script '/home/kmw/2025IEVE/lidar_ws/install/laser_segmentation/share/laser_segmentation/package.bash'
[0.648s] INFO:colcon.colcon_core.shell:Creating package script '/home/kmw/2025IEVE/lidar_ws/install/laser_segmentation/share/laser_segmentation/package.zsh'
[0.648s] Level 1:colcon.colcon_core.environment:create_file_with_runtime_dependencies(/home/kmw/2025IEVE/lidar_ws/install/laser_segmentation/share/colcon-core/packages/laser_segmentation)
[0.649s] Level 1:colcon.colcon_core.environment:create_environment_scripts_only(laser_segmentation)
[0.649s] Level 1:colcon.colcon_core.environment:checking '/home/kmw/2025IEVE/lidar_ws/install/laser_segmentation' for CMake module files
[0.649s] Level 1:colcon.colcon_core.environment:checking '/home/kmw/2025IEVE/lidar_ws/install/laser_segmentation' for CMake config files
[0.650s] Level 1:colcon.colcon_core.shell:create_environment_hook('laser_segmentation', 'cmake_prefix_path')
[0.650s] INFO:colcon.colcon_core.shell:Creating environment hook '/home/kmw/2025IEVE/lidar_ws/install/laser_segmentation/share/laser_segmentation/hook/cmake_prefix_path.ps1'
[0.650s] INFO:colcon.colcon_core.shell:Creating environment descriptor '/home/kmw/2025IEVE/lidar_ws/install/laser_segmentation/share/laser_segmentation/hook/cmake_prefix_path.dsv'
[0.651s] INFO:colcon.colcon_core.shell:Creating environment hook '/home/kmw/2025IEVE/lidar_ws/install/laser_segmentation/share/laser_segmentation/hook/cmake_prefix_path.sh'
[0.651s] Level 1:colcon.colcon_core.environment:checking '/home/kmw/2025IEVE/lidar_ws/install/laser_segmentation/lib'
[0.651s] Level 1:colcon.colcon_core.shell:create_environment_hook('laser_segmentation', 'ld_library_path_lib')
[0.652s] INFO:colcon.colcon_core.shell:Creating environment hook '/home/kmw/2025IEVE/lidar_ws/install/laser_segmentation/share/laser_segmentation/hook/ld_library_path_lib.ps1'
[0.652s] INFO:colcon.colcon_core.shell:Creating environment descriptor '/home/kmw/2025IEVE/lidar_ws/install/laser_segmentation/share/laser_segmentation/hook/ld_library_path_lib.dsv'
[0.652s] INFO:colcon.colcon_core.shell:Creating environment hook '/home/kmw/2025IEVE/lidar_ws/install/laser_segmentation/share/laser_segmentation/hook/ld_library_path_lib.sh'
[0.653s] Level 1:colcon.colcon_core.environment:checking '/home/kmw/2025IEVE/lidar_ws/install/laser_segmentation/bin'
[0.653s] Level 1:colcon.colcon_core.environment:checking '/home/kmw/2025IEVE/lidar_ws/install/laser_segmentation/lib/pkgconfig/laser_segmentation.pc'
[0.653s] Level 1:colcon.colcon_core.environment:checking '/home/kmw/2025IEVE/lidar_ws/install/laser_segmentation/lib/python3.10/site-packages'
[0.653s] Level 1:colcon.colcon_core.environment:checking '/home/kmw/2025IEVE/lidar_ws/install/laser_segmentation/bin'
[0.654s] INFO:colcon.colcon_core.shell:Creating package script '/home/kmw/2025IEVE/lidar_ws/install/laser_segmentation/share/laser_segmentation/package.ps1'
[0.654s] INFO:colcon.colcon_core.shell:Creating package descriptor '/home/kmw/2025IEVE/lidar_ws/install/laser_segmentation/share/laser_segmentation/package.dsv'
[0.655s] INFO:colcon.colcon_core.shell:Creating package script '/home/kmw/2025IEVE/lidar_ws/install/laser_segmentation/share/laser_segmentation/package.sh'
[0.655s] INFO:colcon.colcon_core.shell:Creating package script '/home/kmw/2025IEVE/lidar_ws/install/laser_segmentation/share/laser_segmentation/package.bash'
[0.656s] INFO:colcon.colcon_core.shell:Creating package script '/home/kmw/2025IEVE/lidar_ws/install/laser_segmentation/share/laser_segmentation/package.zsh'
[0.656s] Level 1:colcon.colcon_core.environment:create_file_with_runtime_dependencies(/home/kmw/2025IEVE/lidar_ws/install/laser_segmentation/share/colcon-core/packages/laser_segmentation)
[1.219s] DEBUG:colcon.colcon_core.event_handler.log_command:Invoking command in '/home/kmw/2025IEVE/lidar_ws/src/centroids': PYTHONPATH=/home/kmw/2025IEVE/lidar_ws/build/centroids/prefix_override:/usr/lib/python3/dist-packages/colcon_core/task/python/colcon_distutils_commands:/home/kmw/2025IEVE/lidar_ws/install/centroids/lib/python3.10/site-packages:${PYTHONPATH} /usr/bin/python3 -W ignore:setup.py install is deprecated -W ignore:easy_install command is deprecated setup.py egg_info --egg-base ../../build/centroids build --build-base /home/kmw/2025IEVE/lidar_ws/build/centroids/build install --record /home/kmw/2025IEVE/lidar_ws/build/centroids/install.log --single-version-externally-managed install_data
[1.750s] Level 1:colcon.colcon_core.environment:checking '/home/kmw/2025IEVE/lidar_ws/install/centroids' for CMake module files
[1.751s] DEBUG:colcon.colcon_core.event_handler.log_command:Invoked command in '/home/kmw/2025IEVE/lidar_ws/src/centroids' returned '0': PYTHONPATH=/home/kmw/2025IEVE/lidar_ws/build/centroids/prefix_override:/usr/lib/python3/dist-packages/colcon_core/task/python/colcon_distutils_commands:/home/kmw/2025IEVE/lidar_ws/install/centroids/lib/python3.10/site-packages:${PYTHONPATH} /usr/bin/python3 -W ignore:setup.py install is deprecated -W ignore:easy_install command is deprecated setup.py egg_info --egg-base ../../build/centroids build --build-base /home/kmw/2025IEVE/lidar_ws/build/centroids/build install --record /home/kmw/2025IEVE/lidar_ws/build/centroids/install.log --single-version-externally-managed install_data
[1.751s] Level 1:colcon.colcon_core.environment:checking '/home/kmw/2025IEVE/lidar_ws/install/centroids' for CMake config files
[1.751s] Level 1:colcon.colcon_core.environment:checking '/home/kmw/2025IEVE/lidar_ws/install/centroids/lib'
[1.752s] Level 1:colcon.colcon_core.environment:checking '/home/kmw/2025IEVE/lidar_ws/install/centroids/bin'
[1.752s] Level 1:colcon.colcon_core.environment:checking '/home/kmw/2025IEVE/lidar_ws/install/centroids/lib/pkgconfig/centroids.pc'
[1.752s] Level 1:colcon.colcon_core.environment:checking '/home/kmw/2025IEVE/lidar_ws/install/centroids/lib/python3.10/site-packages'
[1.752s] Level 1:colcon.colcon_core.shell:create_environment_hook('centroids', 'pythonpath')
[1.752s] INFO:colcon.colcon_core.shell:Creating environment hook '/home/kmw/2025IEVE/lidar_ws/install/centroids/share/centroids/hook/pythonpath.ps1'
[1.753s] INFO:colcon.colcon_core.shell:Creating environment descriptor '/home/kmw/2025IEVE/lidar_ws/install/centroids/share/centroids/hook/pythonpath.dsv'
[1.753s] INFO:colcon.colcon_core.shell:Creating environment hook '/home/kmw/2025IEVE/lidar_ws/install/centroids/share/centroids/hook/pythonpath.sh'
[1.754s] Level 1:colcon.colcon_core.environment:checking '/home/kmw/2025IEVE/lidar_ws/install/centroids/bin'
[1.754s] Level 1:colcon.colcon_core.environment:create_environment_scripts_only(centroids)
[1.754s] INFO:colcon.colcon_core.shell:Creating package script '/home/kmw/2025IEVE/lidar_ws/install/centroids/share/centroids/package.ps1'
[1.755s] INFO:colcon.colcon_core.shell:Creating package descriptor '/home/kmw/2025IEVE/lidar_ws/install/centroids/share/centroids/package.dsv'
[1.756s] INFO:colcon.colcon_core.shell:Creating package script '/home/kmw/2025IEVE/lidar_ws/install/centroids/share/centroids/package.sh'
[1.756s] INFO:colcon.colcon_core.shell:Creating package script '/home/kmw/2025IEVE/lidar_ws/install/centroids/share/centroids/package.bash'
[1.756s] INFO:colcon.colcon_core.shell:Creating package script '/home/kmw/2025IEVE/lidar_ws/install/centroids/share/centroids/package.zsh'
[1.757s] Level 1:colcon.colcon_core.environment:create_file_with_runtime_dependencies(/home/kmw/2025IEVE/lidar_ws/install/centroids/share/colcon-core/packages/centroids)
[1.757s] DEBUG:colcon.colcon_parallel_executor.executor.parallel:closing loop
[1.758s] DEBUG:colcon.colcon_parallel_executor.executor.parallel:loop closed
[1.758s] DEBUG:colcon.colcon_parallel_executor.executor.parallel:run_until_complete finished with '0'
[1.758s] DEBUG:colcon.colcon_core.event_reactor:joining thread
[1.763s] INFO:colcon.colcon_core.plugin_system:Skipping extension 'colcon_notification.desktop_notification.terminal_notifier': Not used on non-Darwin systems
[1.763s] INFO:colcon.colcon_core.plugin_system:Skipping extension 'colcon_notification.desktop_notification.win32': Not used on non-Windows systems
[1.763s] INFO:colcon.colcon_notification.desktop_notification:Sending desktop notification using 'notify2'
[1.775s] DEBUG:colcon.colcon_core.event_reactor:joined thread
[1.775s] INFO:colcon.colcon_core.shell:Creating prefix script '/home/kmw/2025IEVE/lidar_ws/install/local_setup.ps1'
[1.776s] INFO:colcon.colcon_core.shell:Creating prefix util module '/home/kmw/2025IEVE/lidar_ws/install/_local_setup_util_ps1.py'
[1.778s] INFO:colcon.colcon_core.shell:Creating prefix chain script '/home/kmw/2025IEVE/lidar_ws/install/setup.ps1'
[1.779s] INFO:colcon.colcon_core.shell:Creating prefix script '/home/kmw/2025IEVE/lidar_ws/install/local_setup.sh'
[1.779s] INFO:colcon.colcon_core.shell:Creating prefix util module '/home/kmw/2025IEVE/lidar_ws/install/_local_setup_util_sh.py'
[1.780s] INFO:colcon.colcon_core.shell:Creating prefix chain script '/home/kmw/2025IEVE/lidar_ws/install/setup.sh'
[1.781s] INFO:colcon.colcon_core.shell:Creating prefix script '/home/kmw/2025IEVE/lidar_ws/install/local_setup.bash'
[1.783s] INFO:colcon.colcon_core.shell:Creating prefix chain script '/home/kmw/2025IEVE/lidar_ws/install/setup.bash'
[1.786s] INFO:colcon.colcon_core.shell:Creating prefix script '/home/kmw/2025IEVE/lidar_ws/install/local_setup.zsh'
[1.786s] INFO:colcon.colcon_core.shell:Creating prefix chain script '/home/kmw/2025IEVE/lidar_ws/install/setup.zsh'
