[0.223s] Invoking command in '/home/kmw/2025IEVE/lidar_ws/build/laser_segmentation': CMAKE_PREFIX_PATH=/opt/ros/humble /usr/bin/cmake --build /home/kmw/2025IEVE/lidar_ws/build/laser_segmentation -- -j8 -l8
[0.249s] -- Found ament_cmake: 1.3.10 (/opt/ros/humble/share/ament_cmake/cmake)
[0.424s] [31mCMake Error at CMakeLists.txt:54 (find_package):
[0.424s]   By not providing "Findrclcpp.cmake" in CMAKE_MODULE_PATH this project has
[0.424s]   asked CMake to find a package configuration file provided by "rclcpp", but
[0.424s]   CMake did not find one.
[0.424s] 
[0.424s]   Could not find a package configuration file provided by "rclcpp" with any
[0.424s]   of the following names:
[0.424s] 
[0.424s]     rclcppConfig.cmake
[0.424s]     rclcpp-config.cmake
[0.424s] 
[0.425s]   Add the installation prefix of "rclcpp" to CMAKE_PREFIX_PATH or set
[0.425s]   "rclcpp_DIR" to a directory containing one of the above files.  If "rclcpp"
[0.425s]   provides a separate development package or SDK, be sure it has been
[0.425s]   installed.
[0.425s] 
[0.425s] [0m
[0.425s] -- Configuring incomplete, errors occurred!
[0.425s] See also "/home/kmw/2025IEVE/lidar_ws/build/laser_segmentation/CMakeFiles/CMakeOutput.log".
[0.428s] gmake: *** [Makefile:459: cmake_check_build_system] Error 1
