[0.266s] Invoking command in '/home/kmw/2025IEVE/lidar_ws/build/sllidar_ros2': CMAKE_PREFIX_PATH=${CMAKE_PREFIX_PATH}:/home/kmw/2025IEVE/lidar_ws/install/centroids:/home/kmw/2025IEVE/lidar_ws/install/centeroids:/opt/ros/humble CONDA_PROMPT_MODIFIER=(ros2_py310) /usr/bin/cmake --build /home/kmw/2025IEVE/lidar_ws/build/sllidar_ros2 -- -j8 -l8
[0.328s] [ 10%] Built target sllidar_client
[0.334s] [100%] Built target sllidar_node
[0.349s] Invoked command in '/home/kmw/2025IEVE/lidar_ws/build/sllidar_ros2' returned '0': CMAKE_PREFIX_PATH=${CMAKE_PREFIX_PATH}:/home/kmw/2025IEVE/lidar_ws/install/centroids:/home/kmw/2025IEVE/lidar_ws/install/centeroids:/opt/ros/humble CONDA_PROMPT_MODIFIER=(ros2_py310) /usr/bin/cmake --build /home/kmw/2025IEVE/lidar_ws/build/sllidar_ros2 -- -j8 -l8
[0.364s] Invoking command in '/home/kmw/2025IEVE/lidar_ws/build/sllidar_ros2': CMAKE_PREFIX_PATH=${CMAKE_PREFIX_PATH}:/home/kmw/2025IEVE/lidar_ws/install/centroids:/home/kmw/2025IEVE/lidar_ws/install/centeroids:/opt/ros/humble CONDA_PROMPT_MODIFIER=(ros2_py310) /usr/bin/cmake --install /home/kmw/2025IEVE/lidar_ws/build/sllidar_ros2
[0.372s] -- Install configuration: ""
[0.372s] -- Up-to-date: /home/kmw/2025IEVE/lidar_ws/install/sllidar_ros2/share/sllidar_ros2/launch
[0.372s] -- Up-to-date: /home/kmw/2025IEVE/lidar_ws/install/sllidar_ros2/share/sllidar_ros2/launch/view_sllidar_s2e_launch.py
[0.372s] -- Up-to-date: /home/kmw/2025IEVE/lidar_ws/install/sllidar_ros2/share/sllidar_ros2/launch/sllidar_a2m8_launch.py
[0.372s] -- Up-to-date: /home/kmw/2025IEVE/lidar_ws/install/sllidar_ros2/share/sllidar_ros2/launch/view_sllidar_s1_tcp_launch.py
[0.372s] -- Up-to-date: /home/kmw/2025IEVE/lidar_ws/install/sllidar_ros2/share/sllidar_ros2/launch/sllidar_a2m12_launch .py
[0.372s] -- Up-to-date: /home/kmw/2025IEVE/lidar_ws/install/sllidar_ros2/share/sllidar_ros2/launch/sllidar_c1_launch.py
[0.373s] -- Up-to-date: /home/kmw/2025IEVE/lidar_ws/install/sllidar_ros2/share/sllidar_ros2/launch/view_sllidar_a1_launch.py
[0.373s] -- Up-to-date: /home/kmw/2025IEVE/lidar_ws/install/sllidar_ros2/share/sllidar_ros2/launch/view_sllidar_s3_launch.py
[0.373s] -- Up-to-date: /home/kmw/2025IEVE/lidar_ws/install/sllidar_ros2/share/sllidar_ros2/launch/sllidar_s2_launch.py
[0.373s] -- Up-to-date: /home/kmw/2025IEVE/lidar_ws/install/sllidar_ros2/share/sllidar_ros2/launch/sllidar_a2m7_launch.py
[0.373s] -- Up-to-date: /home/kmw/2025IEVE/lidar_ws/install/sllidar_ros2/share/sllidar_ros2/launch/sllidar_a3_launch.py
[0.373s] -- Up-to-date: /home/kmw/2025IEVE/lidar_ws/install/sllidar_ros2/share/sllidar_ros2/launch/view_sllidar_a2m12_launch.py
[0.373s] -- Up-to-date: /home/kmw/2025IEVE/lidar_ws/install/sllidar_ros2/share/sllidar_ros2/launch/sllidar_a1_launch.py
[0.374s] -- Up-to-date: /home/kmw/2025IEVE/lidar_ws/install/sllidar_ros2/share/sllidar_ros2/launch/view_sllidar_t1_launch.py
[0.374s] -- Up-to-date: /home/kmw/2025IEVE/lidar_ws/install/sllidar_ros2/share/sllidar_ros2/launch/view_sllidar_s1_launch.py
[0.374s] -- Up-to-date: /home/kmw/2025IEVE/lidar_ws/install/sllidar_ros2/share/sllidar_ros2/launch/sllidar_s1_tcp_launch.py
[0.374s] -- Up-to-date: /home/kmw/2025IEVE/lidar_ws/install/sllidar_ros2/share/sllidar_ros2/launch/sllidar_s3_launch.py
[0.374s] -- Up-to-date: /home/kmw/2025IEVE/lidar_ws/install/sllidar_ros2/share/sllidar_ros2/launch/sllidar_s1_launch.py
[0.374s] -- Up-to-date: /home/kmw/2025IEVE/lidar_ws/install/sllidar_ros2/share/sllidar_ros2/launch/view_sllidar_c1_launch.py
[0.374s] -- Up-to-date: /home/kmw/2025IEVE/lidar_ws/install/sllidar_ros2/share/sllidar_ros2/launch/sllidar_s2e_launch.py
[0.374s] -- Up-to-date: /home/kmw/2025IEVE/lidar_ws/install/sllidar_ros2/share/sllidar_ros2/launch/view_sllidar_a2m7_launch.py
[0.374s] -- Up-to-date: /home/kmw/2025IEVE/lidar_ws/install/sllidar_ros2/share/sllidar_ros2/launch/view_sllidar_a3_launch.py
[0.375s] -- Up-to-date: /home/kmw/2025IEVE/lidar_ws/install/sllidar_ros2/share/sllidar_ros2/launch/sllidar_t1_launch.py
[0.375s] -- Up-to-date: /home/kmw/2025IEVE/lidar_ws/install/sllidar_ros2/share/sllidar_ros2/launch/view_sllidar_a2m8_launch.py
[0.375s] -- Up-to-date: /home/kmw/2025IEVE/lidar_ws/install/sllidar_ros2/share/sllidar_ros2/launch/view_sllidar_s2_launch.py
[0.375s] -- Up-to-date: /home/kmw/2025IEVE/lidar_ws/install/sllidar_ros2/share/sllidar_ros2/rviz
[0.375s] -- Up-to-date: /home/kmw/2025IEVE/lidar_ws/install/sllidar_ros2/share/sllidar_ros2/rviz/sllidar_ros2.rviz
[0.375s] -- Up-to-date: /home/kmw/2025IEVE/lidar_ws/install/sllidar_ros2/lib/sllidar_ros2/sllidar_node
[0.375s] -- Up-to-date: /home/kmw/2025IEVE/lidar_ws/install/sllidar_ros2/lib/sllidar_ros2/sllidar_client
[0.375s] -- Up-to-date: /home/kmw/2025IEVE/lidar_ws/install/sllidar_ros2/share/ament_index/resource_index/package_run_dependencies/sllidar_ros2
[0.375s] -- Up-to-date: /home/kmw/2025IEVE/lidar_ws/install/sllidar_ros2/share/ament_index/resource_index/parent_prefix_path/sllidar_ros2
[0.375s] -- Up-to-date: /home/kmw/2025IEVE/lidar_ws/install/sllidar_ros2/share/sllidar_ros2/environment/ament_prefix_path.sh
[0.375s] -- Up-to-date: /home/kmw/2025IEVE/lidar_ws/install/sllidar_ros2/share/sllidar_ros2/environment/ament_prefix_path.dsv
[0.376s] -- Up-to-date: /home/kmw/2025IEVE/lidar_ws/install/sllidar_ros2/share/sllidar_ros2/environment/path.sh
[0.376s] -- Up-to-date: /home/kmw/2025IEVE/lidar_ws/install/sllidar_ros2/share/sllidar_ros2/environment/path.dsv
[0.376s] -- Up-to-date: /home/kmw/2025IEVE/lidar_ws/install/sllidar_ros2/share/sllidar_ros2/local_setup.bash
[0.377s] -- Up-to-date: /home/kmw/2025IEVE/lidar_ws/install/sllidar_ros2/share/sllidar_ros2/local_setup.sh
[0.377s] -- Up-to-date: /home/kmw/2025IEVE/lidar_ws/install/sllidar_ros2/share/sllidar_ros2/local_setup.zsh
[0.377s] -- Up-to-date: /home/kmw/2025IEVE/lidar_ws/install/sllidar_ros2/share/sllidar_ros2/local_setup.dsv
[0.377s] -- Installing: /home/kmw/2025IEVE/lidar_ws/install/sllidar_ros2/share/sllidar_ros2/package.dsv
[0.377s] -- Up-to-date: /home/kmw/2025IEVE/lidar_ws/install/sllidar_ros2/share/ament_index/resource_index/packages/sllidar_ros2
[0.377s] -- Up-to-date: /home/kmw/2025IEVE/lidar_ws/install/sllidar_ros2/share/sllidar_ros2/cmake/ament_cmake_export_dependencies-extras.cmake
[0.377s] -- Up-to-date: /home/kmw/2025IEVE/lidar_ws/install/sllidar_ros2/share/sllidar_ros2/cmake/ament_cmake_export_include_directories-extras.cmake
[0.377s] -- Up-to-date: /home/kmw/2025IEVE/lidar_ws/install/sllidar_ros2/share/sllidar_ros2/cmake/sllidar_ros2Config.cmake
[0.377s] -- Up-to-date: /home/kmw/2025IEVE/lidar_ws/install/sllidar_ros2/share/sllidar_ros2/cmake/sllidar_ros2Config-version.cmake
[0.377s] -- Up-to-date: /home/kmw/2025IEVE/lidar_ws/install/sllidar_ros2/share/sllidar_ros2/package.xml
[0.378s] Invoked command in '/home/kmw/2025IEVE/lidar_ws/build/sllidar_ros2' returned '0': CMAKE_PREFIX_PATH=${CMAKE_PREFIX_PATH}:/home/kmw/2025IEVE/lidar_ws/install/centroids:/home/kmw/2025IEVE/lidar_ws/install/centeroids:/opt/ros/humble CONDA_PROMPT_MODIFIER=(ros2_py310) /usr/bin/cmake --install /home/kmw/2025IEVE/lidar_ws/build/sllidar_ros2
