[0.238s] Invoking command in '/home/kmw/2025IEVE/lidar_ws/build/laser_segmentation': CMAKE_PREFIX_PATH=${CMAKE_PREFIX_PATH}:/home/kmw/2025IEVE/lidar_ws/install/centroids:/home/kmw/2025IEVE/lidar_ws/install/centeroids:/opt/ros/humble /usr/bin/cmake --build /home/kmw/2025IEVE/lidar_ws/build/laser_segmentation -- -j8 -l8
[0.293s] [ 11%] Built target gtest_main
[0.298s] [ 23%] Built target gtest
[0.302s] [ 52%] Built target laser_segmentation_core
[0.328s] [ 64%] Built target test_segmentations
[0.340s] [ 88%] Built target laser_segmentation
[0.340s] [ 88%] Built target test_integration
[0.340s] [100%] Built target test_laser_segmentation
[0.375s] Invoked command in '/home/kmw/2025IEVE/lidar_ws/build/laser_segmentation' returned '0': CMAKE_PREFIX_PATH=${CMAKE_PREFIX_PATH}:/home/kmw/2025IEVE/lidar_ws/install/centroids:/home/kmw/2025IEVE/lidar_ws/install/centeroids:/opt/ros/humble /usr/bin/cmake --build /home/kmw/2025IEVE/lidar_ws/build/laser_segmentation -- -j8 -l8
[0.376s] Invoking command in '/home/kmw/2025IEVE/lidar_ws/build/laser_segmentation': CMAKE_PREFIX_PATH=${CMAKE_PREFIX_PATH}:/home/kmw/2025IEVE/lidar_ws/install/centroids:/home/kmw/2025IEVE/lidar_ws/install/centeroids:/opt/ros/humble /usr/bin/cmake --install /home/kmw/2025IEVE/lidar_ws/build/laser_segmentation
[0.383s] -- Install configuration: "Release"
[0.383s] -- Up-to-date: /home/kmw/2025IEVE/lidar_ws/install/laser_segmentation/lib/liblaser_segmentation_core.so
[0.383s] -- Up-to-date: /home/kmw/2025IEVE/lidar_ws/install/laser_segmentation/lib/laser_segmentation/laser_segmentation
[0.383s] -- Up-to-date: /home/kmw/2025IEVE/lidar_ws/install/laser_segmentation/include/laser_segmentation
[0.383s] -- Up-to-date: /home/kmw/2025IEVE/lidar_ws/install/laser_segmentation/include/laser_segmentation/laser_segmentation
[0.384s] -- Up-to-date: /home/kmw/2025IEVE/lidar_ws/install/laser_segmentation/include/laser_segmentation/laser_segmentation/segmentation
[0.384s] -- Up-to-date: /home/kmw/2025IEVE/lidar_ws/install/laser_segmentation/include/laser_segmentation/laser_segmentation/segmentation/jump_distance_merge.hpp
[0.384s] -- Up-to-date: /home/kmw/2025IEVE/lidar_ws/install/laser_segmentation/include/laser_segmentation/laser_segmentation/segmentation/segmentation.hpp
[0.384s] -- Up-to-date: /home/kmw/2025IEVE/lidar_ws/install/laser_segmentation/include/laser_segmentation/laser_segmentation/segmentation/jump_distance.hpp
[0.384s] -- Up-to-date: /home/kmw/2025IEVE/lidar_ws/install/laser_segmentation/include/laser_segmentation/laser_segmentation/laser_segmentation.hpp
[0.384s] -- Up-to-date: /home/kmw/2025IEVE/lidar_ws/install/laser_segmentation/include/laser_segmentation/laser_segmentation/parameter_handler.hpp
[0.384s] -- Up-to-date: /home/kmw/2025IEVE/lidar_ws/install/laser_segmentation/include/laser_segmentation/laser_segmentation/parula.hpp
[0.384s] -- Up-to-date: /home/kmw/2025IEVE/lidar_ws/install/laser_segmentation/share/laser_segmentation//launch
[0.384s] -- Up-to-date: /home/kmw/2025IEVE/lidar_ws/install/laser_segmentation/share/laser_segmentation//launch/segmentation.launch.py
[0.384s] -- Up-to-date: /home/kmw/2025IEVE/lidar_ws/install/laser_segmentation/share/laser_segmentation//params
[0.384s] -- Up-to-date: /home/kmw/2025IEVE/lidar_ws/install/laser_segmentation/share/laser_segmentation//params/default_params.yml
[0.384s] -- Up-to-date: /home/kmw/2025IEVE/lidar_ws/install/laser_segmentation/share/laser_segmentation//params/close_steps_detect.yml
[0.384s] -- Up-to-date: /home/kmw/2025IEVE/lidar_ws/install/laser_segmentation/share/laser_segmentation/environment/library_path.sh
[0.385s] -- Up-to-date: /home/kmw/2025IEVE/lidar_ws/install/laser_segmentation/share/laser_segmentation/environment/library_path.dsv
[0.385s] -- Up-to-date: /home/kmw/2025IEVE/lidar_ws/install/laser_segmentation/share/ament_index/resource_index/package_run_dependencies/laser_segmentation
[0.385s] -- Up-to-date: /home/kmw/2025IEVE/lidar_ws/install/laser_segmentation/share/ament_index/resource_index/parent_prefix_path/laser_segmentation
[0.385s] -- Up-to-date: /home/kmw/2025IEVE/lidar_ws/install/laser_segmentation/share/laser_segmentation/environment/ament_prefix_path.sh
[0.385s] -- Up-to-date: /home/kmw/2025IEVE/lidar_ws/install/laser_segmentation/share/laser_segmentation/environment/ament_prefix_path.dsv
[0.385s] -- Up-to-date: /home/kmw/2025IEVE/lidar_ws/install/laser_segmentation/share/laser_segmentation/environment/path.sh
[0.385s] -- Up-to-date: /home/kmw/2025IEVE/lidar_ws/install/laser_segmentation/share/laser_segmentation/environment/path.dsv
[0.385s] -- Up-to-date: /home/kmw/2025IEVE/lidar_ws/install/laser_segmentation/share/laser_segmentation/local_setup.bash
[0.385s] -- Up-to-date: /home/kmw/2025IEVE/lidar_ws/install/laser_segmentation/share/laser_segmentation/local_setup.sh
[0.385s] -- Up-to-date: /home/kmw/2025IEVE/lidar_ws/install/laser_segmentation/share/laser_segmentation/local_setup.zsh
[0.385s] -- Up-to-date: /home/kmw/2025IEVE/lidar_ws/install/laser_segmentation/share/laser_segmentation/local_setup.dsv
[0.385s] -- Installing: /home/kmw/2025IEVE/lidar_ws/install/laser_segmentation/share/laser_segmentation/package.dsv
[0.385s] -- Up-to-date: /home/kmw/2025IEVE/lidar_ws/install/laser_segmentation/share/ament_index/resource_index/packages/laser_segmentation
[0.385s] -- Up-to-date: /home/kmw/2025IEVE/lidar_ws/install/laser_segmentation/share/ament_index/resource_index/rclcpp_components/laser_segmentation
[0.385s] -- Up-to-date: /home/kmw/2025IEVE/lidar_ws/install/laser_segmentation/share/laser_segmentation/cmake/laser_segmentationExport.cmake
[0.385s] -- Up-to-date: /home/kmw/2025IEVE/lidar_ws/install/laser_segmentation/share/laser_segmentation/cmake/laser_segmentationExport-release.cmake
[0.385s] -- Up-to-date: /home/kmw/2025IEVE/lidar_ws/install/laser_segmentation/share/laser_segmentation/cmake/ament_cmake_export_include_directories-extras.cmake
[0.386s] -- Up-to-date: /home/kmw/2025IEVE/lidar_ws/install/laser_segmentation/share/laser_segmentation/cmake/ament_cmake_export_libraries-extras.cmake
[0.386s] -- Up-to-date: /home/kmw/2025IEVE/lidar_ws/install/laser_segmentation/share/laser_segmentation/cmake/ament_cmake_export_dependencies-extras.cmake
[0.386s] -- Up-to-date: /home/kmw/2025IEVE/lidar_ws/install/laser_segmentation/share/laser_segmentation/cmake/ament_cmake_export_targets-extras.cmake
[0.386s] -- Up-to-date: /home/kmw/2025IEVE/lidar_ws/install/laser_segmentation/share/laser_segmentation/cmake/laser_segmentationConfig.cmake
[0.386s] -- Up-to-date: /home/kmw/2025IEVE/lidar_ws/install/laser_segmentation/share/laser_segmentation/cmake/laser_segmentationConfig-version.cmake
[0.386s] -- Up-to-date: /home/kmw/2025IEVE/lidar_ws/install/laser_segmentation/share/laser_segmentation/package.xml
[0.387s] Invoked command in '/home/kmw/2025IEVE/lidar_ws/build/laser_segmentation' returned '0': CMAKE_PREFIX_PATH=${CMAKE_PREFIX_PATH}:/home/kmw/2025IEVE/lidar_ws/install/centroids:/home/kmw/2025IEVE/lidar_ws/install/centeroids:/opt/ros/humble /usr/bin/cmake --install /home/kmw/2025IEVE/lidar_ws/build/laser_segmentation
