/home/kmw/2025IEVE/Arduino_Control/ros2_con/install/mega_con/lib/python3.10/site-packages/mega_con/joy_con.py
/home/kmw/2025IEVE/Arduino_Control/ros2_con/install/mega_con/lib/python3.10/site-packages/mega_con/motor_con.py
/home/kmw/2025IEVE/Arduino_Control/ros2_con/install/mega_con/lib/python3.10/site-packages/mega_con/__init__.py
/home/kmw/2025IEVE/Arduino_Control/ros2_con/install/mega_con/lib/python3.10/site-packages/mega_con/tel_motor.py
/home/kmw/2025IEVE/Arduino_Control/ros2_con/install/mega_con/lib/python3.10/site-packages/mega_con/__pycache__/joy_con.cpython-310.pyc
/home/kmw/2025IEVE/Arduino_Control/ros2_con/install/mega_con/lib/python3.10/site-packages/mega_con/__pycache__/motor_con.cpython-310.pyc
/home/kmw/2025IEVE/Arduino_Control/ros2_con/install/mega_con/lib/python3.10/site-packages/mega_con/__pycache__/__init__.cpython-310.pyc
/home/kmw/2025IEVE/Arduino_Control/ros2_con/install/mega_con/lib/python3.10/site-packages/mega_con/__pycache__/tel_motor.cpython-310.pyc
/home/kmw/2025IEVE/Arduino_Control/ros2_con/install/mega_con/share/ament_index/resource_index/packages/mega_con
/home/kmw/2025IEVE/Arduino_Control/ros2_con/install/mega_con/share/mega_con/package.xml
/home/kmw/2025IEVE/Arduino_Control/ros2_con/install/mega_con/share/mega_con/launch/joy_launch.py
/home/kmw/2025IEVE/Arduino_Control/ros2_con/install/mega_con/lib/python3.10/site-packages/mega_con-0.0.1-py3.10.egg-info/SOURCES.txt
/home/kmw/2025IEVE/Arduino_Control/ros2_con/install/mega_con/lib/python3.10/site-packages/mega_con-0.0.1-py3.10.egg-info/PKG-INFO
/home/kmw/2025IEVE/Arduino_Control/ros2_con/install/mega_con/lib/python3.10/site-packages/mega_con-0.0.1-py3.10.egg-info/requires.txt
/home/kmw/2025IEVE/Arduino_Control/ros2_con/install/mega_con/lib/python3.10/site-packages/mega_con-0.0.1-py3.10.egg-info/zip-safe
/home/kmw/2025IEVE/Arduino_Control/ros2_con/install/mega_con/lib/python3.10/site-packages/mega_con-0.0.1-py3.10.egg-info/top_level.txt
/home/kmw/2025IEVE/Arduino_Control/ros2_con/install/mega_con/lib/python3.10/site-packages/mega_con-0.0.1-py3.10.egg-info/entry_points.txt
/home/kmw/2025IEVE/Arduino_Control/ros2_con/install/mega_con/lib/python3.10/site-packages/mega_con-0.0.1-py3.10.egg-info/dependency_links.txt
/home/kmw/2025IEVE/Arduino_Control/ros2_con/install/mega_con/lib/mega_con/con
/home/kmw/2025IEVE/Arduino_Control/ros2_con/install/mega_con/lib/mega_con/joy_con
/home/kmw/2025IEVE/Arduino_Control/ros2_con/install/mega_con/lib/mega_con/tel
