running egg_info
creating ../../build/mega_con/mega_con.egg-info
writing ../../build/mega_con/mega_con.egg-info/PKG-INFO
writing dependency_links to ../../build/mega_con/mega_con.egg-info/dependency_links.txt
writing entry points to ../../build/mega_con/mega_con.egg-info/entry_points.txt
writing requirements to ../../build/mega_con/mega_con.egg-info/requires.txt
writing top-level names to ../../build/mega_con/mega_con.egg-info/top_level.txt
writing manifest file '../../build/mega_con/mega_con.egg-info/SOURCES.txt'
reading manifest file '../../build/mega_con/mega_con.egg-info/SOURCES.txt'
writing manifest file '../../build/mega_con/mega_con.egg-info/SOURCES.txt'
running build
running build_py
creating /home/kmw/2025IEVE/Arduino_Control/ros2_con/build/mega_con/build
creating /home/kmw/2025IEVE/Arduino_Control/ros2_con/build/mega_con/build/lib
creating /home/kmw/2025IEVE/Arduino_Control/ros2_con/build/mega_con/build/lib/mega_con
copying mega_con/motor_con.py -> /home/kmw/2025IEVE/Arduino_Control/ros2_con/build/mega_con/build/lib/mega_con
copying mega_con/__init__.py -> /home/kmw/2025IEVE/Arduino_Control/ros2_con/build/mega_con/build/lib/mega_con
copying mega_con/tel_motor.py -> /home/kmw/2025IEVE/Arduino_Control/ros2_con/build/mega_con/build/lib/mega_con
running install
running install_lib
creating /home/kmw/2025IEVE/Arduino_Control/ros2_con/install/mega_con/lib/python3.10/site-packages/mega_con
copying /home/kmw/2025IEVE/Arduino_Control/ros2_con/build/mega_con/build/lib/mega_con/motor_con.py -> /home/kmw/2025IEVE/Arduino_Control/ros2_con/install/mega_con/lib/python3.10/site-packages/mega_con
copying /home/kmw/2025IEVE/Arduino_Control/ros2_con/build/mega_con/build/lib/mega_con/__init__.py -> /home/kmw/2025IEVE/Arduino_Control/ros2_con/install/mega_con/lib/python3.10/site-packages/mega_con
copying /home/kmw/2025IEVE/Arduino_Control/ros2_con/build/mega_con/build/lib/mega_con/tel_motor.py -> /home/kmw/2025IEVE/Arduino_Control/ros2_con/install/mega_con/lib/python3.10/site-packages/mega_con
byte-compiling /home/kmw/2025IEVE/Arduino_Control/ros2_con/install/mega_con/lib/python3.10/site-packages/mega_con/motor_con.py to motor_con.cpython-310.pyc
byte-compiling /home/kmw/2025IEVE/Arduino_Control/ros2_con/install/mega_con/lib/python3.10/site-packages/mega_con/__init__.py to __init__.cpython-310.pyc
byte-compiling /home/kmw/2025IEVE/Arduino_Control/ros2_con/install/mega_con/lib/python3.10/site-packages/mega_con/tel_motor.py to tel_motor.cpython-310.pyc
running install_data
creating /home/kmw/2025IEVE/Arduino_Control/ros2_con/install/mega_con/share/ament_index
creating /home/kmw/2025IEVE/Arduino_Control/ros2_con/install/mega_con/share/ament_index/resource_index
creating /home/kmw/2025IEVE/Arduino_Control/ros2_con/install/mega_con/share/ament_index/resource_index/packages
copying resource/mega_con -> /home/kmw/2025IEVE/Arduino_Control/ros2_con/install/mega_con/share/ament_index/resource_index/packages
copying package.xml -> /home/kmw/2025IEVE/Arduino_Control/ros2_con/install/mega_con/share/mega_con
running install_egg_info
Copying ../../build/mega_con/mega_con.egg-info to /home/kmw/2025IEVE/Arduino_Control/ros2_con/install/mega_con/lib/python3.10/site-packages/mega_con-0.0.0-py3.10.egg-info
running install_scripts
Installing con script to /home/kmw/2025IEVE/Arduino_Control/ros2_con/install/mega_con/lib/mega_con
Installing tel script to /home/kmw/2025IEVE/Arduino_Control/ros2_con/install/mega_con/lib/mega_con
writing list of installed files to '/home/kmw/2025IEVE/Arduino_Control/ros2_con/build/mega_con/install.log'
