[0.969s] Invoking command in '/home/kmw/2025IEVE/Arduino_Control/ros2_con/src/mega_con': PYTHONPATH=/home/kmw/2025IEVE/Arduino_Control/ros2_con/build/mega_con/prefix_override:/usr/lib/python3/dist-packages/colcon_core/task/python/colcon_distutils_commands:/home/kmw/2025IEVE/Arduino_Control/ros2_con/install/mega_con/lib/python3.10/site-packages:${PYTHONPATH} /usr/bin/python3 -W ignore:setup.py install is deprecated -W ignore:easy_install command is deprecated setup.py egg_info --egg-base ../../build/mega_con build --build-base /home/kmw/2025IEVE/Arduino_Control/ros2_con/build/mega_con/build install --record /home/kmw/2025IEVE/Arduino_Control/ros2_con/build/mega_con/install.log --single-version-externally-managed install_data
[1.214s] running egg_info
[1.214s] creating ../../build/mega_con/mega_con.egg-info
[1.229s] writing ../../build/mega_con/mega_con.egg-info/PKG-INFO
[1.229s] writing dependency_links to ../../build/mega_con/mega_con.egg-info/dependency_links.txt
[1.229s] writing entry points to ../../build/mega_con/mega_con.egg-info/entry_points.txt
[1.229s] writing requirements to ../../build/mega_con/mega_con.egg-info/requires.txt
[1.230s] writing top-level names to ../../build/mega_con/mega_con.egg-info/top_level.txt
[1.230s] writing manifest file '../../build/mega_con/mega_con.egg-info/SOURCES.txt'
[1.262s] reading manifest file '../../build/mega_con/mega_con.egg-info/SOURCES.txt'
[1.263s] writing manifest file '../../build/mega_con/mega_con.egg-info/SOURCES.txt'
[1.263s] running build
[1.263s] running build_py
[1.263s] creating /home/kmw/2025IEVE/Arduino_Control/ros2_con/build/mega_con/build
[1.263s] creating /home/kmw/2025IEVE/Arduino_Control/ros2_con/build/mega_con/build/lib
[1.263s] creating /home/kmw/2025IEVE/Arduino_Control/ros2_con/build/mega_con/build/lib/mega_con
[1.263s] copying mega_con/motor_con.py -> /home/kmw/2025IEVE/Arduino_Control/ros2_con/build/mega_con/build/lib/mega_con
[1.263s] copying mega_con/__init__.py -> /home/kmw/2025IEVE/Arduino_Control/ros2_con/build/mega_con/build/lib/mega_con
[1.263s] copying mega_con/tel_motor.py -> /home/kmw/2025IEVE/Arduino_Control/ros2_con/build/mega_con/build/lib/mega_con
[1.264s] running install
[1.268s] running install_lib
[1.284s] creating /home/kmw/2025IEVE/Arduino_Control/ros2_con/install/mega_con/lib/python3.10/site-packages/mega_con
[1.284s] copying /home/kmw/2025IEVE/Arduino_Control/ros2_con/build/mega_con/build/lib/mega_con/motor_con.py -> /home/kmw/2025IEVE/Arduino_Control/ros2_con/install/mega_con/lib/python3.10/site-packages/mega_con
[1.284s] copying /home/kmw/2025IEVE/Arduino_Control/ros2_con/build/mega_con/build/lib/mega_con/__init__.py -> /home/kmw/2025IEVE/Arduino_Control/ros2_con/install/mega_con/lib/python3.10/site-packages/mega_con
[1.284s] copying /home/kmw/2025IEVE/Arduino_Control/ros2_con/build/mega_con/build/lib/mega_con/tel_motor.py -> /home/kmw/2025IEVE/Arduino_Control/ros2_con/install/mega_con/lib/python3.10/site-packages/mega_con
[1.284s] byte-compiling /home/kmw/2025IEVE/Arduino_Control/ros2_con/install/mega_con/lib/python3.10/site-packages/mega_con/motor_con.py to motor_con.cpython-310.pyc
[1.285s] byte-compiling /home/kmw/2025IEVE/Arduino_Control/ros2_con/install/mega_con/lib/python3.10/site-packages/mega_con/__init__.py to __init__.cpython-310.pyc
[1.285s] byte-compiling /home/kmw/2025IEVE/Arduino_Control/ros2_con/install/mega_con/lib/python3.10/site-packages/mega_con/tel_motor.py to tel_motor.cpython-310.pyc
[1.285s] running install_data
[1.285s] creating /home/kmw/2025IEVE/Arduino_Control/ros2_con/install/mega_con/share/ament_index
[1.286s] creating /home/kmw/2025IEVE/Arduino_Control/ros2_con/install/mega_con/share/ament_index/resource_index
[1.286s] creating /home/kmw/2025IEVE/Arduino_Control/ros2_con/install/mega_con/share/ament_index/resource_index/packages
[1.286s] copying resource/mega_con -> /home/kmw/2025IEVE/Arduino_Control/ros2_con/install/mega_con/share/ament_index/resource_index/packages
[1.286s] copying package.xml -> /home/kmw/2025IEVE/Arduino_Control/ros2_con/install/mega_con/share/mega_con
[1.286s] running install_egg_info
[1.302s] Copying ../../build/mega_con/mega_con.egg-info to /home/kmw/2025IEVE/Arduino_Control/ros2_con/install/mega_con/lib/python3.10/site-packages/mega_con-0.0.0-py3.10.egg-info
[1.302s] running install_scripts
[1.425s] Installing con script to /home/kmw/2025IEVE/Arduino_Control/ros2_con/install/mega_con/lib/mega_con
[1.426s] Installing tel script to /home/kmw/2025IEVE/Arduino_Control/ros2_con/install/mega_con/lib/mega_con
[1.426s] writing list of installed files to '/home/kmw/2025IEVE/Arduino_Control/ros2_con/build/mega_con/install.log'
[1.454s] Invoked command in '/home/kmw/2025IEVE/Arduino_Control/ros2_con/src/mega_con' returned '0': PYTHONPATH=/home/kmw/2025IEVE/Arduino_Control/ros2_con/build/mega_con/prefix_override:/usr/lib/python3/dist-packages/colcon_core/task/python/colcon_distutils_commands:/home/kmw/2025IEVE/Arduino_Control/ros2_con/install/mega_con/lib/python3.10/site-packages:${PYTHONPATH} /usr/bin/python3 -W ignore:setup.py install is deprecated -W ignore:easy_install command is deprecated setup.py egg_info --egg-base ../../build/mega_con build --build-base /home/kmw/2025IEVE/Arduino_Control/ros2_con/build/mega_con/build install --record /home/kmw/2025IEVE/Arduino_Control/ros2_con/build/mega_con/install.log --single-version-externally-managed install_data
