[3.053s] Invoking command in '/home/kmw/2025IEVE/lidar_ws/src/calibration': PYTHONPATH=/home/kmw/2025IEVE/lidar_ws/build/calibration/prefix_override:/usr/lib/python3/dist-packages/colcon_core/task/python/colcon_distutils_commands:/home/kmw/2025IEVE/lidar_ws/install/calibration/lib/python3.10/site-packages:${PYTHONPATH} /usr/bin/python3 -W ignore:setup.py install is deprecated -W ignore:easy_install command is deprecated setup.py egg_info --egg-base ../../build/calibration build --build-base /home/kmw/2025IEVE/lidar_ws/build/calibration/build install --record /home/kmw/2025IEVE/lidar_ws/build/calibration/install.log --single-version-externally-managed install_data
[3.481s] /home/kmw/miniconda3/envs/ros2_py310/lib/python3.10/site-packages/setuptools/_distutils/dist.py:268: UserWarning: Unknown distribution option: 'tests_require'
[3.481s]   warnings.warn(msg)
[3.714s] running egg_info
[3.753s] writing ../../build/calibration/calibration.egg-info/PKG-INFO
[3.754s] writing dependency_links to ../../build/calibration/calibration.egg-info/dependency_links.txt
[3.755s] writing entry points to ../../build/calibration/calibration.egg-info/entry_points.txt
[3.755s] writing requirements to ../../build/calibration/calibration.egg-info/requires.txt
[3.755s] writing top-level names to ../../build/calibration/calibration.egg-info/top_level.txt
[3.834s] reading manifest file '../../build/calibration/calibration.egg-info/SOURCES.txt'
[3.836s] writing manifest file '../../build/calibration/calibration.egg-info/SOURCES.txt'
[3.836s] running build
[3.836s] running build_py
[3.836s] copying calibration/lidar_to_camera.py -> /home/kmw/2025IEVE/lidar_ws/build/calibration/build/lib/calibration
[3.837s] copying calibration/projection.py -> /home/kmw/2025IEVE/lidar_ws/build/calibration/build/lib/calibration
[3.837s] copying calibration/__init__.py -> /home/kmw/2025IEVE/lidar_ws/build/calibration/build/lib/calibration
[3.837s] copying calibration/camera_node.py -> /home/kmw/2025IEVE/lidar_ws/build/calibration/build/lib/calibration
[3.838s] copying calibration/lidar_point.py -> /home/kmw/2025IEVE/lidar_ws/build/calibration/build/lib/calibration
[3.838s] running install
[3.848s] running install_lib
[3.887s] copying /home/kmw/2025IEVE/lidar_ws/build/calibration/build/lib/calibration/projection.py -> /home/kmw/2025IEVE/lidar_ws/install/calibration/lib/python3.10/site-packages/calibration
[3.887s] copying /home/kmw/2025IEVE/lidar_ws/build/calibration/build/lib/calibration/camera_node.py -> /home/kmw/2025IEVE/lidar_ws/install/calibration/lib/python3.10/site-packages/calibration
[3.888s] byte-compiling /home/kmw/2025IEVE/lidar_ws/install/calibration/lib/python3.10/site-packages/calibration/projection.py to projection.cpython-310.pyc
[3.889s] byte-compiling /home/kmw/2025IEVE/lidar_ws/install/calibration/lib/python3.10/site-packages/calibration/camera_node.py to camera_node.cpython-310.pyc
[3.890s] running install_data
[3.891s] copying resource/calibration -> /home/kmw/2025IEVE/lidar_ws/install/calibration/share/ament_index/resource_index/packages
[3.891s] copying package.xml -> /home/kmw/2025IEVE/lidar_ws/install/calibration/share/calibration
[3.891s] running install_egg_info
[3.931s] removing '/home/kmw/2025IEVE/lidar_ws/install/calibration/lib/python3.10/site-packages/calibration-0.0.0-py3.10.egg-info' (and everything under it)
[3.931s] Copying ../../build/calibration/calibration.egg-info to /home/kmw/2025IEVE/lidar_ws/install/calibration/lib/python3.10/site-packages/calibration-0.0.0-py3.10.egg-info
[3.933s] running install_scripts
[4.245s] Installing camera script to /home/kmw/2025IEVE/lidar_ws/install/calibration/lib/calibration
[4.246s] Installing lidar_point script to /home/kmw/2025IEVE/lidar_ws/install/calibration/lib/calibration
[4.247s] Installing lidar_to_camera script to /home/kmw/2025IEVE/lidar_ws/install/calibration/lib/calibration
[4.248s] Installing projection script to /home/kmw/2025IEVE/lidar_ws/install/calibration/lib/calibration
[4.249s] writing list of installed files to '/home/kmw/2025IEVE/lidar_ws/build/calibration/install.log'
[4.391s] Invoked command in '/home/kmw/2025IEVE/lidar_ws/src/calibration' returned '0': PYTHONPATH=/home/kmw/2025IEVE/lidar_ws/build/calibration/prefix_override:/usr/lib/python3/dist-packages/colcon_core/task/python/colcon_distutils_commands:/home/kmw/2025IEVE/lidar_ws/install/calibration/lib/python3.10/site-packages:${PYTHONPATH} /usr/bin/python3 -W ignore:setup.py install is deprecated -W ignore:easy_install command is deprecated setup.py egg_info --egg-base ../../build/calibration build --build-base /home/kmw/2025IEVE/lidar_ws/build/calibration/build install --record /home/kmw/2025IEVE/lidar_ws/build/calibration/install.log --single-version-externally-managed install_data
