/home/kmw/2025IEVE/lidar_ws/install/CalibJ/lib/python3.10/site-packages/CalibJ/calib(midas).py
/home/kmw/2025IEVE/lidar_ws/install/CalibJ/lib/python3.10/site-packages/CalibJ/calib(stack).py
/home/kmw/2025IEVE/lidar_ws/install/CalibJ/lib/python3.10/site-packages/CalibJ/__init__.py
/home/kmw/2025IEVE/lidar_ws/install/CalibJ/lib/python3.10/site-packages/CalibJ/calib(히스토그램필터).py
/home/kmw/2025IEVE/lidar_ws/install/CalibJ/lib/python3.10/site-packages/CalibJ/viscam.py
/home/kmw/2025IEVE/lidar_ws/install/CalibJ/lib/python3.10/site-packages/CalibJ/calib(스펙트럼시각화).py
/home/kmw/2025IEVE/lidar_ws/install/CalibJ/lib/python3.10/site-packages/CalibJ/camera_calibration.py
/home/kmw/2025IEVE/lidar_ws/install/CalibJ/lib/python3.10/site-packages/CalibJ/calib.py
/home/kmw/2025IEVE/lidar_ws/install/CalibJ/lib/python3.10/site-packages/CalibJ/calib(평가용백업).py
/home/kmw/2025IEVE/lidar_ws/install/CalibJ/lib/python3.10/site-packages/CalibJ/calib(cv2보행자인식).py
/home/kmw/2025IEVE/lidar_ws/install/CalibJ/lib/python3.10/site-packages/CalibJ/module/abs_distance_module.py
/home/kmw/2025IEVE/lidar_ws/install/CalibJ/lib/python3.10/site-packages/CalibJ/module/apriltag_detect.py
/home/kmw/2025IEVE/lidar_ws/install/CalibJ/lib/python3.10/site-packages/CalibJ/module/calibration_module.py
/home/kmw/2025IEVE/lidar_ws/install/CalibJ/lib/python3.10/site-packages/CalibJ/module/__init__.py
/home/kmw/2025IEVE/lidar_ws/install/CalibJ/lib/python3.10/site-packages/CalibJ/module/tracking.py
/home/kmw/2025IEVE/lidar_ws/install/CalibJ/lib/python3.10/site-packages/CalibJ/module/clustering_scan.py
/home/kmw/2025IEVE/lidar_ws/install/CalibJ/lib/python3.10/site-packages/CalibJ/evaluate/calibration_eval.py
/home/kmw/2025IEVE/lidar_ws/install/CalibJ/lib/python3.10/site-packages/CalibJ/evaluate/clustering_eval.py
/home/kmw/2025IEVE/lidar_ws/install/CalibJ/lib/python3.10/site-packages/CalibJ/evaluate/__init__.py
/home/kmw/2025IEVE/lidar_ws/install/CalibJ/lib/python3.10/site-packages/CalibJ/utils/__init__.py
/home/kmw/2025IEVE/lidar_ws/install/CalibJ/lib/python3.10/site-packages/CalibJ/utils/config_loader.py
/home/kmw/2025IEVE/lidar_ws/install/CalibJ/lib/python3.10/site-packages/CalibJ/utils/avg_result.py
/home/kmw/2025IEVE/lidar_ws/install/CalibJ/lib/python3.10/site-packages/CalibJ/utils/clustering_vis.py
/home/kmw/2025IEVE/lidar_ws/install/CalibJ/lib/python3.10/site-packages/CalibJ/utils/estimate_utils.py
/home/kmw/2025IEVE/lidar_ws/install/CalibJ/lib/python3.10/site-packages/CalibJ/__pycache__/calib(midas).cpython-310.pyc
/home/kmw/2025IEVE/lidar_ws/install/CalibJ/lib/python3.10/site-packages/CalibJ/__pycache__/calib(stack).cpython-310.pyc
/home/kmw/2025IEVE/lidar_ws/install/CalibJ/lib/python3.10/site-packages/CalibJ/__pycache__/__init__.cpython-310.pyc
/home/kmw/2025IEVE/lidar_ws/install/CalibJ/lib/python3.10/site-packages/CalibJ/__pycache__/calib(히스토그램필터).cpython-310.pyc
/home/kmw/2025IEVE/lidar_ws/install/CalibJ/lib/python3.10/site-packages/CalibJ/__pycache__/viscam.cpython-310.pyc
/home/kmw/2025IEVE/lidar_ws/install/CalibJ/lib/python3.10/site-packages/CalibJ/__pycache__/calib(스펙트럼시각화).cpython-310.pyc
/home/kmw/2025IEVE/lidar_ws/install/CalibJ/lib/python3.10/site-packages/CalibJ/__pycache__/camera_calibration.cpython-310.pyc
/home/kmw/2025IEVE/lidar_ws/install/CalibJ/lib/python3.10/site-packages/CalibJ/__pycache__/calib.cpython-310.pyc
/home/kmw/2025IEVE/lidar_ws/install/CalibJ/lib/python3.10/site-packages/CalibJ/__pycache__/calib(평가용백업).cpython-310.pyc
/home/kmw/2025IEVE/lidar_ws/install/CalibJ/lib/python3.10/site-packages/CalibJ/__pycache__/calib(cv2보행자인식).cpython-310.pyc
/home/kmw/2025IEVE/lidar_ws/install/CalibJ/lib/python3.10/site-packages/CalibJ/module/__pycache__/abs_distance_module.cpython-310.pyc
/home/kmw/2025IEVE/lidar_ws/install/CalibJ/lib/python3.10/site-packages/CalibJ/module/__pycache__/apriltag_detect.cpython-310.pyc
/home/kmw/2025IEVE/lidar_ws/install/CalibJ/lib/python3.10/site-packages/CalibJ/module/__pycache__/calibration_module.cpython-310.pyc
/home/kmw/2025IEVE/lidar_ws/install/CalibJ/lib/python3.10/site-packages/CalibJ/module/__pycache__/__init__.cpython-310.pyc
/home/kmw/2025IEVE/lidar_ws/install/CalibJ/lib/python3.10/site-packages/CalibJ/module/__pycache__/tracking.cpython-310.pyc
/home/kmw/2025IEVE/lidar_ws/install/CalibJ/lib/python3.10/site-packages/CalibJ/module/__pycache__/clustering_scan.cpython-310.pyc
/home/kmw/2025IEVE/lidar_ws/install/CalibJ/lib/python3.10/site-packages/CalibJ/evaluate/__pycache__/calibration_eval.cpython-310.pyc
/home/kmw/2025IEVE/lidar_ws/install/CalibJ/lib/python3.10/site-packages/CalibJ/evaluate/__pycache__/clustering_eval.cpython-310.pyc
/home/kmw/2025IEVE/lidar_ws/install/CalibJ/lib/python3.10/site-packages/CalibJ/evaluate/__pycache__/__init__.cpython-310.pyc
/home/kmw/2025IEVE/lidar_ws/install/CalibJ/lib/python3.10/site-packages/CalibJ/utils/__pycache__/__init__.cpython-310.pyc
/home/kmw/2025IEVE/lidar_ws/install/CalibJ/lib/python3.10/site-packages/CalibJ/utils/__pycache__/config_loader.cpython-310.pyc
/home/kmw/2025IEVE/lidar_ws/install/CalibJ/lib/python3.10/site-packages/CalibJ/utils/__pycache__/avg_result.cpython-310.pyc
/home/kmw/2025IEVE/lidar_ws/install/CalibJ/lib/python3.10/site-packages/CalibJ/utils/__pycache__/clustering_vis.cpython-310.pyc
/home/kmw/2025IEVE/lidar_ws/install/CalibJ/lib/python3.10/site-packages/CalibJ/utils/__pycache__/estimate_utils.cpython-310.pyc
/home/kmw/2025IEVE/lidar_ws/install/CalibJ/share/ament_index/resource_index/packages/CalibJ
/home/kmw/2025IEVE/lidar_ws/install/CalibJ/share/CalibJ/package.xml
/home/kmw/2025IEVE/lidar_ws/install/CalibJ/lib/python3.10/site-packages/CalibJ-0.0.0-py3.10.egg-info/SOURCES.txt
/home/kmw/2025IEVE/lidar_ws/install/CalibJ/lib/python3.10/site-packages/CalibJ-0.0.0-py3.10.egg-info/PKG-INFO
/home/kmw/2025IEVE/lidar_ws/install/CalibJ/lib/python3.10/site-packages/CalibJ-0.0.0-py3.10.egg-info/requires.txt
/home/kmw/2025IEVE/lidar_ws/install/CalibJ/lib/python3.10/site-packages/CalibJ-0.0.0-py3.10.egg-info/zip-safe
/home/kmw/2025IEVE/lidar_ws/install/CalibJ/lib/python3.10/site-packages/CalibJ-0.0.0-py3.10.egg-info/top_level.txt
/home/kmw/2025IEVE/lidar_ws/install/CalibJ/lib/python3.10/site-packages/CalibJ-0.0.0-py3.10.egg-info/entry_points.txt
/home/kmw/2025IEVE/lidar_ws/install/CalibJ/lib/python3.10/site-packages/CalibJ-0.0.0-py3.10.egg-info/dependency_links.txt
/home/kmw/2025IEVE/lidar_ws/install/CalibJ/lib/CalibJ/calib
/home/kmw/2025IEVE/lidar_ws/install/CalibJ/lib/CalibJ/camera_calib
/home/kmw/2025IEVE/lidar_ws/install/CalibJ/lib/CalibJ/viscam
