[0.210s] DEBUG:colcon:Command line arguments: ['/usr/bin/colcon', 'build']
[0.211s] DEBUG:colcon:Parsed command line arguments: Namespace(log_base=None, log_level=None, verb_name='build', build_base='build', install_base='install', merge_install=False, symlink_install=False, test_result_base=None, continue_on_error=False, executor='parallel', parallel_workers=8, event_handlers=None, ignore_user_meta=False, metas=['./colcon.meta'], base_paths=['.'], packages_ignore=None, packages_ignore_regex=None, paths=None, packages_up_to=None, packages_up_to_regex=None, packages_above=None, packages_above_and_dependencies=None, packages_above_depth=None, packages_select_by_dep=None, packages_skip_by_dep=None, packages_skip_up_to=None, packages_select_build_failed=False, packages_skip_build_finished=False, packages_select_test_failures=False, packages_skip_test_passed=False, packages_select=None, packages_skip=None, packages_select_regex=None, packages_skip_regex=None, packages_start=None, packages_end=None, allow_overriding=[], cmake_args=None, cmake_target=None, cmake_target_skip_unavailable=False, cmake_clean_cache=False, cmake_clean_first=False, cmake_force_configure=False, ament_cmake_args=None, catkin_cmake_args=None, catkin_skip_building_tests=False, verb_parser=<colcon_defaults.argument_parser.defaults.DefaultArgumentsDecorator object at 0x79263425dde0>, verb_extension=<colcon_core.verb.build.BuildVerb object at 0x792634347850>, main=<bound method BuildVerb.main of <colcon_core.verb.build.BuildVerb object at 0x792634347850>>)
[0.292s] Level 1:colcon.colcon_core.package_discovery:discover_packages(colcon_meta) check parameters
[0.292s] Level 1:colcon.colcon_core.package_discovery:discover_packages(recursive) check parameters
[0.292s] Level 1:colcon.colcon_core.package_discovery:discover_packages(ignore) check parameters
[0.292s] Level 1:colcon.colcon_core.package_discovery:discover_packages(path) check parameters
[0.292s] Level 1:colcon.colcon_core.package_discovery:discover_packages(colcon_meta) discover
[0.292s] Level 1:colcon.colcon_core.package_discovery:discover_packages(recursive) discover
[0.292s] INFO:colcon.colcon_core.package_discovery:Crawling recursively for packages in '/home/kmw/2025IEVE/lidar_ws'
[0.292s] Level 1:colcon.colcon_core.package_identification:_identify(.) by extensions ['ignore', 'ignore_ament_install']
[0.293s] Level 1:colcon.colcon_core.package_identification:_identify(.) by extension 'ignore'
[0.293s] Level 1:colcon.colcon_core.package_identification:_identify(.) by extension 'ignore_ament_install'
[0.293s] Level 1:colcon.colcon_core.package_identification:_identify(.) by extensions ['colcon_pkg']
[0.293s] Level 1:colcon.colcon_core.package_identification:_identify(.) by extension 'colcon_pkg'
[0.293s] Level 1:colcon.colcon_core.package_identification:_identify(.) by extensions ['colcon_meta']
[0.293s] Level 1:colcon.colcon_core.package_identification:_identify(.) by extension 'colcon_meta'
[0.293s] Level 1:colcon.colcon_core.package_identification:_identify(.) by extensions ['ros']
[0.293s] Level 1:colcon.colcon_core.package_identification:_identify(.) by extension 'ros'
[0.323s] Level 1:colcon.colcon_core.package_identification:_identify(.) by extensions ['cmake', 'python']
[0.323s] Level 1:colcon.colcon_core.package_identification:_identify(.) by extension 'cmake'
[0.323s] Level 1:colcon.colcon_core.package_identification:_identify(.) by extension 'python'
[0.323s] Level 1:colcon.colcon_core.package_identification:_identify(.) by extensions ['python_setup_py']
[0.323s] Level 1:colcon.colcon_core.package_identification:_identify(.) by extension 'python_setup_py'
[0.323s] Level 1:colcon.colcon_core.package_identification:_identify(build) by extensions ['ignore', 'ignore_ament_install']
[0.323s] Level 1:colcon.colcon_core.package_identification:_identify(build) by extension 'ignore'
[0.324s] Level 1:colcon.colcon_core.package_identification:_identify(build) ignored
[0.324s] Level 1:colcon.colcon_core.package_identification:_identify(data) by extensions ['ignore', 'ignore_ament_install']
[0.324s] Level 1:colcon.colcon_core.package_identification:_identify(data) by extension 'ignore'
[0.324s] Level 1:colcon.colcon_core.package_identification:_identify(data) by extension 'ignore_ament_install'
[0.324s] Level 1:colcon.colcon_core.package_identification:_identify(data) by extensions ['colcon_pkg']
[0.324s] Level 1:colcon.colcon_core.package_identification:_identify(data) by extension 'colcon_pkg'
[0.324s] Level 1:colcon.colcon_core.package_identification:_identify(data) by extensions ['colcon_meta']
[0.324s] Level 1:colcon.colcon_core.package_identification:_identify(data) by extension 'colcon_meta'
[0.324s] Level 1:colcon.colcon_core.package_identification:_identify(data) by extensions ['ros']
[0.324s] Level 1:colcon.colcon_core.package_identification:_identify(data) by extension 'ros'
[0.325s] Level 1:colcon.colcon_core.package_identification:_identify(data) by extensions ['cmake', 'python']
[0.325s] Level 1:colcon.colcon_core.package_identification:_identify(data) by extension 'cmake'
[0.325s] Level 1:colcon.colcon_core.package_identification:_identify(data) by extension 'python'
[0.325s] Level 1:colcon.colcon_core.package_identification:_identify(data) by extensions ['python_setup_py']
[0.325s] Level 1:colcon.colcon_core.package_identification:_identify(data) by extension 'python_setup_py'
[0.325s] Level 1:colcon.colcon_core.package_identification:_identify(install) by extensions ['ignore', 'ignore_ament_install']
[0.325s] Level 1:colcon.colcon_core.package_identification:_identify(install) by extension 'ignore'
[0.325s] Level 1:colcon.colcon_core.package_identification:_identify(install) ignored
[0.325s] Level 1:colcon.colcon_core.package_identification:_identify(log) by extensions ['ignore', 'ignore_ament_install']
[0.326s] Level 1:colcon.colcon_core.package_identification:_identify(log) by extension 'ignore'
[0.326s] Level 1:colcon.colcon_core.package_identification:_identify(log) ignored
[0.326s] Level 1:colcon.colcon_core.package_identification:_identify(src) by extensions ['ignore', 'ignore_ament_install']
[0.326s] Level 1:colcon.colcon_core.package_identification:_identify(src) by extension 'ignore'
[0.326s] Level 1:colcon.colcon_core.package_identification:_identify(src) by extension 'ignore_ament_install'
[0.326s] Level 1:colcon.colcon_core.package_identification:_identify(src) by extensions ['colcon_pkg']
[0.326s] Level 1:colcon.colcon_core.package_identification:_identify(src) by extension 'colcon_pkg'
[0.326s] Level 1:colcon.colcon_core.package_identification:_identify(src) by extensions ['colcon_meta']
[0.326s] Level 1:colcon.colcon_core.package_identification:_identify(src) by extension 'colcon_meta'
[0.326s] Level 1:colcon.colcon_core.package_identification:_identify(src) by extensions ['ros']
[0.327s] Level 1:colcon.colcon_core.package_identification:_identify(src) by extension 'ros'
[0.327s] Level 1:colcon.colcon_core.package_identification:_identify(src) by extensions ['cmake', 'python']
[0.327s] Level 1:colcon.colcon_core.package_identification:_identify(src) by extension 'cmake'
[0.327s] Level 1:colcon.colcon_core.package_identification:_identify(src) by extension 'python'
[0.327s] Level 1:colcon.colcon_core.package_identification:_identify(src) by extensions ['python_setup_py']
[0.327s] Level 1:colcon.colcon_core.package_identification:_identify(src) by extension 'python_setup_py'
[0.327s] Level 1:colcon.colcon_core.package_identification:_identify(src/calibration) by extensions ['ignore', 'ignore_ament_install']
[0.327s] Level 1:colcon.colcon_core.package_identification:_identify(src/calibration) by extension 'ignore'
[0.327s] Level 1:colcon.colcon_core.package_identification:_identify(src/calibration) by extension 'ignore_ament_install'
[0.327s] Level 1:colcon.colcon_core.package_identification:_identify(src/calibration) by extensions ['colcon_pkg']
[0.328s] Level 1:colcon.colcon_core.package_identification:_identify(src/calibration) by extension 'colcon_pkg'
[0.328s] Level 1:colcon.colcon_core.package_identification:_identify(src/calibration) by extensions ['colcon_meta']
[0.328s] Level 1:colcon.colcon_core.package_identification:_identify(src/calibration) by extension 'colcon_meta'
[0.328s] Level 1:colcon.colcon_core.package_identification:_identify(src/calibration) by extensions ['ros']
[0.328s] Level 1:colcon.colcon_core.package_identification:_identify(src/calibration) by extension 'ros'
[0.332s] DEBUG:colcon.colcon_core.package_identification:Package 'src/calibration' with type 'ros.ament_python' and name 'calibration'
[0.332s] Level 1:colcon.colcon_core.package_identification:_identify(src/centroids) by extensions ['ignore', 'ignore_ament_install']
[0.333s] Level 1:colcon.colcon_core.package_identification:_identify(src/centroids) by extension 'ignore'
[0.333s] Level 1:colcon.colcon_core.package_identification:_identify(src/centroids) by extension 'ignore_ament_install'
[0.333s] Level 1:colcon.colcon_core.package_identification:_identify(src/centroids) by extensions ['colcon_pkg']
[0.333s] Level 1:colcon.colcon_core.package_identification:_identify(src/centroids) by extension 'colcon_pkg'
[0.333s] Level 1:colcon.colcon_core.package_identification:_identify(src/centroids) by extensions ['colcon_meta']
[0.333s] Level 1:colcon.colcon_core.package_identification:_identify(src/centroids) by extension 'colcon_meta'
[0.333s] Level 1:colcon.colcon_core.package_identification:_identify(src/centroids) by extensions ['ros']
[0.333s] Level 1:colcon.colcon_core.package_identification:_identify(src/centroids) by extension 'ros'
[0.334s] DEBUG:colcon.colcon_core.package_identification:Package 'src/centroids' with type 'ros.ament_python' and name 'centroids'
[0.334s] Level 1:colcon.colcon_core.package_identification:_identify(src/laser_segmentation) by extensions ['ignore', 'ignore_ament_install']
[0.334s] Level 1:colcon.colcon_core.package_identification:_identify(src/laser_segmentation) by extension 'ignore'
[0.335s] Level 1:colcon.colcon_core.package_identification:_identify(src/laser_segmentation) by extension 'ignore_ament_install'
[0.335s] Level 1:colcon.colcon_core.package_identification:_identify(src/laser_segmentation) by extensions ['colcon_pkg']
[0.335s] Level 1:colcon.colcon_core.package_identification:_identify(src/laser_segmentation) by extension 'colcon_pkg'
[0.335s] Level 1:colcon.colcon_core.package_identification:_identify(src/laser_segmentation) by extensions ['colcon_meta']
[0.335s] Level 1:colcon.colcon_core.package_identification:_identify(src/laser_segmentation) by extension 'colcon_meta'
[0.335s] Level 1:colcon.colcon_core.package_identification:_identify(src/laser_segmentation) by extensions ['ros']
[0.335s] Level 1:colcon.colcon_core.package_identification:_identify(src/laser_segmentation) by extension 'ros'
[0.337s] DEBUG:colcon.colcon_core.package_identification:Package 'src/laser_segmentation' with type 'ros.ament_cmake' and name 'laser_segmentation'
[0.337s] Level 1:colcon.colcon_core.package_identification:_identify(src/sllidar_ros2) by extensions ['ignore', 'ignore_ament_install']
[0.337s] Level 1:colcon.colcon_core.package_identification:_identify(src/sllidar_ros2) by extension 'ignore'
[0.338s] Level 1:colcon.colcon_core.package_identification:_identify(src/sllidar_ros2) by extension 'ignore_ament_install'
[0.338s] Level 1:colcon.colcon_core.package_identification:_identify(src/sllidar_ros2) by extensions ['colcon_pkg']
[0.338s] Level 1:colcon.colcon_core.package_identification:_identify(src/sllidar_ros2) by extension 'colcon_pkg'
[0.338s] Level 1:colcon.colcon_core.package_identification:_identify(src/sllidar_ros2) by extensions ['colcon_meta']
[0.338s] Level 1:colcon.colcon_core.package_identification:_identify(src/sllidar_ros2) by extension 'colcon_meta'
[0.338s] Level 1:colcon.colcon_core.package_identification:_identify(src/sllidar_ros2) by extensions ['ros']
[0.338s] Level 1:colcon.colcon_core.package_identification:_identify(src/sllidar_ros2) by extension 'ros'
[0.339s] DEBUG:colcon.colcon_core.package_identification:Package 'src/sllidar_ros2' with type 'ros.ament_cmake' and name 'sllidar_ros2'
[0.339s] Level 1:colcon.colcon_core.package_discovery:discover_packages(recursive) using defaults
[0.340s] Level 1:colcon.colcon_core.package_discovery:discover_packages(ignore) discover
[0.340s] Level 1:colcon.colcon_core.package_discovery:discover_packages(ignore) using defaults
[0.340s] Level 1:colcon.colcon_core.package_discovery:discover_packages(path) discover
[0.340s] Level 1:colcon.colcon_core.package_discovery:discover_packages(path) using defaults
[0.379s] Level 1:colcon.colcon_core.package_discovery:discover_packages(prefix_path) check parameters
[0.379s] Level 1:colcon.colcon_core.package_discovery:discover_packages(prefix_path) discover
[0.381s] WARNING:colcon.colcon_ros.prefix_path.catkin:The path '/usr/lib/cmake/opencv4' in the environment variable CMAKE_PREFIX_PATH doesn't exist
[0.383s] DEBUG:colcon.colcon_installed_package_information.package_discovery:Found 5 installed packages in /home/kmw/2025IEVE/lidar_ws/install
[0.385s] DEBUG:colcon.colcon_installed_package_information.package_discovery:Found 285 installed packages in /opt/ros/humble
[0.387s] Level 1:colcon.colcon_core.package_discovery:discover_packages(prefix_path) using defaults
[0.476s] Level 5:colcon.colcon_core.verb:set package 'calibration' build argument 'cmake_args' from command line to 'None'
[0.476s] Level 5:colcon.colcon_core.verb:set package 'calibration' build argument 'cmake_target' from command line to 'None'
[0.476s] Level 5:colcon.colcon_core.verb:set package 'calibration' build argument 'cmake_target_skip_unavailable' from command line to 'False'
[0.476s] Level 5:colcon.colcon_core.verb:set package 'calibration' build argument 'cmake_clean_cache' from command line to 'False'
[0.477s] Level 5:colcon.colcon_core.verb:set package 'calibration' build argument 'cmake_clean_first' from command line to 'False'
[0.477s] Level 5:colcon.colcon_core.verb:set package 'calibration' build argument 'cmake_force_configure' from command line to 'False'
[0.477s] Level 5:colcon.colcon_core.verb:set package 'calibration' build argument 'ament_cmake_args' from command line to 'None'
[0.477s] Level 5:colcon.colcon_core.verb:set package 'calibration' build argument 'catkin_cmake_args' from command line to 'None'
[0.477s] Level 5:colcon.colcon_core.verb:set package 'calibration' build argument 'catkin_skip_building_tests' from command line to 'False'
[0.477s] DEBUG:colcon.colcon_core.verb:Building package 'calibration' with the following arguments: {'ament_cmake_args': None, 'build_base': '/home/kmw/2025IEVE/lidar_ws/build/calibration', 'catkin_cmake_args': None, 'catkin_skip_building_tests': False, 'cmake_args': None, 'cmake_clean_cache': False, 'cmake_clean_first': False, 'cmake_force_configure': False, 'cmake_target': None, 'cmake_target_skip_unavailable': False, 'install_base': '/home/kmw/2025IEVE/lidar_ws/install/calibration', 'merge_install': False, 'path': '/home/kmw/2025IEVE/lidar_ws/src/calibration', 'symlink_install': False, 'test_result_base': None}
[0.478s] Level 5:colcon.colcon_core.verb:set package 'centroids' build argument 'cmake_args' from command line to 'None'
[0.478s] Level 5:colcon.colcon_core.verb:set package 'centroids' build argument 'cmake_target' from command line to 'None'
[0.478s] Level 5:colcon.colcon_core.verb:set package 'centroids' build argument 'cmake_target_skip_unavailable' from command line to 'False'
[0.478s] Level 5:colcon.colcon_core.verb:set package 'centroids' build argument 'cmake_clean_cache' from command line to 'False'
[0.478s] Level 5:colcon.colcon_core.verb:set package 'centroids' build argument 'cmake_clean_first' from command line to 'False'
[0.478s] Level 5:colcon.colcon_core.verb:set package 'centroids' build argument 'cmake_force_configure' from command line to 'False'
[0.478s] Level 5:colcon.colcon_core.verb:set package 'centroids' build argument 'ament_cmake_args' from command line to 'None'
[0.478s] Level 5:colcon.colcon_core.verb:set package 'centroids' build argument 'catkin_cmake_args' from command line to 'None'
[0.478s] Level 5:colcon.colcon_core.verb:set package 'centroids' build argument 'catkin_skip_building_tests' from command line to 'False'
[0.478s] DEBUG:colcon.colcon_core.verb:Building package 'centroids' with the following arguments: {'ament_cmake_args': None, 'build_base': '/home/kmw/2025IEVE/lidar_ws/build/centroids', 'catkin_cmake_args': None, 'catkin_skip_building_tests': False, 'cmake_args': None, 'cmake_clean_cache': False, 'cmake_clean_first': False, 'cmake_force_configure': False, 'cmake_target': None, 'cmake_target_skip_unavailable': False, 'install_base': '/home/kmw/2025IEVE/lidar_ws/install/centroids', 'merge_install': False, 'path': '/home/kmw/2025IEVE/lidar_ws/src/centroids', 'symlink_install': False, 'test_result_base': None}
[0.479s] Level 5:colcon.colcon_core.verb:set package 'laser_segmentation' build argument 'cmake_args' from command line to 'None'
[0.479s] Level 5:colcon.colcon_core.verb:set package 'laser_segmentation' build argument 'cmake_target' from command line to 'None'
[0.479s] Level 5:colcon.colcon_core.verb:set package 'laser_segmentation' build argument 'cmake_target_skip_unavailable' from command line to 'False'
[0.479s] Level 5:colcon.colcon_core.verb:set package 'laser_segmentation' build argument 'cmake_clean_cache' from command line to 'False'
[0.479s] Level 5:colcon.colcon_core.verb:set package 'laser_segmentation' build argument 'cmake_clean_first' from command line to 'False'
[0.479s] Level 5:colcon.colcon_core.verb:set package 'laser_segmentation' build argument 'cmake_force_configure' from command line to 'False'
[0.479s] Level 5:colcon.colcon_core.verb:set package 'laser_segmentation' build argument 'ament_cmake_args' from command line to 'None'
[0.479s] Level 5:colcon.colcon_core.verb:set package 'laser_segmentation' build argument 'catkin_cmake_args' from command line to 'None'
[0.479s] Level 5:colcon.colcon_core.verb:set package 'laser_segmentation' build argument 'catkin_skip_building_tests' from command line to 'False'
[0.479s] DEBUG:colcon.colcon_core.verb:Building package 'laser_segmentation' with the following arguments: {'ament_cmake_args': None, 'build_base': '/home/kmw/2025IEVE/lidar_ws/build/laser_segmentation', 'catkin_cmake_args': None, 'catkin_skip_building_tests': False, 'cmake_args': None, 'cmake_clean_cache': False, 'cmake_clean_first': False, 'cmake_force_configure': False, 'cmake_target': None, 'cmake_target_skip_unavailable': False, 'install_base': '/home/kmw/2025IEVE/lidar_ws/install/laser_segmentation', 'merge_install': False, 'path': '/home/kmw/2025IEVE/lidar_ws/src/laser_segmentation', 'symlink_install': False, 'test_result_base': None}
[0.480s] Level 5:colcon.colcon_core.verb:set package 'sllidar_ros2' build argument 'cmake_args' from command line to 'None'
[0.480s] Level 5:colcon.colcon_core.verb:set package 'sllidar_ros2' build argument 'cmake_target' from command line to 'None'
[0.480s] Level 5:colcon.colcon_core.verb:set package 'sllidar_ros2' build argument 'cmake_target_skip_unavailable' from command line to 'False'
[0.480s] Level 5:colcon.colcon_core.verb:set package 'sllidar_ros2' build argument 'cmake_clean_cache' from command line to 'False'
[0.480s] Level 5:colcon.colcon_core.verb:set package 'sllidar_ros2' build argument 'cmake_clean_first' from command line to 'False'
[0.480s] Level 5:colcon.colcon_core.verb:set package 'sllidar_ros2' build argument 'cmake_force_configure' from command line to 'False'
[0.480s] Level 5:colcon.colcon_core.verb:set package 'sllidar_ros2' build argument 'ament_cmake_args' from command line to 'None'
[0.480s] Level 5:colcon.colcon_core.verb:set package 'sllidar_ros2' build argument 'catkin_cmake_args' from command line to 'None'
[0.480s] Level 5:colcon.colcon_core.verb:set package 'sllidar_ros2' build argument 'catkin_skip_building_tests' from command line to 'False'
[0.480s] DEBUG:colcon.colcon_core.verb:Building package 'sllidar_ros2' with the following arguments: {'ament_cmake_args': None, 'build_base': '/home/kmw/2025IEVE/lidar_ws/build/sllidar_ros2', 'catkin_cmake_args': None, 'catkin_skip_building_tests': False, 'cmake_args': None, 'cmake_clean_cache': False, 'cmake_clean_first': False, 'cmake_force_configure': False, 'cmake_target': None, 'cmake_target_skip_unavailable': False, 'install_base': '/home/kmw/2025IEVE/lidar_ws/install/sllidar_ros2', 'merge_install': False, 'path': '/home/kmw/2025IEVE/lidar_ws/src/sllidar_ros2', 'symlink_install': False, 'test_result_base': None}
[0.481s] INFO:colcon.colcon_core.executor:Executing jobs using 'parallel' executor
[0.483s] DEBUG:colcon.colcon_parallel_executor.executor.parallel:run_until_complete
[0.483s] INFO:colcon.colcon_ros.task.ament_python.build:Building ROS package in '/home/kmw/2025IEVE/lidar_ws/src/calibration' with build type 'ament_python'
[0.484s] Level 1:colcon.colcon_core.shell:create_environment_hook('calibration', 'ament_prefix_path')
[0.487s] INFO:colcon.colcon_core.plugin_system:Skipping extension 'colcon_core.shell.bat': Not used on non-Windows systems
[0.488s] INFO:colcon.colcon_core.shell:Creating environment hook '/home/kmw/2025IEVE/lidar_ws/install/calibration/share/calibration/hook/ament_prefix_path.ps1'
[0.489s] INFO:colcon.colcon_core.shell:Creating environment descriptor '/home/kmw/2025IEVE/lidar_ws/install/calibration/share/calibration/hook/ament_prefix_path.dsv'
[0.490s] INFO:colcon.colcon_core.shell:Creating environment hook '/home/kmw/2025IEVE/lidar_ws/install/calibration/share/calibration/hook/ament_prefix_path.sh'
[0.491s] INFO:colcon.colcon_core.shell:Skip shell extension 'powershell' for command environment: Not usable outside of PowerShell
[0.491s] DEBUG:colcon.colcon_core.shell:Skip shell extension 'dsv' for command environment
[0.498s] INFO:colcon.colcon_ros.task.ament_python.build:Building ROS package in '/home/kmw/2025IEVE/lidar_ws/src/centroids' with build type 'ament_python'
[0.498s] Level 1:colcon.colcon_core.shell:create_environment_hook('centroids', 'ament_prefix_path')
[0.499s] INFO:colcon.colcon_core.shell:Creating environment hook '/home/kmw/2025IEVE/lidar_ws/install/centroids/share/centroids/hook/ament_prefix_path.ps1'
[0.500s] INFO:colcon.colcon_core.shell:Creating environment descriptor '/home/kmw/2025IEVE/lidar_ws/install/centroids/share/centroids/hook/ament_prefix_path.dsv'
[0.501s] INFO:colcon.colcon_core.shell:Creating environment hook '/home/kmw/2025IEVE/lidar_ws/install/centroids/share/centroids/hook/ament_prefix_path.sh'
[0.502s] INFO:colcon.colcon_core.shell:Skip shell extension 'powershell' for command environment: Not usable outside of PowerShell
[0.502s] DEBUG:colcon.colcon_core.shell:Skip shell extension 'dsv' for command environment
[0.508s] INFO:colcon.colcon_ros.task.ament_cmake.build:Building ROS package in '/home/kmw/2025IEVE/lidar_ws/src/laser_segmentation' with build type 'ament_cmake'
[0.509s] INFO:colcon.colcon_cmake.task.cmake.build:Building CMake package in '/home/kmw/2025IEVE/lidar_ws/src/laser_segmentation'
[0.509s] INFO:colcon.colcon_core.shell:Skip shell extension 'powershell' for command environment: Not usable outside of PowerShell
[0.509s] DEBUG:colcon.colcon_core.shell:Skip shell extension 'dsv' for command environment
[0.518s] INFO:colcon.colcon_ros.task.ament_cmake.build:Building ROS package in '/home/kmw/2025IEVE/lidar_ws/src/sllidar_ros2' with build type 'ament_cmake'
[0.519s] INFO:colcon.colcon_cmake.task.cmake.build:Building CMake package in '/home/kmw/2025IEVE/lidar_ws/src/sllidar_ros2'
[0.520s] INFO:colcon.colcon_core.shell:Skip shell extension 'powershell' for command environment: Not usable outside of PowerShell
[0.520s] DEBUG:colcon.colcon_core.shell:Skip shell extension 'dsv' for command environment
[1.096s] INFO:colcon.colcon_core.task.python.build:Building Python package in '/home/kmw/2025IEVE/lidar_ws/src/calibration'
[1.097s] INFO:colcon.colcon_core.shell:Skip shell extension 'powershell' for command environment: Not usable outside of PowerShell
[1.097s] DEBUG:colcon.colcon_core.shell:Skip shell extension 'dsv' for command environment
[1.644s] INFO:colcon.colcon_core.task.python.build:Building Python package in '/home/kmw/2025IEVE/lidar_ws/src/centroids'
[1.645s] INFO:colcon.colcon_core.shell:Skip shell extension 'powershell' for command environment: Not usable outside of PowerShell
[1.645s] DEBUG:colcon.colcon_core.shell:Skip shell extension 'dsv' for command environment
[1.665s] DEBUG:colcon.colcon_core.event_handler.log_command:Invoking command in '/home/kmw/2025IEVE/lidar_ws/build/laser_segmentation': CMAKE_PREFIX_PATH=${CMAKE_PREFIX_PATH}:/home/kmw/2025IEVE/lidar_ws/install/calibration:/home/kmw/2025IEVE/lidar_ws/install/sllidar_ros2:/home/kmw/2025IEVE/lidar_ws/install/laser_segmentation:/home/kmw/2025IEVE/lidar_ws/install/centroids:/home/kmw/2025IEVE/lidar_ws/install/centeroids:/opt/ros/humble /usr/bin/cmake --build /home/kmw/2025IEVE/lidar_ws/build/laser_segmentation -- -j8 -l8
[1.686s] DEBUG:colcon.colcon_core.event_handler.log_command:Invoking command in '/home/kmw/2025IEVE/lidar_ws/build/sllidar_ros2': CMAKE_PREFIX_PATH=${CMAKE_PREFIX_PATH}:/home/kmw/2025IEVE/lidar_ws/install/calibration:/home/kmw/2025IEVE/lidar_ws/install/sllidar_ros2:/home/kmw/2025IEVE/lidar_ws/install/laser_segmentation:/home/kmw/2025IEVE/lidar_ws/install/centroids:/home/kmw/2025IEVE/lidar_ws/install/centeroids:/opt/ros/humble /usr/bin/cmake --build /home/kmw/2025IEVE/lidar_ws/build/sllidar_ros2 -- -j8 -l8
[1.964s] DEBUG:colcon.colcon_core.event_handler.log_command:Invoked command in '/home/kmw/2025IEVE/lidar_ws/build/sllidar_ros2' returned '0': CMAKE_PREFIX_PATH=${CMAKE_PREFIX_PATH}:/home/kmw/2025IEVE/lidar_ws/install/calibration:/home/kmw/2025IEVE/lidar_ws/install/sllidar_ros2:/home/kmw/2025IEVE/lidar_ws/install/laser_segmentation:/home/kmw/2025IEVE/lidar_ws/install/centroids:/home/kmw/2025IEVE/lidar_ws/install/centeroids:/opt/ros/humble /usr/bin/cmake --build /home/kmw/2025IEVE/lidar_ws/build/sllidar_ros2 -- -j8 -l8
[2.001s] DEBUG:colcon.colcon_core.event_handler.log_command:Invoking command in '/home/kmw/2025IEVE/lidar_ws/build/sllidar_ros2': CMAKE_PREFIX_PATH=${CMAKE_PREFIX_PATH}:/home/kmw/2025IEVE/lidar_ws/install/calibration:/home/kmw/2025IEVE/lidar_ws/install/sllidar_ros2:/home/kmw/2025IEVE/lidar_ws/install/laser_segmentation:/home/kmw/2025IEVE/lidar_ws/install/centroids:/home/kmw/2025IEVE/lidar_ws/install/centeroids:/opt/ros/humble /usr/bin/cmake --install /home/kmw/2025IEVE/lidar_ws/build/sllidar_ros2
[2.058s] DEBUG:colcon.colcon_core.event_handler.log_command:Invoked command in '/home/kmw/2025IEVE/lidar_ws/build/laser_segmentation' returned '0': CMAKE_PREFIX_PATH=${CMAKE_PREFIX_PATH}:/home/kmw/2025IEVE/lidar_ws/install/calibration:/home/kmw/2025IEVE/lidar_ws/install/sllidar_ros2:/home/kmw/2025IEVE/lidar_ws/install/laser_segmentation:/home/kmw/2025IEVE/lidar_ws/install/centroids:/home/kmw/2025IEVE/lidar_ws/install/centeroids:/opt/ros/humble /usr/bin/cmake --build /home/kmw/2025IEVE/lidar_ws/build/laser_segmentation -- -j8 -l8
[2.062s] DEBUG:colcon.colcon_core.event_handler.log_command:Invoking command in '/home/kmw/2025IEVE/lidar_ws/build/laser_segmentation': CMAKE_PREFIX_PATH=${CMAKE_PREFIX_PATH}:/home/kmw/2025IEVE/lidar_ws/install/calibration:/home/kmw/2025IEVE/lidar_ws/install/sllidar_ros2:/home/kmw/2025IEVE/lidar_ws/install/laser_segmentation:/home/kmw/2025IEVE/lidar_ws/install/centroids:/home/kmw/2025IEVE/lidar_ws/install/centeroids:/opt/ros/humble /usr/bin/cmake --install /home/kmw/2025IEVE/lidar_ws/build/laser_segmentation
[2.064s] Level 1:colcon.colcon_core.environment:create_environment_scripts_only(sllidar_ros2)
[2.066s] DEBUG:colcon.colcon_core.event_handler.log_command:Invoked command in '/home/kmw/2025IEVE/lidar_ws/build/sllidar_ros2' returned '0': CMAKE_PREFIX_PATH=${CMAKE_PREFIX_PATH}:/home/kmw/2025IEVE/lidar_ws/install/calibration:/home/kmw/2025IEVE/lidar_ws/install/sllidar_ros2:/home/kmw/2025IEVE/lidar_ws/install/laser_segmentation:/home/kmw/2025IEVE/lidar_ws/install/centroids:/home/kmw/2025IEVE/lidar_ws/install/centeroids:/opt/ros/humble /usr/bin/cmake --install /home/kmw/2025IEVE/lidar_ws/build/sllidar_ros2
[2.078s] Level 1:colcon.colcon_core.environment:checking '/home/kmw/2025IEVE/lidar_ws/install/sllidar_ros2' for CMake module files
[2.081s] Level 1:colcon.colcon_core.environment:checking '/home/kmw/2025IEVE/lidar_ws/install/sllidar_ros2' for CMake config files
[2.083s] Level 1:colcon.colcon_core.shell:create_environment_hook('sllidar_ros2', 'cmake_prefix_path')
[2.084s] INFO:colcon.colcon_core.shell:Creating environment hook '/home/kmw/2025IEVE/lidar_ws/install/sllidar_ros2/share/sllidar_ros2/hook/cmake_prefix_path.ps1'
[2.086s] INFO:colcon.colcon_core.shell:Creating environment descriptor '/home/kmw/2025IEVE/lidar_ws/install/sllidar_ros2/share/sllidar_ros2/hook/cmake_prefix_path.dsv'
[2.091s] INFO:colcon.colcon_core.shell:Creating environment hook '/home/kmw/2025IEVE/lidar_ws/install/sllidar_ros2/share/sllidar_ros2/hook/cmake_prefix_path.sh'
[2.104s] Level 1:colcon.colcon_core.environment:checking '/home/kmw/2025IEVE/lidar_ws/install/sllidar_ros2/lib'
[2.106s] Level 1:colcon.colcon_core.environment:checking '/home/kmw/2025IEVE/lidar_ws/install/sllidar_ros2/bin'
[2.106s] Level 1:colcon.colcon_core.environment:checking '/home/kmw/2025IEVE/lidar_ws/install/sllidar_ros2/lib/pkgconfig/sllidar_ros2.pc'
[2.107s] Level 1:colcon.colcon_core.environment:checking '/home/kmw/2025IEVE/lidar_ws/install/sllidar_ros2/lib/python3.10/site-packages'
[2.108s] Level 1:colcon.colcon_core.environment:checking '/home/kmw/2025IEVE/lidar_ws/install/sllidar_ros2/bin'
[2.109s] INFO:colcon.colcon_core.shell:Creating package script '/home/kmw/2025IEVE/lidar_ws/install/sllidar_ros2/share/sllidar_ros2/package.ps1'
[2.111s] INFO:colcon.colcon_core.shell:Creating package descriptor '/home/kmw/2025IEVE/lidar_ws/install/sllidar_ros2/share/sllidar_ros2/package.dsv'
[2.114s] INFO:colcon.colcon_core.shell:Creating package script '/home/kmw/2025IEVE/lidar_ws/install/sllidar_ros2/share/sllidar_ros2/package.sh'
[2.116s] INFO:colcon.colcon_core.shell:Creating package script '/home/kmw/2025IEVE/lidar_ws/install/sllidar_ros2/share/sllidar_ros2/package.bash'
[2.118s] INFO:colcon.colcon_core.shell:Creating package script '/home/kmw/2025IEVE/lidar_ws/install/sllidar_ros2/share/sllidar_ros2/package.zsh'
[2.120s] Level 1:colcon.colcon_core.environment:create_file_with_runtime_dependencies(/home/kmw/2025IEVE/lidar_ws/install/sllidar_ros2/share/colcon-core/packages/sllidar_ros2)
[2.122s] Level 1:colcon.colcon_core.environment:create_environment_scripts_only(sllidar_ros2)
[2.122s] Level 1:colcon.colcon_core.environment:checking '/home/kmw/2025IEVE/lidar_ws/install/sllidar_ros2' for CMake module files
[2.124s] Level 1:colcon.colcon_core.environment:checking '/home/kmw/2025IEVE/lidar_ws/install/sllidar_ros2' for CMake config files
[2.125s] Level 1:colcon.colcon_core.shell:create_environment_hook('sllidar_ros2', 'cmake_prefix_path')
[2.126s] INFO:colcon.colcon_core.shell:Creating environment hook '/home/kmw/2025IEVE/lidar_ws/install/sllidar_ros2/share/sllidar_ros2/hook/cmake_prefix_path.ps1'
[2.127s] INFO:colcon.colcon_core.shell:Creating environment descriptor '/home/kmw/2025IEVE/lidar_ws/install/sllidar_ros2/share/sllidar_ros2/hook/cmake_prefix_path.dsv'
[2.128s] INFO:colcon.colcon_core.shell:Creating environment hook '/home/kmw/2025IEVE/lidar_ws/install/sllidar_ros2/share/sllidar_ros2/hook/cmake_prefix_path.sh'
[2.130s] Level 1:colcon.colcon_core.environment:checking '/home/kmw/2025IEVE/lidar_ws/install/sllidar_ros2/lib'
[2.130s] Level 1:colcon.colcon_core.environment:checking '/home/kmw/2025IEVE/lidar_ws/install/sllidar_ros2/bin'
[2.130s] Level 1:colcon.colcon_core.environment:checking '/home/kmw/2025IEVE/lidar_ws/install/sllidar_ros2/lib/pkgconfig/sllidar_ros2.pc'
[2.131s] Level 1:colcon.colcon_core.environment:checking '/home/kmw/2025IEVE/lidar_ws/install/sllidar_ros2/lib/python3.10/site-packages'
[2.131s] Level 1:colcon.colcon_core.environment:checking '/home/kmw/2025IEVE/lidar_ws/install/sllidar_ros2/bin'
[2.132s] INFO:colcon.colcon_core.shell:Creating package script '/home/kmw/2025IEVE/lidar_ws/install/sllidar_ros2/share/sllidar_ros2/package.ps1'
[2.134s] INFO:colcon.colcon_core.shell:Creating package descriptor '/home/kmw/2025IEVE/lidar_ws/install/sllidar_ros2/share/sllidar_ros2/package.dsv'
[2.135s] INFO:colcon.colcon_core.shell:Creating package script '/home/kmw/2025IEVE/lidar_ws/install/sllidar_ros2/share/sllidar_ros2/package.sh'
[2.136s] INFO:colcon.colcon_core.shell:Creating package script '/home/kmw/2025IEVE/lidar_ws/install/sllidar_ros2/share/sllidar_ros2/package.bash'
[2.137s] INFO:colcon.colcon_core.shell:Creating package script '/home/kmw/2025IEVE/lidar_ws/install/sllidar_ros2/share/sllidar_ros2/package.zsh'
[2.138s] Level 1:colcon.colcon_core.environment:create_file_with_runtime_dependencies(/home/kmw/2025IEVE/lidar_ws/install/sllidar_ros2/share/colcon-core/packages/sllidar_ros2)
[2.141s] Level 1:colcon.colcon_core.environment:create_environment_scripts_only(laser_segmentation)
[2.142s] Level 1:colcon.colcon_core.environment:checking '/home/kmw/2025IEVE/lidar_ws/install/laser_segmentation' for CMake module files
[2.144s] DEBUG:colcon.colcon_core.event_handler.log_command:Invoked command in '/home/kmw/2025IEVE/lidar_ws/build/laser_segmentation' returned '0': CMAKE_PREFIX_PATH=${CMAKE_PREFIX_PATH}:/home/kmw/2025IEVE/lidar_ws/install/calibration:/home/kmw/2025IEVE/lidar_ws/install/sllidar_ros2:/home/kmw/2025IEVE/lidar_ws/install/laser_segmentation:/home/kmw/2025IEVE/lidar_ws/install/centroids:/home/kmw/2025IEVE/lidar_ws/install/centeroids:/opt/ros/humble /usr/bin/cmake --install /home/kmw/2025IEVE/lidar_ws/build/laser_segmentation
[2.145s] Level 1:colcon.colcon_core.environment:checking '/home/kmw/2025IEVE/lidar_ws/install/laser_segmentation' for CMake config files
[2.147s] Level 1:colcon.colcon_core.shell:create_environment_hook('laser_segmentation', 'cmake_prefix_path')
[2.148s] INFO:colcon.colcon_core.shell:Creating environment hook '/home/kmw/2025IEVE/lidar_ws/install/laser_segmentation/share/laser_segmentation/hook/cmake_prefix_path.ps1'
[2.149s] INFO:colcon.colcon_core.shell:Creating environment descriptor '/home/kmw/2025IEVE/lidar_ws/install/laser_segmentation/share/laser_segmentation/hook/cmake_prefix_path.dsv'
[2.150s] INFO:colcon.colcon_core.shell:Creating environment hook '/home/kmw/2025IEVE/lidar_ws/install/laser_segmentation/share/laser_segmentation/hook/cmake_prefix_path.sh'
[2.152s] Level 1:colcon.colcon_core.environment:checking '/home/kmw/2025IEVE/lidar_ws/install/laser_segmentation/lib'
[2.153s] Level 1:colcon.colcon_core.shell:create_environment_hook('laser_segmentation', 'ld_library_path_lib')
[2.153s] INFO:colcon.colcon_core.shell:Creating environment hook '/home/kmw/2025IEVE/lidar_ws/install/laser_segmentation/share/laser_segmentation/hook/ld_library_path_lib.ps1'
[2.155s] INFO:colcon.colcon_core.shell:Creating environment descriptor '/home/kmw/2025IEVE/lidar_ws/install/laser_segmentation/share/laser_segmentation/hook/ld_library_path_lib.dsv'
[2.156s] INFO:colcon.colcon_core.shell:Creating environment hook '/home/kmw/2025IEVE/lidar_ws/install/laser_segmentation/share/laser_segmentation/hook/ld_library_path_lib.sh'
[2.157s] Level 1:colcon.colcon_core.environment:checking '/home/kmw/2025IEVE/lidar_ws/install/laser_segmentation/bin'
[2.158s] Level 1:colcon.colcon_core.environment:checking '/home/kmw/2025IEVE/lidar_ws/install/laser_segmentation/lib/pkgconfig/laser_segmentation.pc'
[2.158s] Level 1:colcon.colcon_core.environment:checking '/home/kmw/2025IEVE/lidar_ws/install/laser_segmentation/lib/python3.10/site-packages'
[2.159s] Level 1:colcon.colcon_core.environment:checking '/home/kmw/2025IEVE/lidar_ws/install/laser_segmentation/bin'
[2.160s] INFO:colcon.colcon_core.shell:Creating package script '/home/kmw/2025IEVE/lidar_ws/install/laser_segmentation/share/laser_segmentation/package.ps1'
[2.162s] INFO:colcon.colcon_core.shell:Creating package descriptor '/home/kmw/2025IEVE/lidar_ws/install/laser_segmentation/share/laser_segmentation/package.dsv'
[2.163s] INFO:colcon.colcon_core.shell:Creating package script '/home/kmw/2025IEVE/lidar_ws/install/laser_segmentation/share/laser_segmentation/package.sh'
[2.165s] INFO:colcon.colcon_core.shell:Creating package script '/home/kmw/2025IEVE/lidar_ws/install/laser_segmentation/share/laser_segmentation/package.bash'
[2.166s] INFO:colcon.colcon_core.shell:Creating package script '/home/kmw/2025IEVE/lidar_ws/install/laser_segmentation/share/laser_segmentation/package.zsh'
[2.167s] Level 1:colcon.colcon_core.environment:create_file_with_runtime_dependencies(/home/kmw/2025IEVE/lidar_ws/install/laser_segmentation/share/colcon-core/packages/laser_segmentation)
[2.169s] Level 1:colcon.colcon_core.environment:create_environment_scripts_only(laser_segmentation)
[2.170s] Level 1:colcon.colcon_core.environment:checking '/home/kmw/2025IEVE/lidar_ws/install/laser_segmentation' for CMake module files
[2.173s] Level 1:colcon.colcon_core.environment:checking '/home/kmw/2025IEVE/lidar_ws/install/laser_segmentation' for CMake config files
[2.174s] Level 1:colcon.colcon_core.shell:create_environment_hook('laser_segmentation', 'cmake_prefix_path')
[2.175s] INFO:colcon.colcon_core.shell:Creating environment hook '/home/kmw/2025IEVE/lidar_ws/install/laser_segmentation/share/laser_segmentation/hook/cmake_prefix_path.ps1'
[2.176s] INFO:colcon.colcon_core.shell:Creating environment descriptor '/home/kmw/2025IEVE/lidar_ws/install/laser_segmentation/share/laser_segmentation/hook/cmake_prefix_path.dsv'
[2.178s] INFO:colcon.colcon_core.shell:Creating environment hook '/home/kmw/2025IEVE/lidar_ws/install/laser_segmentation/share/laser_segmentation/hook/cmake_prefix_path.sh'
[2.181s] Level 1:colcon.colcon_core.environment:checking '/home/kmw/2025IEVE/lidar_ws/install/laser_segmentation/lib'
[2.182s] Level 1:colcon.colcon_core.shell:create_environment_hook('laser_segmentation', 'ld_library_path_lib')
[2.183s] INFO:colcon.colcon_core.shell:Creating environment hook '/home/kmw/2025IEVE/lidar_ws/install/laser_segmentation/share/laser_segmentation/hook/ld_library_path_lib.ps1'
[2.185s] INFO:colcon.colcon_core.shell:Creating environment descriptor '/home/kmw/2025IEVE/lidar_ws/install/laser_segmentation/share/laser_segmentation/hook/ld_library_path_lib.dsv'
[2.187s] INFO:colcon.colcon_core.shell:Creating environment hook '/home/kmw/2025IEVE/lidar_ws/install/laser_segmentation/share/laser_segmentation/hook/ld_library_path_lib.sh'
[2.189s] Level 1:colcon.colcon_core.environment:checking '/home/kmw/2025IEVE/lidar_ws/install/laser_segmentation/bin'
[2.189s] Level 1:colcon.colcon_core.environment:checking '/home/kmw/2025IEVE/lidar_ws/install/laser_segmentation/lib/pkgconfig/laser_segmentation.pc'
[2.191s] Level 1:colcon.colcon_core.environment:checking '/home/kmw/2025IEVE/lidar_ws/install/laser_segmentation/lib/python3.10/site-packages'
[2.192s] Level 1:colcon.colcon_core.environment:checking '/home/kmw/2025IEVE/lidar_ws/install/laser_segmentation/bin'
[2.193s] INFO:colcon.colcon_core.shell:Creating package script '/home/kmw/2025IEVE/lidar_ws/install/laser_segmentation/share/laser_segmentation/package.ps1'
[2.198s] INFO:colcon.colcon_core.shell:Creating package descriptor '/home/kmw/2025IEVE/lidar_ws/install/laser_segmentation/share/laser_segmentation/package.dsv'
[2.201s] INFO:colcon.colcon_core.shell:Creating package script '/home/kmw/2025IEVE/lidar_ws/install/laser_segmentation/share/laser_segmentation/package.sh'
[2.203s] INFO:colcon.colcon_core.shell:Creating package script '/home/kmw/2025IEVE/lidar_ws/install/laser_segmentation/share/laser_segmentation/package.bash'
[2.205s] INFO:colcon.colcon_core.shell:Creating package script '/home/kmw/2025IEVE/lidar_ws/install/laser_segmentation/share/laser_segmentation/package.zsh'
[2.207s] Level 1:colcon.colcon_core.environment:create_file_with_runtime_dependencies(/home/kmw/2025IEVE/lidar_ws/install/laser_segmentation/share/colcon-core/packages/laser_segmentation)
[3.921s] DEBUG:colcon.colcon_core.event_handler.log_command:Invoking command in '/home/kmw/2025IEVE/lidar_ws/src/centroids': PYTHONPATH=/home/kmw/2025IEVE/lidar_ws/build/centroids/prefix_override:/usr/lib/python3/dist-packages/colcon_core/task/python/colcon_distutils_commands:/home/kmw/2025IEVE/lidar_ws/install/centroids/lib/python3.10/site-packages:${PYTHONPATH} /usr/bin/python3 -W ignore:setup.py install is deprecated -W ignore:easy_install command is deprecated setup.py egg_info --egg-base ../../build/centroids build --build-base /home/kmw/2025IEVE/lidar_ws/build/centroids/build install --record /home/kmw/2025IEVE/lidar_ws/build/centroids/install.log --single-version-externally-managed install_data
[3.924s] DEBUG:colcon.colcon_core.event_handler.log_command:Invoking command in '/home/kmw/2025IEVE/lidar_ws/src/calibration': PYTHONPATH=/home/kmw/2025IEVE/lidar_ws/build/calibration/prefix_override:/usr/lib/python3/dist-packages/colcon_core/task/python/colcon_distutils_commands:/home/kmw/2025IEVE/lidar_ws/install/calibration/lib/python3.10/site-packages:${PYTHONPATH} /usr/bin/python3 -W ignore:setup.py install is deprecated -W ignore:easy_install command is deprecated setup.py egg_info --egg-base ../../build/calibration build --build-base /home/kmw/2025IEVE/lidar_ws/build/calibration/build install --record /home/kmw/2025IEVE/lidar_ws/build/calibration/install.log --single-version-externally-managed install_data
[5.177s] Level 1:colcon.colcon_core.environment:checking '/home/kmw/2025IEVE/lidar_ws/install/centroids' for CMake module files
[5.180s] DEBUG:colcon.colcon_core.event_handler.log_command:Invoked command in '/home/kmw/2025IEVE/lidar_ws/src/centroids' returned '0': PYTHONPATH=/home/kmw/2025IEVE/lidar_ws/build/centroids/prefix_override:/usr/lib/python3/dist-packages/colcon_core/task/python/colcon_distutils_commands:/home/kmw/2025IEVE/lidar_ws/install/centroids/lib/python3.10/site-packages:${PYTHONPATH} /usr/bin/python3 -W ignore:setup.py install is deprecated -W ignore:easy_install command is deprecated setup.py egg_info --egg-base ../../build/centroids build --build-base /home/kmw/2025IEVE/lidar_ws/build/centroids/build install --record /home/kmw/2025IEVE/lidar_ws/build/centroids/install.log --single-version-externally-managed install_data
[5.181s] Level 1:colcon.colcon_core.environment:checking '/home/kmw/2025IEVE/lidar_ws/install/centroids' for CMake config files
[5.182s] Level 1:colcon.colcon_core.environment:checking '/home/kmw/2025IEVE/lidar_ws/install/centroids/lib'
[5.183s] Level 1:colcon.colcon_core.environment:checking '/home/kmw/2025IEVE/lidar_ws/install/centroids/bin'
[5.183s] Level 1:colcon.colcon_core.environment:checking '/home/kmw/2025IEVE/lidar_ws/install/centroids/lib/pkgconfig/centroids.pc'
[5.184s] Level 1:colcon.colcon_core.environment:checking '/home/kmw/2025IEVE/lidar_ws/install/centroids/lib/python3.10/site-packages'
[5.184s] Level 1:colcon.colcon_core.shell:create_environment_hook('centroids', 'pythonpath')
[5.185s] INFO:colcon.colcon_core.shell:Creating environment hook '/home/kmw/2025IEVE/lidar_ws/install/centroids/share/centroids/hook/pythonpath.ps1'
[5.186s] INFO:colcon.colcon_core.shell:Creating environment descriptor '/home/kmw/2025IEVE/lidar_ws/install/centroids/share/centroids/hook/pythonpath.dsv'
[5.187s] INFO:colcon.colcon_core.shell:Creating environment hook '/home/kmw/2025IEVE/lidar_ws/install/centroids/share/centroids/hook/pythonpath.sh'
[5.189s] Level 1:colcon.colcon_core.environment:checking '/home/kmw/2025IEVE/lidar_ws/install/centroids/bin'
[5.189s] Level 1:colcon.colcon_core.environment:create_environment_scripts_only(centroids)
[5.190s] INFO:colcon.colcon_core.shell:Creating package script '/home/kmw/2025IEVE/lidar_ws/install/centroids/share/centroids/package.ps1'
[5.194s] INFO:colcon.colcon_core.shell:Creating package descriptor '/home/kmw/2025IEVE/lidar_ws/install/centroids/share/centroids/package.dsv'
[5.195s] INFO:colcon.colcon_core.shell:Creating package script '/home/kmw/2025IEVE/lidar_ws/install/centroids/share/centroids/package.sh'
[5.197s] INFO:colcon.colcon_core.shell:Creating package script '/home/kmw/2025IEVE/lidar_ws/install/centroids/share/centroids/package.bash'
[5.199s] INFO:colcon.colcon_core.shell:Creating package script '/home/kmw/2025IEVE/lidar_ws/install/centroids/share/centroids/package.zsh'
[5.200s] Level 1:colcon.colcon_core.environment:create_file_with_runtime_dependencies(/home/kmw/2025IEVE/lidar_ws/install/centroids/share/colcon-core/packages/centroids)
[5.323s] Level 1:colcon.colcon_core.environment:checking '/home/kmw/2025IEVE/lidar_ws/install/calibration' for CMake module files
[5.326s] DEBUG:colcon.colcon_core.event_handler.log_command:Invoked command in '/home/kmw/2025IEVE/lidar_ws/src/calibration' returned '0': PYTHONPATH=/home/kmw/2025IEVE/lidar_ws/build/calibration/prefix_override:/usr/lib/python3/dist-packages/colcon_core/task/python/colcon_distutils_commands:/home/kmw/2025IEVE/lidar_ws/install/calibration/lib/python3.10/site-packages:${PYTHONPATH} /usr/bin/python3 -W ignore:setup.py install is deprecated -W ignore:easy_install command is deprecated setup.py egg_info --egg-base ../../build/calibration build --build-base /home/kmw/2025IEVE/lidar_ws/build/calibration/build install --record /home/kmw/2025IEVE/lidar_ws/build/calibration/install.log --single-version-externally-managed install_data
[5.328s] Level 1:colcon.colcon_core.environment:checking '/home/kmw/2025IEVE/lidar_ws/install/calibration' for CMake config files
[5.330s] Level 1:colcon.colcon_core.environment:checking '/home/kmw/2025IEVE/lidar_ws/install/calibration/lib'
[5.330s] Level 1:colcon.colcon_core.environment:checking '/home/kmw/2025IEVE/lidar_ws/install/calibration/bin'
[5.331s] Level 1:colcon.colcon_core.environment:checking '/home/kmw/2025IEVE/lidar_ws/install/calibration/lib/pkgconfig/calibration.pc'
[5.332s] Level 1:colcon.colcon_core.environment:checking '/home/kmw/2025IEVE/lidar_ws/install/calibration/lib/python3.10/site-packages'
[5.332s] Level 1:colcon.colcon_core.shell:create_environment_hook('calibration', 'pythonpath')
[5.333s] INFO:colcon.colcon_core.shell:Creating environment hook '/home/kmw/2025IEVE/lidar_ws/install/calibration/share/calibration/hook/pythonpath.ps1'
[5.335s] INFO:colcon.colcon_core.shell:Creating environment descriptor '/home/kmw/2025IEVE/lidar_ws/install/calibration/share/calibration/hook/pythonpath.dsv'
[5.336s] INFO:colcon.colcon_core.shell:Creating environment hook '/home/kmw/2025IEVE/lidar_ws/install/calibration/share/calibration/hook/pythonpath.sh'
[5.338s] Level 1:colcon.colcon_core.environment:checking '/home/kmw/2025IEVE/lidar_ws/install/calibration/bin'
[5.338s] Level 1:colcon.colcon_core.environment:create_environment_scripts_only(calibration)
[5.339s] INFO:colcon.colcon_core.shell:Creating package script '/home/kmw/2025IEVE/lidar_ws/install/calibration/share/calibration/package.ps1'
[5.341s] INFO:colcon.colcon_core.shell:Creating package descriptor '/home/kmw/2025IEVE/lidar_ws/install/calibration/share/calibration/package.dsv'
[5.342s] INFO:colcon.colcon_core.shell:Creating package script '/home/kmw/2025IEVE/lidar_ws/install/calibration/share/calibration/package.sh'
[5.344s] INFO:colcon.colcon_core.shell:Creating package script '/home/kmw/2025IEVE/lidar_ws/install/calibration/share/calibration/package.bash'
[5.345s] INFO:colcon.colcon_core.shell:Creating package script '/home/kmw/2025IEVE/lidar_ws/install/calibration/share/calibration/package.zsh'
[5.346s] Level 1:colcon.colcon_core.environment:create_file_with_runtime_dependencies(/home/kmw/2025IEVE/lidar_ws/install/calibration/share/colcon-core/packages/calibration)
[5.347s] DEBUG:colcon.colcon_parallel_executor.executor.parallel:closing loop
[5.348s] DEBUG:colcon.colcon_parallel_executor.executor.parallel:loop closed
[5.348s] DEBUG:colcon.colcon_parallel_executor.executor.parallel:run_until_complete finished with '0'
[5.348s] DEBUG:colcon.colcon_core.event_reactor:joining thread
[5.364s] INFO:colcon.colcon_core.plugin_system:Skipping extension 'colcon_notification.desktop_notification.terminal_notifier': Not used on non-Darwin systems
[5.364s] INFO:colcon.colcon_core.plugin_system:Skipping extension 'colcon_notification.desktop_notification.win32': Not used on non-Windows systems
[5.364s] INFO:colcon.colcon_notification.desktop_notification:Sending desktop notification using 'notify2'
[5.395s] DEBUG:colcon.colcon_core.event_reactor:joined thread
[5.396s] INFO:colcon.colcon_core.shell:Creating prefix script '/home/kmw/2025IEVE/lidar_ws/install/local_setup.ps1'
[5.399s] INFO:colcon.colcon_core.shell:Creating prefix util module '/home/kmw/2025IEVE/lidar_ws/install/_local_setup_util_ps1.py'
[5.405s] INFO:colcon.colcon_core.shell:Creating prefix chain script '/home/kmw/2025IEVE/lidar_ws/install/setup.ps1'
[5.411s] INFO:colcon.colcon_core.shell:Creating prefix script '/home/kmw/2025IEVE/lidar_ws/install/local_setup.sh'
[5.414s] INFO:colcon.colcon_core.shell:Creating prefix util module '/home/kmw/2025IEVE/lidar_ws/install/_local_setup_util_sh.py'
[5.420s] INFO:colcon.colcon_core.shell:Creating prefix chain script '/home/kmw/2025IEVE/lidar_ws/install/setup.sh'
[5.427s] INFO:colcon.colcon_core.shell:Creating prefix script '/home/kmw/2025IEVE/lidar_ws/install/local_setup.bash'
[5.432s] INFO:colcon.colcon_core.shell:Creating prefix chain script '/home/kmw/2025IEVE/lidar_ws/install/setup.bash'
[5.438s] INFO:colcon.colcon_core.shell:Creating prefix script '/home/kmw/2025IEVE/lidar_ws/install/local_setup.zsh'
[5.442s] INFO:colcon.colcon_core.shell:Creating prefix chain script '/home/kmw/2025IEVE/lidar_ws/install/setup.zsh'
