[1.245s] Invoking command in '/home/kmw/2025IEVE/lidar_ws/build/sllidar_ros2': CMAKE_PREFIX_PATH=${CMAKE_PREFIX_PATH}:/home/kmw/2025IEVE/lidar_ws/install/centroids:/home/kmw/2025IEVE/lidar_ws/install/centeroids:/opt/ros/humble /usr/bin/cmake --build /home/kmw/2025IEVE/lidar_ws/build/sllidar_ros2 -- -j8 -l8
[1.370s] -- Found ament_cmake: 1.3.10 (/opt/ros/humble/share/ament_cmake/cmake)
[2.218s] -- Found rclcpp: 16.0.11 (/opt/ros/humble/share/rclcpp/cmake)
[2.359s] -- Found rosidl_generator_c: 3.1.6 (/opt/ros/humble/share/rosidl_generator_c/cmake)
[2.370s] -- Found rosidl_adapter: 3.1.6 (/opt/ros/humble/share/rosidl_adapter/cmake)
[2.397s] -- Found rosidl_generator_cpp: 3.1.6 (/opt/ros/humble/share/rosidl_generator_cpp/cmake)
[2.448s] -- Using all available rosidl_typesupport_c: rosidl_typesupport_fastrtps_c;rosidl_typesupport_introspection_c
[2.524s] -- Using all available rosidl_typesupport_cpp: rosidl_typesupport_fastrtps_cpp;rosidl_typesupport_introspection_cpp
[2.752s] -- Found rmw_implementation_cmake: 6.1.2 (/opt/ros/humble/share/rmw_implementation_cmake/cmake)
[2.764s] -- Found rmw_fastrtps_cpp: 6.2.7 (/opt/ros/humble/share/rmw_fastrtps_cpp/cmake)
[3.304s] -- Using RMW implementation 'rmw_fastrtps_cpp' as default
[3.561s] -- Found sensor_msgs: 4.2.4 (/opt/ros/humble/share/sensor_msgs/cmake)
[3.675s] -- Found std_srvs: 4.2.4 (/opt/ros/humble/share/std_srvs/cmake)
[4.285s] -- Configuring done
[4.352s] -- Generating done
[4.372s] -- Build files have been written to: /home/kmw/2025IEVE/lidar_ws/build/sllidar_ros2
[4.458s] [35m[1mConsolidate compiler generated dependencies of target sllidar_client[0m
[4.488s] [35m[1mConsolidate compiler generated dependencies of target sllidar_node[0m
[4.519s] [ 10%] Built target sllidar_client
[4.595s] [100%] Built target sllidar_node
[4.627s] Invoked command in '/home/kmw/2025IEVE/lidar_ws/build/sllidar_ros2' returned '0': CMAKE_PREFIX_PATH=${CMAKE_PREFIX_PATH}:/home/kmw/2025IEVE/lidar_ws/install/centroids:/home/kmw/2025IEVE/lidar_ws/install/centeroids:/opt/ros/humble /usr/bin/cmake --build /home/kmw/2025IEVE/lidar_ws/build/sllidar_ros2 -- -j8 -l8
[4.658s] Invoking command in '/home/kmw/2025IEVE/lidar_ws/build/sllidar_ros2': CMAKE_PREFIX_PATH=${CMAKE_PREFIX_PATH}:/home/kmw/2025IEVE/lidar_ws/install/centroids:/home/kmw/2025IEVE/lidar_ws/install/centeroids:/opt/ros/humble /usr/bin/cmake --install /home/kmw/2025IEVE/lidar_ws/build/sllidar_ros2
[4.683s] -- Install configuration: ""
[4.683s] -- Up-to-date: /home/kmw/2025IEVE/lidar_ws/install/sllidar_ros2/share/sllidar_ros2/launch
[4.684s] -- Installing: /home/kmw/2025IEVE/lidar_ws/install/sllidar_ros2/share/sllidar_ros2/launch/view_sllidar_s2e_launch.py
[4.685s] -- Installing: /home/kmw/2025IEVE/lidar_ws/install/sllidar_ros2/share/sllidar_ros2/launch/sllidar_a2m8_launch.py
[4.685s] -- Installing: /home/kmw/2025IEVE/lidar_ws/install/sllidar_ros2/share/sllidar_ros2/launch/view_sllidar_s1_tcp_launch.py
[4.686s] -- Installing: /home/kmw/2025IEVE/lidar_ws/install/sllidar_ros2/share/sllidar_ros2/launch/sllidar_a2m12_launch .py
[4.686s] -- Installing: /home/kmw/2025IEVE/lidar_ws/install/sllidar_ros2/share/sllidar_ros2/launch/sllidar_c1_launch.py
[4.687s] -- Installing: /home/kmw/2025IEVE/lidar_ws/install/sllidar_ros2/share/sllidar_ros2/launch/view_sllidar_a1_launch.py
[4.687s] -- Installing: /home/kmw/2025IEVE/lidar_ws/install/sllidar_ros2/share/sllidar_ros2/launch/view_sllidar_s3_launch.py
[4.688s] -- Installing: /home/kmw/2025IEVE/lidar_ws/install/sllidar_ros2/share/sllidar_ros2/launch/sllidar_s2_launch.py
[4.689s] -- Installing: /home/kmw/2025IEVE/lidar_ws/install/sllidar_ros2/share/sllidar_ros2/launch/sllidar_a2m7_launch.py
[4.689s] -- Installing: /home/kmw/2025IEVE/lidar_ws/install/sllidar_ros2/share/sllidar_ros2/launch/sllidar_a3_launch.py
[4.690s] -- Installing: /home/kmw/2025IEVE/lidar_ws/install/sllidar_ros2/share/sllidar_ros2/launch/view_sllidar_a2m12_launch.py
[4.690s] -- Installing: /home/kmw/2025IEVE/lidar_ws/install/sllidar_ros2/share/sllidar_ros2/launch/sllidar_a1_launch.py
[4.691s] -- Installing: /home/kmw/2025IEVE/lidar_ws/install/sllidar_ros2/share/sllidar_ros2/launch/view_sllidar_t1_launch.py
[4.691s] -- Installing: /home/kmw/2025IEVE/lidar_ws/install/sllidar_ros2/share/sllidar_ros2/launch/view_sllidar_s1_launch.py
[4.692s] -- Installing: /home/kmw/2025IEVE/lidar_ws/install/sllidar_ros2/share/sllidar_ros2/launch/sllidar_s1_tcp_launch.py
[4.692s] -- Installing: /home/kmw/2025IEVE/lidar_ws/install/sllidar_ros2/share/sllidar_ros2/launch/sllidar_s3_launch.py
[4.692s] -- Installing: /home/kmw/2025IEVE/lidar_ws/install/sllidar_ros2/share/sllidar_ros2/launch/sllidar_s1_launch.py
[4.693s] -- Installing: /home/kmw/2025IEVE/lidar_ws/install/sllidar_ros2/share/sllidar_ros2/launch/view_sllidar_c1_launch.py
[4.693s] -- Installing: /home/kmw/2025IEVE/lidar_ws/install/sllidar_ros2/share/sllidar_ros2/launch/sllidar_s2e_launch.py
[4.694s] -- Installing: /home/kmw/2025IEVE/lidar_ws/install/sllidar_ros2/share/sllidar_ros2/launch/view_sllidar_a2m7_launch.py
[4.694s] -- Installing: /home/kmw/2025IEVE/lidar_ws/install/sllidar_ros2/share/sllidar_ros2/launch/view_sllidar_a3_launch.py
[4.694s] -- Installing: /home/kmw/2025IEVE/lidar_ws/install/sllidar_ros2/share/sllidar_ros2/launch/sllidar_t1_launch.py
[4.695s] -- Installing: /home/kmw/2025IEVE/lidar_ws/install/sllidar_ros2/share/sllidar_ros2/launch/view_sllidar_a2m8_launch.py
[4.695s] -- Installing: /home/kmw/2025IEVE/lidar_ws/install/sllidar_ros2/share/sllidar_ros2/launch/view_sllidar_s2_launch.py
[4.696s] -- Up-to-date: /home/kmw/2025IEVE/lidar_ws/install/sllidar_ros2/share/sllidar_ros2/rviz
[4.696s] -- Installing: /home/kmw/2025IEVE/lidar_ws/install/sllidar_ros2/share/sllidar_ros2/rviz/sllidar_ros2.rviz
[4.696s] -- Up-to-date: /home/kmw/2025IEVE/lidar_ws/install/sllidar_ros2/lib/sllidar_ros2/sllidar_node
[4.697s] -- Up-to-date: /home/kmw/2025IEVE/lidar_ws/install/sllidar_ros2/lib/sllidar_ros2/sllidar_client
[4.698s] -- Up-to-date: /home/kmw/2025IEVE/lidar_ws/install/sllidar_ros2/share/ament_index/resource_index/package_run_dependencies/sllidar_ros2
[4.698s] -- Installing: /home/kmw/2025IEVE/lidar_ws/install/sllidar_ros2/share/ament_index/resource_index/parent_prefix_path/sllidar_ros2
[4.699s] -- Installing: /home/kmw/2025IEVE/lidar_ws/install/sllidar_ros2/share/sllidar_ros2/environment/ament_prefix_path.sh
[4.700s] -- Installing: /home/kmw/2025IEVE/lidar_ws/install/sllidar_ros2/share/sllidar_ros2/environment/ament_prefix_path.dsv
[4.700s] -- Installing: /home/kmw/2025IEVE/lidar_ws/install/sllidar_ros2/share/sllidar_ros2/environment/path.sh
[4.701s] -- Installing: /home/kmw/2025IEVE/lidar_ws/install/sllidar_ros2/share/sllidar_ros2/environment/path.dsv
[4.701s] -- Up-to-date: /home/kmw/2025IEVE/lidar_ws/install/sllidar_ros2/share/sllidar_ros2/local_setup.bash
[4.702s] -- Up-to-date: /home/kmw/2025IEVE/lidar_ws/install/sllidar_ros2/share/sllidar_ros2/local_setup.sh
[4.702s] -- Up-to-date: /home/kmw/2025IEVE/lidar_ws/install/sllidar_ros2/share/sllidar_ros2/local_setup.zsh
[4.702s] -- Installing: /home/kmw/2025IEVE/lidar_ws/install/sllidar_ros2/share/sllidar_ros2/local_setup.dsv
[4.703s] -- Installing: /home/kmw/2025IEVE/lidar_ws/install/sllidar_ros2/share/sllidar_ros2/package.dsv
[4.703s] -- Up-to-date: /home/kmw/2025IEVE/lidar_ws/install/sllidar_ros2/share/ament_index/resource_index/packages/sllidar_ros2
[4.703s] -- Up-to-date: /home/kmw/2025IEVE/lidar_ws/install/sllidar_ros2/share/sllidar_ros2/cmake/ament_cmake_export_dependencies-extras.cmake
[4.704s] -- Up-to-date: /home/kmw/2025IEVE/lidar_ws/install/sllidar_ros2/share/sllidar_ros2/cmake/ament_cmake_export_include_directories-extras.cmake
[4.704s] -- Up-to-date: /home/kmw/2025IEVE/lidar_ws/install/sllidar_ros2/share/sllidar_ros2/cmake/sllidar_ros2Config.cmake
[4.704s] -- Up-to-date: /home/kmw/2025IEVE/lidar_ws/install/sllidar_ros2/share/sllidar_ros2/cmake/sllidar_ros2Config-version.cmake
[4.705s] -- Installing: /home/kmw/2025IEVE/lidar_ws/install/sllidar_ros2/share/sllidar_ros2/package.xml
[4.710s] Invoked command in '/home/kmw/2025IEVE/lidar_ws/build/sllidar_ros2' returned '0': CMAKE_PREFIX_PATH=${CMAKE_PREFIX_PATH}:/home/kmw/2025IEVE/lidar_ws/install/centroids:/home/kmw/2025IEVE/lidar_ws/install/centeroids:/opt/ros/humble /usr/bin/cmake --install /home/kmw/2025IEVE/lidar_ws/build/sllidar_ros2
