[3.440s] Invoking command in '/home/kmw/2025IEVE/lidar_ws/src/calibration': PYTHONPATH=/home/kmw/2025IEVE/lidar_ws/build/calibration/prefix_override:/usr/lib/python3/dist-packages/colcon_core/task/python/colcon_distutils_commands:/home/kmw/2025IEVE/lidar_ws/install/calibration/lib/python3.10/site-packages:${PYTHONPATH} /usr/bin/python3 -W ignore:setup.py install is deprecated -W ignore:easy_install command is deprecated setup.py egg_info --egg-base ../../build/calibration build --build-base /home/kmw/2025IEVE/lidar_ws/build/calibration/build install --record /home/kmw/2025IEVE/lidar_ws/build/calibration/install.log --single-version-externally-managed install_data
[3.840s] /home/kmw/miniconda3/envs/ros2_py310/lib/python3.10/site-packages/setuptools/_distutils/dist.py:268: UserWarning: Unknown distribution option: 'tests_require'
[3.840s]   warnings.warn(msg)
[4.096s] running egg_info
[4.142s] writing ../../build/calibration/calibration.egg-info/PKG-INFO
[4.143s] writing dependency_links to ../../build/calibration/calibration.egg-info/dependency_links.txt
[4.144s] writing entry points to ../../build/calibration/calibration.egg-info/entry_points.txt
[4.144s] writing requirements to ../../build/calibration/calibration.egg-info/requires.txt
[4.145s] writing top-level names to ../../build/calibration/calibration.egg-info/top_level.txt
[4.240s] reading manifest file '../../build/calibration/calibration.egg-info/SOURCES.txt'
[4.242s] writing manifest file '../../build/calibration/calibration.egg-info/SOURCES.txt'
[4.243s] running build
[4.243s] running build_py
[4.243s] copying calibration/lidar_to_camera.py -> /home/kmw/2025IEVE/lidar_ws/build/calibration/build/lib/calibration
[4.243s] copying calibration/__init__.py -> /home/kmw/2025IEVE/lidar_ws/build/calibration/build/lib/calibration
[4.244s] copying calibration/camera_node.py -> /home/kmw/2025IEVE/lidar_ws/build/calibration/build/lib/calibration
[4.244s] copying calibration/lidar_point.py -> /home/kmw/2025IEVE/lidar_ws/build/calibration/build/lib/calibration
[4.245s] running install
[4.255s] running install_lib
[4.295s] copying /home/kmw/2025IEVE/lidar_ws/build/calibration/build/lib/calibration/lidar_to_camera.py -> /home/kmw/2025IEVE/lidar_ws/install/calibration/lib/python3.10/site-packages/calibration
[4.296s] copying /home/kmw/2025IEVE/lidar_ws/build/calibration/build/lib/calibration/camera_node.py -> /home/kmw/2025IEVE/lidar_ws/install/calibration/lib/python3.10/site-packages/calibration
[4.297s] byte-compiling /home/kmw/2025IEVE/lidar_ws/install/calibration/lib/python3.10/site-packages/calibration/lidar_to_camera.py to lidar_to_camera.cpython-310.pyc
[4.298s] byte-compiling /home/kmw/2025IEVE/lidar_ws/install/calibration/lib/python3.10/site-packages/calibration/camera_node.py to camera_node.cpython-310.pyc
[4.299s] running install_data
[4.300s] copying resource/calibration -> /home/kmw/2025IEVE/lidar_ws/install/calibration/share/ament_index/resource_index/packages
[4.300s] copying package.xml -> /home/kmw/2025IEVE/lidar_ws/install/calibration/share/calibration
[4.300s] running install_egg_info
[4.340s] removing '/home/kmw/2025IEVE/lidar_ws/install/calibration/lib/python3.10/site-packages/calibration-0.0.0-py3.10.egg-info' (and everything under it)
[4.341s] Copying ../../build/calibration/calibration.egg-info to /home/kmw/2025IEVE/lidar_ws/install/calibration/lib/python3.10/site-packages/calibration-0.0.0-py3.10.egg-info
[4.342s] running install_scripts
[4.708s] Installing camera script to /home/kmw/2025IEVE/lidar_ws/install/calibration/lib/calibration
[4.709s] Installing lidar_point script to /home/kmw/2025IEVE/lidar_ws/install/calibration/lib/calibration
[4.709s] Installing lidar_to_camera script to /home/kmw/2025IEVE/lidar_ws/install/calibration/lib/calibration
[4.709s] writing list of installed files to '/home/kmw/2025IEVE/lidar_ws/build/calibration/install.log'
[4.841s] Invoked command in '/home/kmw/2025IEVE/lidar_ws/src/calibration' returned '0': PYTHONPATH=/home/kmw/2025IEVE/lidar_ws/build/calibration/prefix_override:/usr/lib/python3/dist-packages/colcon_core/task/python/colcon_distutils_commands:/home/kmw/2025IEVE/lidar_ws/install/calibration/lib/python3.10/site-packages:${PYTHONPATH} /usr/bin/python3 -W ignore:setup.py install is deprecated -W ignore:easy_install command is deprecated setup.py egg_info --egg-base ../../build/calibration build --build-base /home/kmw/2025IEVE/lidar_ws/build/calibration/build install --record /home/kmw/2025IEVE/lidar_ws/build/calibration/install.log --single-version-externally-managed install_data
